Warning[205] C:\USERS\BRUNO.MASOLLER\MPLABXPROJECTS\OBLIGATORIO.X\OBLIGATORIO - PARTE4 - NORMALIZACION DE TEMPERATURA.ASM 20 : Found directive in column 1. (cblock)
Warning[205] C:\USERS\BRUNO.MASOLLER\MPLABXPROJECTS\OBLIGATORIO.X\OBLIGATORIO - PARTE4 - NORMALIZACION DE TEMPERATURA.ASM 60 : Found directive in column 1. (ENDC)
Warning[205] C:\USERS\BRUNO.MASOLLER\MPLABXPROJECTS\OBLIGATORIO.X\OBLIGATORIO - PARTE4 - NORMALIZACION DE TEMPERATURA.ASM 63 : Found directive in column 1. (org)
Warning[203] C:\USERS\BRUNO.MASOLLER\MPLABXPROJECTS\OBLIGATORIO.X\OBLIGATORIO - PARTE4 - NORMALIZACION DE TEMPERATURA.ASM 64 : Found opcode in column 1. (goto)
Warning[205] C:\USERS\BRUNO.MASOLLER\MPLABXPROJECTS\OBLIGATORIO.X\OBLIGATORIO - PARTE4 - NORMALIZACION DE TEMPERATURA.ASM 66 : Found directive in column 1. (org)
Warning[203] C:\USERS\BRUNO.MASOLLER\MPLABXPROJECTS\OBLIGATORIO.X\OBLIGATORIO - PARTE4 - NORMALIZACION DE TEMPERATURA.ASM 67 : Found opcode in column 1. (goto)
Message[302] C:\USERS\BRUNO.MASOLLER\MPLABXPROJECTS\OBLIGATORIO.X\OBLIGATORIO - PARTE4 - NORMALIZACION DE TEMPERATURA.ASM 97 : Register in operand not in bank 0.  Ensure that bank bits are correct.
Message[302] C:\USERS\BRUNO.MASOLLER\MPLABXPROJECTS\OBLIGATORIO.X\OBLIGATORIO - PARTE4 - NORMALIZACION DE TEMPERATURA.ASM 98 : Register in operand not in bank 0.  Ensure that bank bits are correct.
Message[302] C:\USERS\BRUNO.MASOLLER\MPLABXPROJECTS\OBLIGATORIO.X\OBLIGATORIO - PARTE4 - NORMALIZACION DE TEMPERATURA.ASM 100 : Register in operand not in bank 0.  Ensure that bank bits are correct.
Message[302] C:\USERS\BRUNO.MASOLLER\MPLABXPROJECTS\OBLIGATORIO.X\OBLIGATORIO - PARTE4 - NORMALIZACION DE TEMPERATURA.ASM 101 : Register in operand not in bank 0.  Ensure that bank bits are correct.
Message[302] C:\USERS\BRUNO.MASOLLER\MPLABXPROJECTS\OBLIGATORIO.X\OBLIGATORIO - PARTE4 - NORMALIZACION DE TEMPERATURA.ASM 107 : Register in operand not in bank 0.  Ensure that bank bits are correct.
Message[302] C:\USERS\BRUNO.MASOLLER\MPLABXPROJECTS\OBLIGATORIO.X\OBLIGATORIO - PARTE4 - NORMALIZACION DE TEMPERATURA.ASM 109 : Register in operand not in bank 0.  Ensure that bank bits are correct.
Message[302] C:\USERS\BRUNO.MASOLLER\MPLABXPROJECTS\OBLIGATORIO.X\OBLIGATORIO - PARTE4 - NORMALIZACION DE TEMPERATURA.ASM 122 : Register in operand not in bank 0.  Ensure that bank bits are correct.
Message[302] C:\USERS\BRUNO.MASOLLER\MPLABXPROJECTS\OBLIGATORIO.X\OBLIGATORIO - PARTE4 - NORMALIZACION DE TEMPERATURA.ASM 124 : Register in operand not in bank 0.  Ensure that bank bits are correct.
Message[302] C:\USERS\BRUNO.MASOLLER\MPLABXPROJECTS\OBLIGATORIO.X\OBLIGATORIO - PARTE4 - NORMALIZACION DE TEMPERATURA.ASM 126 : Register in operand not in bank 0.  Ensure that bank bits are correct.
Message[302] C:\USERS\BRUNO.MASOLLER\MPLABXPROJECTS\OBLIGATORIO.X\OBLIGATORIO - PARTE4 - NORMALIZACION DE TEMPERATURA.ASM 129 : Register in operand not in bank 0.  Ensure that bank bits are correct.
Message[302] C:\USERS\BRUNO.MASOLLER\MPLABXPROJECTS\OBLIGATORIO.X\OBLIGATORIO - PARTE4 - NORMALIZACION DE TEMPERATURA.ASM 132 : Register in operand not in bank 0.  Ensure that bank bits are correct.
Message[302] C:\USERS\BRUNO.MASOLLER\MPLABXPROJECTS\OBLIGATORIO.X\OBLIGATORIO - PARTE4 - NORMALIZACION DE TEMPERATURA.ASM 133 : Register in operand not in bank 0.  Ensure that bank bits are correct.
Message[302] C:\USERS\BRUNO.MASOLLER\MPLABXPROJECTS\OBLIGATORIO.X\OBLIGATORIO - PARTE4 - NORMALIZACION DE TEMPERATURA.ASM 139 : Register in operand not in bank 0.  Ensure that bank bits are correct.
Warning[207] C:\USERS\BRUNO.MASOLLER\MPLABXPROJECTS\OBLIGATORIO.X\OBLIGATORIO - PARTE4 - NORMALIZACION DE TEMPERATURA.ASM 352 : Found label after column 1. (multiplicar_loop)
Warning[207] C:\USERS\BRUNO.MASOLLER\MPLABXPROJECTS\OBLIGATORIO.X\OBLIGATORIO - PARTE4 - NORMALIZACION DE TEMPERATURA.ASM 372 : Found label after column 1. (loop_dividir)
Warning[207] C:\USERS\BRUNO.MASOLLER\MPLABXPROJECTS\OBLIGATORIO.X\OBLIGATORIO - PARTE4 - NORMALIZACION DE TEMPERATURA.ASM 393 : Found label after column 1. (restar_dividir)
Warning[205] C:\USERS\BRUNO.MASOLLER\MPLABXPROJECTS\OBLIGATORIO.X\OBLIGATORIO - PARTE4 - NORMALIZACION DE TEMPERATURA.ASM 516 : Found directive in column 1. (end)
