MPASM 5.84  OBLIGATORIO - PARTE1 - CONVERSIO   11-19-2019  17:06:31         PAGE  1


LOC  OBJECT CODE     LINE SOURCE TEXT
  VALUE

                      00001 ; PIC16F887 Configuration Bit Settings
                      00002 ; Assembly source line config statements
                      00003 #include "p16f887.inc"
                      00001         LIST
                      00002 
                      00003 ;==========================================================================
                      00004 ; Build date : Mar 17 2019
                      00005 ;  MPASM PIC16F887 processor include
                      00006 ; 
                      00007 ;  (c) Copyright 1999-2019 Microchip Technology, All rights reserved
                      00008 ;==========================================================================
                      00009 
                      00810         LIST
                      00004     
                      00005 ; Bits de configuracion
                      00006 
                      00007 ; CONFIG1
                      00008 ; __config 0xE0C2
2007   20C2           00009  __CONFIG _CONFIG1, _FOSC_HS & _WDTE_OFF & _PWRTE_ON & _MCLRE_OFF & _CP_OFF & _CPD_OFF & _BOREN_OFF & _I
                            ESO_OFF & _FCMEN_OFF & _LVP_OFF
                      00010 ; CONFIG2
                      00011 ; __config 0xFEFF
2008   3EFF           00012  __CONFIG _CONFIG2, _BOR4V_BOR21V & _WRT_OFF
                      00013 
                      00014 ; Organizacion de la memoria EEPROM.
                      00015 ; 0x30 -> Flag que indica si está usado el buffer o no.
                      00016 ; 0x31 -> Puntero actual del buffer.
                      00017 ; 0x40 - 0x49 -> Buffer.
                      00018     
                      00019 ; Organizacion de la memoria de datos 
Warning[205]: Found directive in column 1. (cblock)
                      00020 cblock 0x20     ; Comienzo a escribir la memoria de datos en la direccion 0x20
                      00021 ; Definicion de variables
  00000020            00022     W_TEMP ; 0X20
  00000021            00023     STATUS_TEMP ; 0X21
  00000022            00024     CONTADOR_1 ; 0x22
  00000023            00025     CONTADOR_2 ; 0x23
  00000024            00026     CONTADOR_3 ;0x24
  00000025            00027     VALOR_CONVERSION  ; 0x25
  00000026            00028     CONTADOR_TIMER1 ; 0x26
  00000027            00029     SIGUIENTE_PUNTERO ; 0X27
                      00030 
Warning[205]: Found directive in column 1. (ENDC)
                      00031 endc
                      00032    
                      00033 ;Organizacion de la memoria de programacion
Warning[205]: Found directive in column 1. (org)
                      00034 org 0x0000
Warning[203]: Found opcode in column 1. (goto)
0000   2???           00035 goto main
                      00036 
Warning[205]: Found directive in column 1. (org)
                      00037 org 0x0004
MPASM 5.84  OBLIGATORIO - PARTE1 - CONVERSIO   11-19-2019  17:06:31         PAGE  2


LOC  OBJECT CODE     LINE SOURCE TEXT
  VALUE

Warning[203]: Found opcode in column 1. (goto)
0004   2???           00038 goto interrupt
                      00039 
                      00040 ;;;;;;;;;;;;;;;;;;;;;;;;;;;;; PROGRAMA PRINCIPAL ;;;;;;;;;;;;;;;;;;;;;;;;;;;;;;
                      00041         
0005                  00042 main
0005   2???           00043     call configuracion_inicial
                      00044     
0006                  00045 mainloop
0006   2???           00046     call realizar_conversion
0007   2???           00047     goto mainloop
                      00048         
                      00049 ;;;;;;;;;;;;;;;;;;;;;;;;;;;;; RUTINA DE INTERRUPCION ;;;;;;;;;;;;;;;;;;;;;;;;;;
                      00050 
0008                  00051 interrupt
0008   2???           00052     call guardar_contexto
                      00053 
                      00054     ; Identifico la interrupcion.
0009   1283 1303      00055     banksel PIR1
000B   180C           00056     btfsc PIR1, TMR1IF ; Interrupcion timer1?
000C   2???           00057     call interrupt_tmr1
                      00058 
000D   1283 1303      00059     banksel PIR2
000F   1A0D           00060     btfsc PIR2, EEIF; Interrupcion escritura?
0010   2???           00061     call interrupt_eeprom
                      00062 
0011   2???           00063     call cargar_contexto
0012   0009           00064     retfie ; interrupt
                      00065         
                      00066 ;;;;;;;;;;;;;;;;;;;;;;;;;;;;; CONFIGURACION INICIAL ;;;;;;;;;;;;;;;;;;;;;;;;;;;
                      00067 
0013                  00068 configuracion_inicial   
                      00069     ; Configuro las entradas de voltaje analogicas (PUERTOA).
0013   1683 1303      00070     banksel TRISA
Message[302]: Register in operand not in bank 0.  Ensure that bank bits are correct.
0015   1405           00071     bsf TRISA, 0 ; Seteo RA0 como entrada (perilla analogica)
Message[302]: Register in operand not in bank 0.  Ensure that bank bits are correct.
0016   1485           00072     bsf TRISA, 1 ; Seteo RA1 como entrada (perilla analógica)
0017   1683 1703      00073     banksel ANSEL
Message[302]: Register in operand not in bank 0.  Ensure that bank bits are correct.
0019   1408           00074     bsf ANSEL, 0 ; Seto el puerto RA0 como analogico.
Message[302]: Register in operand not in bank 0.  Ensure that bank bits are correct.
001A   1488           00075     bsf ANSEL, 1 ; Seto el puerto RA1 como analogico.
                      00076 
                      00077     ; Configuracion de la conversión analógica.
001B   1683 1303      00078     banksel ADCON1
Message[302]: Register in operand not in bank 0.  Ensure that bank bits are correct.
001D   019F           00079     clrf ADCON1 ; ADFM = Left justified | VCFG1 = Vss | VCFG0 = Vdd     
                      00080     ; Configuración del reloj y encendido del conversor analogico.
001E   1283 1303      00081     banksel ADCON0 
0020   3081           00082     movlw b'10000001'
0021   009F           00083     movwf ADCON0 ; ADCS = Fosc/32 (TAD: 1.6(x10^-6)s) | ADON = ADC is enabled.
                      00084 
MPASM 5.84  OBLIGATORIO - PARTE1 - CONVERSIO   11-19-2019  17:06:31         PAGE  3


LOC  OBJECT CODE     LINE SOURCE TEXT
  VALUE

                      00085     ; Configuro las interrupciones.
0022   178B           00086     bsf INTCON, GIE ; Global interrupt enable bit.
0023   170B           00087     bsf INTCON, PEIE ; Pheripheral interrupt enable bit.
                      00088         
                      00089     ; Chequeo inicial de la memoria EEPROM.
0024   3030           00090     movlw 0x30
0025   2???           00091     call leer_memoria
0026   3C77           00092     sublw 0x77
0027   1D03           00093     btfss STATUS, Z
0028   2???           00094     goto $+2
0029   2???           00095     call inicializar_eeprom
                      00096         
                      00097     ; Configuro el timer1.
002A   1683 1303      00098     banksel PIE1 ;  Timer1 Overflow Interrupt Enable bit
Message[302]: Register in operand not in bank 0.  Ensure that bank bits are correct.
002C   140C           00099     bsf PIE1, TMR1IE    
002D   1283 1303      00100     banksel PIR1
002F   100C           00101     bcf PIR1, TMR1IF ; Timer1 Overflow Interrupt Flag bit
0030   1283 1303      00102     banksel T1CON
0032   1090           00103     bcf T1CON, TMR1CS ; Timer1 Clock Source Select bit = Clock
                      00104     ; Configurar preescaler timer1(1:8)
0033   1610           00105     bsf T1CON, T1CKPS0
0034   1690           00106     bsf T1CON, T1CKPS1
0035   1010           00107     bcf T1CON, TMR1ON ; Encender el timer.
                      00108     ; Reinicio el contador tmr1.
0036   2???           00109     call re_iniciar_contador1
                      00110     ; Reinicio el timer1.
0037   2???           00111     call re_iniciar_timer1
                      00112         
0038   0008           00113     return ; configurar_puertos
                      00114 
                      00115 ;;;;;;;;;;;;;;;;;;;;;;;;;;;;; RUTINAS PROGRAMA PRINCIPAL ;;;;;;;;;;;;;;;;;;;;;;
                      00116 
                      00117 ; Inicializa la memoria EEPROM.
0039                  00118 inicializar_eeprom
                      00119     ; Inicializo la flag de memoria inicializada.
                      00120     ; Cargo 0x30 (Puntero flag del buffer)
0039   3030           00121     movlw 0x30
003A   1283 1703      00122     banksel EEADR
Message[302]: Register in operand not in bank 0.  Ensure that bank bits are correct.
003C   008D           00123     movwf EEADR
                      00124     ; Cargo el dato que indica que está inicializada la memoria.
003D   3077           00125     movlw 0x77
003E   1283 1703      00126     banksel EEDAT
Message[302]: Register in operand not in bank 0.  Ensure that bank bits are correct.
0040   008C           00127     movwf EEDAT
                      00128     ; Guardo el valor de w en memoria.
0041   2???           00129     call guardar_memoria
                      00130 
                      00131     ; Inicializo el puntero inicial del donde arranca el buffer.
                      00132     ; Cargo 0x31 (SIGUIENTE_PUNTERO)
0042   3031           00133     movlw 0x31
0043   1283 1703      00134     banksel EEADR
MPASM 5.84  OBLIGATORIO - PARTE1 - CONVERSIO   11-19-2019  17:06:31         PAGE  4


LOC  OBJECT CODE     LINE SOURCE TEXT
  VALUE

Message[302]: Register in operand not in bank 0.  Ensure that bank bits are correct.
0045   008D           00135     movwf EEADR
                      00136     ; Cargo el dato que indica que está inicializada la memoria.
0046   3040           00137     movlw 0x40
0047   1283 1703      00138     banksel EEDAT
Message[302]: Register in operand not in bank 0.  Ensure that bank bits are correct.
0049   008C           00139     movwf EEDAT
                      00140     ; Guardo el valor de w en memoria.
004A   2???           00141     call guardar_memoria
                      00142 
004B   0008           00143     return ; inicializar_eeprom
                      00144 
                      00145 ; Guarda el valor de VALOR_CONVERSION en el buffer circular.
004C                  00146 guardar_memoria_VALOR_CONVERSION
                      00147     ; Cargo SIGUIENTE_PUNTERO e impacto en memoria.
004C   2???           00148     call obtener_siguiente_puntero
                      00149     ; Cargo el dato de VALOR_CONVERSION en EEDAT.
004D   1283 1303      00150     banksel VALOR_CONVERSION
004F   0825           00151     movf VALOR_CONVERSION, w
0050   1283 1703      00152     banksel EEDAT
Message[302]: Register in operand not in bank 0.  Ensure that bank bits are correct.
0052   008C           00153     movwf EEDAT
                      00154     ; Cargo el puntero de SIGUIENTE_PUNTERO en EEADR.
0053   1283 1303      00155     banksel SIGUIENTE_PUNTERO
0055   0827           00156     movf SIGUIENTE_PUNTERO, w
0056   1283 1703      00157     banksel EEADR
Message[302]: Register in operand not in bank 0.  Ensure that bank bits are correct.
0058   008D           00158     movwf EEADR
                      00159     ; Guardo el valor de w en memoria.
0059   2???           00160     call guardar_memoria
                      00161 
005A   0008           00162     return ; guardar_memoria_VALOR_CONVERSION
                      00163 
                      00164 ; Obtiene y guarda el siguiente puntero del buffer en memoria.  
005B                  00165 obtener_siguiente_puntero
                      00166     ; Cargo 0X31 (Puntero de SIGUIENTE_PUNTERO) en EEADR
005B   3031           00167     movlw 0x31
005C   1283 1703      00168     banksel EEADR
Message[302]: Register in operand not in bank 0.  Ensure that bank bits are correct.
005E   008D           00169     movwf EEADR
                      00170     ; Cargo el valor de memoria en w.
005F   2???           00171     call leer_memoria
                      00172 
                      00173     ; Sumo 1 al puntero.
0060   3E01           00174     addlw d'1'
0061   1283 1303      00175     banksel SIGUIENTE_PUNTERO
0063   00A7           00176     movwf SIGUIENTE_PUNTERO
                      00177 
                      00178     ; Chequeo que no me pase del buffer.
0064   3C49           00179     sublw 0x49
                      00180     ; INICIO IF
0065   1803           00181             btfsc STATUS, C
                      00182             ; w <= 0x49 THEN
MPASM 5.84  OBLIGATORIO - PARTE1 - CONVERSIO   11-19-2019  17:06:31         PAGE  5


LOC  OBJECT CODE     LINE SOURCE TEXT
  VALUE

0066   2???           00183             goto $+3
                      00184             ; ELSE
0067   3040           00185             movlw 0x40
0068   00A7           00186             movwf SIGUIENTE_PUNTERO
                      00187     ; FIN IF
                      00188 
                      00189     ; Cargo el dato de SIGUIENTE_PUNTERO en EEDAT.
0069   0827           00190     movf SIGUIENTE_PUNTERO, w
006A   1283 1703      00191     banksel EEDAT
Message[302]: Register in operand not in bank 0.  Ensure that bank bits are correct.
006C   008C           00192     movwf EEDAT
                      00193     ; Cargo el puntero de SIGUIENTE_PUNTERO en EEADR.
006D   3031           00194     movlw 0x31
006E   1283 1703      00195     banksel EEADR
Message[302]: Register in operand not in bank 0.  Ensure that bank bits are correct.
0070   008D           00196     movwf EEADR
                      00197     ; Guardo el valor de w en memoria.
0071   2???           00198     call guardar_memoria        
                      00199 
0072   0008           00200     return ; obtener_siguiente_puntero
                      00201 
                      00202 ; Leo un valor ya seteado en EEADR de memoria en w.
0073                  00203 leer_memoria
0073   1283 1703      00204     banksel EEADR
Message[302]: Register in operand not in bank 0.  Ensure that bank bits are correct.
0075   008D           00205     movwf EEADR ; Cargo la dirección.
                      00206 
0076   1683 1703      00207     banksel EECON1
Message[302]: Register in operand not in bank 0.  Ensure that bank bits are correct.
0078   138C           00208     bcf EECON1, EEPGD ; Apunto a la EEPROM
Message[302]: Register in operand not in bank 0.  Ensure that bank bits are correct.
0079   140C           00209     bsf EECON1, RD ; Activo la lectura.
007A   1283 1703      00210     banksel EEDAT
Message[302]: Register in operand not in bank 0.  Ensure that bank bits are correct.
007C   080C           00211     movf EEDAT, w ; Guardo el valor en w.
                      00212 
007D   0008           00213     return ; leer_memoria
                      00214 
007E                  00215 guardar_memoria
007E   1683 1703      00216     banksel EECON1
Message[302]: Register in operand not in bank 0.  Ensure that bank bits are correct.
0080   138C           00217     bcf EECON1, EEPGD ; Apunto a la EEPROM
Message[302]: Register in operand not in bank 0.  Ensure that bank bits are correct.
0081   150C           00218     bsf EECON1, WREN ; Activo la escritura.
                      00219 
0082   138B           00220     bcf INTCON, GIE ; Desactivo interrupciones.
0083   1B8B           00221     btfsc INTCON, GIE
0084   2???           00222     goto $-2
                      00223 
                      00224     ; SECCION INTOCABLE
0085   3055           00225     movlw 0x55
Message[302]: Register in operand not in bank 0.  Ensure that bank bits are correct.
0086   008D           00226     movwf EECON2
MPASM 5.84  OBLIGATORIO - PARTE1 - CONVERSIO   11-19-2019  17:06:31         PAGE  6


LOC  OBJECT CODE     LINE SOURCE TEXT
  VALUE

0087   30AA           00227     movlw 0xAA
Message[302]: Register in operand not in bank 0.  Ensure that bank bits are correct.
0088   008D           00228     movwf EECON2
Message[302]: Register in operand not in bank 0.  Ensure that bank bits are correct.
0089   148C           00229     bsf EECON1, WR ; Se comienza la escritura.
                      00230     ; FIN SECCION INTOCABLE
                      00231 
008A   178B           00232     bsf INTCON, GIE ; Activo las interrupciones.        
008B   0008           00233     return ; guardar_memoria
                      00234         
                      00235 ; Configurar CONTADOR_TIMER1
008C                  00236 re_iniciar_contador1
008C   1283 1303      00237     banksel CONTADOR_TIMER1
008E   300A           00238     movlw d'10'
008F   00A6           00239     movwf CONTADOR_TIMER1
                      00240 
0090   0008           00241     return ; re_iniciar_contador1
                      00242 
                      00243 ; Rutina de interrupción del tmr1.
0091                  00244 interrupt_tmr1
                      00245     ; Decremento el contador.
0091   1283 1303      00246     banksel CONTADOR_TIMER1
                      00247     ; INICIO IF
0093   0BA6           00248             decfsz CONTADOR_TIMER1, f
                      00249             ; CONTADOR_TIMER <> 0 THEN
0094   2???           00250             goto $+3
                      00251             ; ELSE
0095   2???           00252             call guardar_memoria_VALOR_CONVERSION
0096   2???           00253             call re_iniciar_contador1
                      00254     ; FIN IF
0097   2???           00255     call re_iniciar_timer1
                      00256 
0098   0008           00257     return ; interrupt_tmr1
                      00258 
                      00259 ; Interrupcion de escritura de la eepron.
0099                  00260 interrupt_eeprom
0099   1283 1303      00261     banksel PIR2
009B   120D           00262     bcf PIR2, EEIF ; Limpio la interrupcion de la eeprom
                      00263 
009C   0008           00264     return ; interrupt_eeprom
                      00265 
                      00266 ; Inicia el timer con el valor precargado, para una interrupción cada 100 ms.
009D                  00267 re_iniciar_timer1
                      00268 ;;;;;;;;;;;; Calculo para la cantidad de tiempo ;;;;;;;;;;;;;;;;
                      00269     ; ValorTimer = ValorMaximoTimer - ((DelaySolicitado * Fosc) / (Prescalar * 4))
                      00270     ; Formula para 100 ms: ValorTimer = 65536 - ((100ms * 20Mhz) / (8 * 4)) = 3036
                      00271 
                      00272     ; Cargar 3036 (00001011 11011100)
009D   1283 1303      00273     banksel PIR1
                      00274     
009F   30DC           00275     movlw b'11011100' 
00A0   008E           00276     movwf  TMR1L
00A1   300B           00277     movlw b'00001011' 
MPASM 5.84  OBLIGATORIO - PARTE1 - CONVERSIO   11-19-2019  17:06:31         PAGE  7


LOC  OBJECT CODE     LINE SOURCE TEXT
  VALUE

00A2   008F           00278     movwf  TMR1H
                      00279     
00A3   100C           00280     bcf PIR1, TMR1IF ; Timer1 Overflow Interrupt Flag bit
00A4   0008           00281     return ; re_iniciar_timer1
                      00282 
                      00283 ; Realiza la conversion y almacena los valores en variables.
00A5                  00284 realizar_conversion
00A5   149F           00285     bsf ADCON0, GO ; Start conversion
00A6   189F           00286     btfsc ADCON0, GO ; Is conversion done?
00A7   2???           00287     goto $-1 ; No, test again
                      00288     
                      00289     ; Obtener el valor de la conversión.
00A8   1283 1303      00290     banksel ADRESH
00AA   081E           00291     movf ADRESH, W
00AB   1283 1303      00292     banksel VALOR_CONVERSION
00AD   00A5           00293     movwf VALOR_CONVERSION
                      00294     
00AE   0008           00295     return ; realizar_conversion
                      00296 
                      00297 ; Rutinas de contexto.
00AF                  00298 guardar_contexto
00AF   00A0           00299         movwf W_TEMP  ; Guardo w.
00B0   0E03           00300         swapf STATUS, w ; Swap status en w.
00B1   00A1           00301         movwf STATUS_TEMP ; Guardo STATUS.
00B2   0008           00302         return ; guardar_contexto
                      00303         
00B3                  00304 cargar_contexto
00B3   0E21           00305         swapf STATUS_TEMP, w
00B4   0083           00306         movwf STATUS
00B5   0EA0           00307         swapf W_TEMP, f
00B6   0E20           00308         swapf W_TEMP, w
00B7   0008           00309         return ; cargar_contexto
                      00310         
Warning[205]: Found directive in column 1. (end)
20C2 3EFF             00311 end
MPASM 5.84  OBLIGATORIO - PARTE1 - CONVERSIO   11-19-2019  17:06:31         PAGE  8


SYMBOL TABLE
  LABEL                             VALUE 

ABDEN                             00000000
ABDOVF                            00000007
ACKDT                             00000005
ACKEN                             00000004
ACKSTAT                           00000006
ADCON0                            0000001F
ADCON1                            0000009F
ADCS0                             00000006
ADCS1                             00000007
ADDEN                             00000003
ADFM                              00000007
ADIE                              00000006
ADIF                              00000006
ADON                              00000000
ADRESH                            0000001E
ADRESL                            0000009E
ANS0                              00000000
ANS1                              00000001
ANS10                             00000002
ANS11                             00000003
ANS12                             00000004
ANS13                             00000005
ANS2                              00000002
ANS3                              00000003
ANS4                              00000004
ANS5                              00000005
ANS6                              00000006
ANS7                              00000007
ANS8                              00000000
ANS9                              00000001
ANSEL                             00000188
ANSELH                            00000189
BAUDCTL                           00000187
BCLIE                             00000003
BCLIF                             00000003
BF                                00000000
BRG0                              00000000
BRG1                              00000001
BRG10                             00000002
BRG11                             00000003
BRG12                             00000004
BRG13                             00000005
BRG14                             00000006
BRG15                             00000007
BRG16                             00000003
BRG2                              00000002
BRG3                              00000003
BRG4                              00000004
BRG5                              00000005
BRG6                              00000006
BRG7                              00000007
BRG8                              00000000
BRG9                              00000001
MPASM 5.84  OBLIGATORIO - PARTE1 - CONVERSIO   11-19-2019  17:06:31         PAGE  9


SYMBOL TABLE
  LABEL                             VALUE 

BRGH                              00000002
C                                 00000000
C1CH0                             00000000
C1CH1                             00000001
C1IE                              00000005
C1IF                              00000005
C1OE                              00000005
C1ON                              00000007
C1OUT                             00000006
C1POL                             00000004
C1R                               00000002
C1RSEL                            00000005
C1SEN                             00000005
C2CH0                             00000000
C2CH1                             00000001
C2IE                              00000006
C2IF                              00000006
C2OE                              00000005
C2ON                              00000007
C2OUT                             00000006
C2POL                             00000004
C2R                               00000002
C2REN                             00000004
C2RSEL                            00000004
C2SYNC                            00000000
CCP1CON                           00000017
CCP1IE                            00000002
CCP1IF                            00000002
CCP1M0                            00000000
CCP1M1                            00000001
CCP1M2                            00000002
CCP1M3                            00000003
CCP1X                             00000005
CCP1Y                             00000004
CCP2CON                           0000001D
CCP2IE                            00000000
CCP2IF                            00000000
CCP2M0                            00000000
CCP2M1                            00000001
CCP2M2                            00000002
CCP2M3                            00000003
CCP2X                             00000005
CCP2Y                             00000004
CCPR1                             00000015
CCPR1H                            00000016
CCPR1L                            00000015
CCPR2                             0000001B
CCPR2H                            0000001C
CCPR2L                            0000001B
CHS0                              00000002
CHS1                              00000003
CHS2                              00000004
CHS3                              00000005
MPASM 5.84  OBLIGATORIO - PARTE1 - CONVERSIO   11-19-2019  17:06:31         PAGE 10


SYMBOL TABLE
  LABEL                             VALUE 

CKE                               00000006
CKP                               00000004
CM1CON0                           00000107
CM2CON0                           00000108
CM2CON1                           00000109
CONTADOR_1                        00000022
CONTADOR_2                        00000023
CONTADOR_3                        00000024
CONTADOR_TIMER1                   00000026
CREN                              00000004
CSRC                              00000007
D                                 00000005
DATA_ADDRESS                      00000005
DC                                00000001
DC1B0                             00000004
DC1B1                             00000005
DC2B0                             00000004
DC2B1                             00000005
D_A                               00000005
D_NOT_A                           00000005
ECCPAS                            0000009C
ECCPAS0                           00000004
ECCPAS1                           00000005
ECCPAS2                           00000006
ECCPASE                           00000007
EEADR                             0000010D
EEADRH                            0000010F
EECON1                            0000018C
EECON2                            0000018D
EEDAT                             0000010C
EEDATA                            0000010C
EEDATH                            0000010E
EEIE                              00000004
EEIF                              00000004
EEPGD                             00000007
F                                 00000001
FERR                              00000002
FSR                               00000004
FVREN                             00000000
GCEN                              00000007
GIE                               00000007
GO                                00000001
GO_DONE                           00000001
GO_NOT_DONE                       00000001
HTS                               00000002
I2C_DATA                          00000005
I2C_READ                          00000002
I2C_START                         00000003
I2C_STOP                          00000004
INDF                              00000000
INTCON                            0000000B
INTE                              00000004
INTEDG                            00000006
MPASM 5.84  OBLIGATORIO - PARTE1 - CONVERSIO   11-19-2019  17:06:31         PAGE 11


SYMBOL TABLE
  LABEL                             VALUE 

INTF                              00000001
IOCB                              00000096
IOCB0                             00000000
IOCB1                             00000001
IOCB2                             00000002
IOCB3                             00000003
IOCB4                             00000004
IOCB5                             00000005
IOCB6                             00000006
IOCB7                             00000007
IRCF0                             00000004
IRCF1                             00000005
IRCF2                             00000006
IRP                               00000007
LTS                               00000001
MC1OUT                            00000007
MC2OUT                            00000006
MSK                               00000093
MSK0                              00000000
MSK1                              00000001
MSK2                              00000002
MSK3                              00000003
MSK4                              00000004
MSK5                              00000005
MSK6                              00000006
MSK7                              00000007
NOT_A                             00000005
NOT_ADDRESS                       00000005
NOT_BO                            00000000
NOT_BOR                           00000000
NOT_DONE                          00000001
NOT_PD                            00000003
NOT_POR                           00000001
NOT_RBPU                          00000007
NOT_RC8                           00000006
NOT_T1SYNC                        00000002
NOT_TO                            00000004
NOT_TX8                           00000006
NOT_W                             00000002
NOT_WRITE                         00000002
OERR                              00000001
OPTION_REG                        00000081
OSCCON                            0000008F
OSCTUNE                           00000090
OSFIE                             00000007
OSFIF                             00000007
OSTS                              00000003
P                                 00000004
P1M0                              00000006
P1M1                              00000007
PCL                               00000002
PCLATH                            0000000A
PCON                              0000008E
MPASM 5.84  OBLIGATORIO - PARTE1 - CONVERSIO   11-19-2019  17:06:31         PAGE 12


SYMBOL TABLE
  LABEL                             VALUE 

PDC0                              00000000
PDC1                              00000001
PDC2                              00000002
PDC3                              00000003
PDC4                              00000004
PDC5                              00000005
PDC6                              00000006
PEIE                              00000006
PEN                               00000002
PIE1                              0000008C
PIE2                              0000008D
PIR1                              0000000C
PIR2                              0000000D
PORTA                             00000005
PORTB                             00000006
PORTC                             00000007
PORTD                             00000008
PORTE                             00000009
PR2                               00000092
PRSEN                             00000007
PS0                               00000000
PS1                               00000001
PS2                               00000002
PSA                               00000003
PSSAC0                            00000002
PSSAC1                            00000003
PSSBD0                            00000000
PSSBD1                            00000001
PSTRCON                           0000009D
PULSR                             00000002
PULSS                             00000003
PWM1CON                           0000009B
R                                 00000002
RA0                               00000000
RA1                               00000001
RA2                               00000002
RA3                               00000003
RA4                               00000004
RA5                               00000005
RA6                               00000006
RA7                               00000007
RB0                               00000000
RB1                               00000001
RB2                               00000002
RB3                               00000003
RB4                               00000004
RB5                               00000005
RB6                               00000006
RB7                               00000007
RBIE                              00000003
RBIF                              00000000
RC0                               00000000
RC1                               00000001
MPASM 5.84  OBLIGATORIO - PARTE1 - CONVERSIO   11-19-2019  17:06:31         PAGE 13


SYMBOL TABLE
  LABEL                             VALUE 

RC2                               00000002
RC3                               00000003
RC4                               00000004
RC5                               00000005
RC6                               00000006
RC7                               00000007
RC8_9                             00000006
RC9                               00000006
RCD8                              00000000
RCEN                              00000003
RCIDL                             00000006
RCIE                              00000005
RCIF                              00000005
RCREG                             0000001A
RCSTA                             00000018
RD                                00000000
RD0                               00000000
RD1                               00000001
RD2                               00000002
RD3                               00000003
RD4                               00000004
RD5                               00000005
RD6                               00000006
RD7                               00000007
RE0                               00000000
RE1                               00000001
RE2                               00000002
RE3                               00000003
READ_WRITE                        00000002
RP0                               00000005
RP1                               00000006
RSEN                              00000001
RX9                               00000006
RX9D                              00000000
R_NOT_W                           00000002
R_W                               00000002
S                                 00000003
SBOREN                            00000004
SCKP                              00000004
SCS                               00000000
SEN                               00000000
SENDB                             00000003
SIGUIENTE_PUNTERO                 00000027
SMP                               00000007
SPBRG                             00000099
SPBRGH                            0000009A
SPEN                              00000007
SR0                               00000006
SR1                               00000007
SRCON                             00000185
SREN                              00000005
SSPADD                            00000093
SSPBUF                            00000013
MPASM 5.84  OBLIGATORIO - PARTE1 - CONVERSIO   11-19-2019  17:06:31         PAGE 14


SYMBOL TABLE
  LABEL                             VALUE 

SSPCON                            00000014
SSPCON2                           00000091
SSPEN                             00000005
SSPIE                             00000003
SSPIF                             00000003
SSPM0                             00000000
SSPM1                             00000001
SSPM2                             00000002
SSPM3                             00000003
SSPMSK                            00000093
SSPOV                             00000006
SSPSTAT                           00000094
STATUS                            00000003
STATUS_TEMP                       00000021
STRA                              00000000
STRB                              00000001
STRC                              00000002
STRD                              00000003
STRSYNC                           00000004
SWDTEN                            00000000
SYNC                              00000004
T0CS                              00000005
T0IE                              00000005
T0IF                              00000002
T0SE                              00000004
T1CKPS0                           00000004
T1CKPS1                           00000005
T1CON                             00000010
T1GINV                            00000007
T1GIV                             00000007
T1GSS                             00000001
T1INSYNC                          00000002
T1OSCEN                           00000003
T1SYNC                            00000002
T2CKPS0                           00000000
T2CKPS1                           00000001
T2CON                             00000012
TMR0                              00000001
TMR0IE                            00000005
TMR0IF                            00000002
TMR1                              0000000E
TMR1CS                            00000001
TMR1GE                            00000006
TMR1H                             0000000F
TMR1IE                            00000000
TMR1IF                            00000000
TMR1L                             0000000E
TMR1ON                            00000000
TMR2                              00000011
TMR2IE                            00000001
TMR2IF                            00000001
TMR2ON                            00000002
TOUTPS0                           00000003
MPASM 5.84  OBLIGATORIO - PARTE1 - CONVERSIO   11-19-2019  17:06:31         PAGE 15


SYMBOL TABLE
  LABEL                             VALUE 

TOUTPS1                           00000004
TOUTPS2                           00000005
TOUTPS3                           00000006
TRISA                             00000085
TRISA0                            00000000
TRISA1                            00000001
TRISA2                            00000002
TRISA3                            00000003
TRISA4                            00000004
TRISA5                            00000005
TRISA6                            00000006
TRISA7                            00000007
TRISB                             00000086
TRISB0                            00000000
TRISB1                            00000001
TRISB2                            00000002
TRISB3                            00000003
TRISB4                            00000004
TRISB5                            00000005
TRISB6                            00000006
TRISB7                            00000007
TRISC                             00000087
TRISC0                            00000000
TRISC1                            00000001
TRISC2                            00000002
TRISC3                            00000003
TRISC4                            00000004
TRISC5                            00000005
TRISC6                            00000006
TRISC7                            00000007
TRISD                             00000088
TRISD0                            00000000
TRISD1                            00000001
TRISD2                            00000002
TRISD3                            00000003
TRISD4                            00000004
TRISD5                            00000005
TRISD6                            00000006
TRISD7                            00000007
TRISE                             00000089
TRISE0                            00000000
TRISE1                            00000001
TRISE2                            00000002
TRISE3                            00000003
TRMT                              00000001
TUN0                              00000000
TUN1                              00000001
TUN2                              00000002
TUN3                              00000003
TUN4                              00000004
TX8_9                             00000006
TX9                               00000006
TX9D                              00000000
MPASM 5.84  OBLIGATORIO - PARTE1 - CONVERSIO   11-19-2019  17:06:31         PAGE 16


SYMBOL TABLE
  LABEL                             VALUE 

TXD8                              00000000
TXEN                              00000005
TXIE                              00000004
TXIF                              00000004
TXREG                             00000019
TXSTA                             00000098
UA                                00000001
ULPWUE                            00000005
ULPWUIE                           00000002
ULPWUIF                           00000002
VALOR_CONVERSION                  00000025
VCFG0                             00000004
VCFG1                             00000005
VR0                               00000000
VR1                               00000001
VR2                               00000002
VR3                               00000003
VRCON                             00000097
VREN                              00000007
VROE                              00000006
VRR                               00000005
VRSS                              00000004
W                                 00000000
WCOL                              00000007
WDTCON                            00000105
WDTPS0                            00000001
WDTPS1                            00000002
WDTPS2                            00000003
WDTPS3                            00000004
WPUB                              00000095
WPUB0                             00000000
WPUB1                             00000001
WPUB2                             00000002
WPUB3                             00000003
WPUB4                             00000004
WPUB5                             00000005
WPUB6                             00000006
WPUB7                             00000007
WR                                00000001
WREN                              00000002
WRERR                             00000003
WUE                               00000001
W_TEMP                            00000020
Z                                 00000002
_.org_1_0028                      00000028
_.org_1_0066                      00000066
_.org_1_0084                      00000084
_.org_1_0094                      00000094
_.org_1_00A7                      000000A7
_BOR21V                           00003EFF
_BOR40V                           00003FFF
_BOR4V_BOR21V                     00003EFF
_BOR4V_BOR40V                     00003FFF
MPASM 5.84  OBLIGATORIO - PARTE1 - CONVERSIO   11-19-2019  17:06:31         PAGE 17


SYMBOL TABLE
  LABEL                             VALUE 

_BOREN_NSLEEP                     00003EFF
_BOREN_OFF                        00003CFF
_BOREN_ON                         00003FFF
_BOREN_SBODEN                     00003DFF
_BOR_NSLEEP                       00003EFF
_BOR_OFF                          00003CFF
_BOR_ON                           00003FFF
_BOR_SBODEN                       00003DFF
_CONFIG1                          00002007
_CONFIG2                          00002008
_CPD_OFF                          00003FFF
_CPD_ON                           00003F7F
_CP_OFF                           00003FFF
_CP_ON                            00003FBF
_DEBUG_OFF                        00003FFF
_DEBUG_ON                         00001FFF
_DEVID1                           00002006
_EC_OSC                           00003FFB
_EXTRC                            00003FFF
_EXTRCIO                          00003FFE
_EXTRC_OSC_CLKOUT                 00003FFF
_EXTRC_OSC_NOCLKOUT               00003FFE
_FCMEN_OFF                        000037FF
_FCMEN_ON                         00003FFF
_FOSC_EC                          00003FFB
_FOSC_EXTRC_CLKOUT                00003FFF
_FOSC_EXTRC_NOCLKOUT              00003FFE
_FOSC_HS                          00003FFA
_FOSC_INTRC_CLKOUT                00003FFD
_FOSC_INTRC_NOCLKOUT              00003FFC
_FOSC_LP                          00003FF8
_FOSC_XT                          00003FF9
_HS_OSC                           00003FFA
_IDLOC0                           00002000
_IDLOC1                           00002001
_IDLOC2                           00002002
_IDLOC3                           00002003
_IESO_OFF                         00003BFF
_IESO_ON                          00003FFF
_INTOSC                           00003FFD
_INTOSCIO                         00003FFC
_INTRC_OSC_CLKOUT                 00003FFD
_INTRC_OSC_NOCLKOUT               00003FFC
_LP_OSC                           00003FF8
_LVP_OFF                          00002FFF
_LVP_ON                           00003FFF
_MCLRE_OFF                        00003FDF
_MCLRE_ON                         00003FFF
_PWRTE_OFF                        00003FFF
_PWRTE_ON                         00003FEF
_WDTE_OFF                         00003FF7
_WDTE_ON                          00003FFF
_WDT_OFF                          00003FF7
MPASM 5.84  OBLIGATORIO - PARTE1 - CONVERSIO   11-19-2019  17:06:31         PAGE 18


SYMBOL TABLE
  LABEL                             VALUE 

_WDT_ON                           00003FFF
_WRT_1FOURTH                      00003BFF
_WRT_256                          00003DFF
_WRT_HALF                         000039FF
_WRT_OFF                          00003FFF
_XT_OSC                           00003FF9
__16F887                          00000001
cargar_contexto                   000000B3
configuracion_inicial             00000013
guardar_contexto                  000000AF
guardar_memoria                   0000007E
guardar_memoria_VALOR_CONVERSION  0000004C
inicializar_eeprom                00000039
interrupt                         00000008
interrupt_eeprom                  00000099
interrupt_tmr1                    00000091
leer_memoria                      00000073
main                              00000005
mainloop                          00000006
obtener_siguiente_puntero         0000005B
re_iniciar_contador1              0000008C
re_iniciar_timer1                 0000009D
realizar_conversion               000000A5

Errors   :     0
Warnings :     7 reported,     0 suppressed
Messages :    24 reported,     0 suppressed

