MPASM 5.84  OBLIGATORIO - PARTE4 - NORMALIZA   11-20-2019  17:08:14         PAGE  1


LOC  OBJECT CODE     LINE SOURCE TEXT
  VALUE

                      00001 ; PIC16F887 Configuration Bit Settings
                      00002 ; Assembly source line config statements
                      00003 #include "p16f887.inc"
                      00001         LIST
                      00002 
                      00003 ;==========================================================================
                      00004 ; Build date : Mar 17 2019
                      00005 ;  MPASM PIC16F887 processor include
                      00006 ; 
                      00007 ;  (c) Copyright 1999-2019 Microchip Technology, All rights reserved
                      00008 ;==========================================================================
                      00009 
                      00810         LIST
                      00004     
                      00005 ; Bits de configuracion
                      00006 
                      00007 ; CONFIG1
                      00008 ; __config 0xE0C2
2007   20C2           00009  __CONFIG _CONFIG1, _FOSC_HS & _WDTE_OFF & _PWRTE_ON & _MCLRE_OFF & _CP_OFF & _CPD_OFF & _BOREN_OFF & _I
                            ESO_OFF & _FCMEN_OFF & _LVP_OFF
                      00010 ; CONFIG2
                      00011 ; __config 0xFEFF
2008   3EFF           00012  __CONFIG _CONFIG2, _BOR4V_BOR21V & _WRT_OFF
                      00013 
                      00014 ; Organizacion de la memoria EEPROM.
                      00015 ; 0x30 -> Flag que indica si está¡ usado el buffer o no.
                      00016 ; 0x31 -> Puntero actual del buffer.
                      00017 ; 0x40 - 0x49 -> Buffer.
                      00018     
                      00019 ; Organizacion de la memoria de datos 
Warning[205]: Found directive in column 1. (cblock)
                      00020 cblock 0x20     ; Comienzo a escribir la memoria de datos en la direccion 0x20
                      00021 ; Definicion de variables
  00000020            00022     W_TEMP
  00000021            00023     STATUS_TEMP
  00000022            00024     VALOR_CONVERSION_TEMP
  00000023            00025     VALOR_CONVERSION
  00000024            00026     VALOR_CONVERSIONH
  00000025            00027     VALOR_CONVERSIONL
  00000026            00028     TEMP_W
  00000027            00029     STATUS_TEMP_CASE
  00000028            00030     W_TEMP_CASE
  00000029            00031     MULTIPLICANDO
  0000002A            00032     DIVISOR
  0000002B            00033     PRODL
  0000002C            00034     PRODH
  0000002D            00035     ASCII_TEMP
  0000002E            00036     ASCII1
  0000002F            00037     ASCII2
  00000030            00038     ASCII3
  00000031            00039     ASCII_CONVERSION
  00000032            00040     MULT
  00000033            00041     MULTIPLICANDO_REGLA
MPASM 5.84  OBLIGATORIO - PARTE4 - NORMALIZA   11-20-2019  17:08:14         PAGE  2


LOC  OBJECT CODE     LINE SOURCE TEXT
  VALUE

  00000034            00042     DIVISOR_REGLA
  00000035            00043     REGLAE
  00000036            00044     REGLAF
  00000037            00045     VALOR_CONVERSION_REGLA
  00000038            00046     COCIENTE
  00000039            00047     RESTO
  0000003A            00048     DIVIDENDO
                      00049 
Warning[205]: Found directive in column 1. (ENDC)
                      00050 endc
                      00051    
                      00052 ;Organizacion de la memoria de programacion
Warning[205]: Found directive in column 1. (org)
                      00053 org 0x0000
Warning[203]: Found opcode in column 1. (goto)
0000   2???           00054 goto main
                      00055 
Warning[205]: Found directive in column 1. (org)
                      00056 org 0x0004
Warning[203]: Found opcode in column 1. (goto)
0004   2???           00057 goto interrupt
                      00058 
                      00059 ;;;;;;;;;;;;;;;;;;;;;;;;;;;;; PROGRAMA PRINCIPAL ;;;;;;;;;;;;;;;;;;;;;;;;;;;;;;
                      00060         
0005                  00061 main
0005   2???           00062     call configuracion_inicial
                      00063     
0006                  00064 mainloop
0006   2???           00065     call realizar_conversion
0007   2???           00066     goto mainloop
                      00067         
                      00068 ;;;;;;;;;;;;;;;;;;;;;;;;;;;;; RUTINA DE INTERRUPCION ;;;;;;;;;;;;;;;;;;;;;;;;;;
                      00069 
0008                  00070 interrupt
0008   2???           00071     call guardar_contexto
                      00072 
0009   1283 1303      00073     banksel PIR1
000B   1A8C           00074     btfsc PIR1, RCIF ; Interrupcion usart?
000C   2???           00075     call interrupt_usart
                      00076 
000D   2???           00077     call cargar_contexto
000E   0009           00078     retfie ; interrupt
                      00079         
                      00080 ;;;;;;;;;;;;;;;;;;;;;;;;;;;;; CONFIGURACION INICIAL ;;;;;;;;;;;;;;;;;;;;;;;;;;;
                      00081 
000F                  00082 configuracion_inicial   
                      00083     ; Configuro las entradas de voltaje analogicas (PUERTOA).
000F   1683 1303      00084     banksel TRISA
Message[302]: Register in operand not in bank 0.  Ensure that bank bits are correct.
0011   1405           00085     bsf TRISA, 0 ; Seteo RA0 como entrada (perilla analogica)
Message[302]: Register in operand not in bank 0.  Ensure that bank bits are correct.
0012   1485           00086     bsf TRISA, 1 ; Seteo RA1 como entrada (perilla analógica)
0013   1683 1703      00087     banksel ANSEL
MPASM 5.84  OBLIGATORIO - PARTE4 - NORMALIZA   11-20-2019  17:08:14         PAGE  3


LOC  OBJECT CODE     LINE SOURCE TEXT
  VALUE

Message[302]: Register in operand not in bank 0.  Ensure that bank bits are correct.
0015   1408           00088     bsf ANSEL, 0 ; Seto el puerto RA0 como analogico.
Message[302]: Register in operand not in bank 0.  Ensure that bank bits are correct.
0016   1488           00089     bsf ANSEL, 1 ; Seto el puerto RA1 como analogico.
                      00090 
                      00091     ; Configuracion de la conversión analógica.
0017   1683 1303      00092     banksel ADCON1
Message[302]: Register in operand not in bank 0.  Ensure that bank bits are correct.
0019   019F           00093     clrf ADCON1 ; ADFM = Left justified | VCFG1 = Vss | VCFG0 = Vdd     
                      00094     ; Configuración del reloj y encendido del conversor analogico.
001A   1283 1303      00095     banksel ADCON0 
001C   3081           00096     movlw b'10000001'
001D   009F           00097     movwf ADCON0 ; ADCS = Fosc/32 (TAD: 1.6(x10^-6)s) | ADON = ADC is enabled.
                      00098 
                      00099     ; Configuro las interrupciones.
001E   178B           00100     bsf INTCON, GIE ; Global interrupt enable bit.
001F   170B           00101     bsf INTCON, PEIE ; Pheripheral interrupt enable bit.
                      00102         
                      00103     ; Configuracion puerto serie (EUSART)
                      00104     ; Configuracion baudrate
0020   1683 1303      00105     banksel TXSTA
Message[302]: Register in operand not in bank 0.  Ensure that bank bits are correct.
0022   1518           00106     bsf TXSTA, BRGH ; BRGH = High Speed
0023   1683 1703      00107     banksel BAUDCTL
Message[302]: Register in operand not in bank 0.  Ensure that bank bits are correct.
0025   1187           00108     bcf BAUDCTL, BRG16 ; BRG16 = 8-bit Baud Rate Generator is used.
0026   1683 1303      00109     banksel SPBRGH
Message[302]: Register in operand not in bank 0.  Ensure that bank bits are correct.
0028   019A           00110     clrf SPBRGH
0029   1683 1303      00111     banksel SPBRG
002B   3081           00112     movlw d'129'        
Message[302]: Register in operand not in bank 0.  Ensure that bank bits are correct.
002C   0099           00113     movwf SPBRG ; Baudrate 9600
                      00114     ; Configuro la transmision.
002D   1683 1303      00115     banksel TXSTA
Message[302]: Register in operand not in bank 0.  Ensure that bank bits are correct.
002F   1698           00116     bsf TXSTA, TXEN  ; Transmit Enable bit = Transmit enabled
Message[302]: Register in operand not in bank 0.  Ensure that bank bits are correct.
0030   1218           00117     bcf TXSTA, SYNC  ; EUSART mode select bit = Asynchronous mode
                      00118     ; Configuro la recepcion.
0031   1283 1303      00119     banksel RCSTA
0033   1618           00120     bsf RCSTA, CREN  ; Continuous Recive Enable bit = Enables receiver
0034   1798           00121     bsf RCSTA, SPEN  ; Serial Port Enable bit = Serial port enabled.
0035   1683 1303      00122     banksel PIE1 
Message[302]: Register in operand not in bank 0.  Ensure that bank bits are correct.
0037   168C           00123     bsf PIE1, RCIE ; Configuro que se generen interrupciones con la recepción
                      00124         
0038   0008           00125     return ; configurar_puertos
                      00126 
                      00127 ;;;;;;;;;;;;;;;;;;;;;;;;;;;;; RUTINAS PROGRAMA PRINCIPAL ;;;;;;;;;;;;;;;;;;;;;;
                      00128 
                      00129 ; Lee el contenido del puerto y dervia en un case que indica que letra se
                      00130 ; ingresó.
MPASM 5.84  OBLIGATORIO - PARTE4 - NORMALIZA   11-20-2019  17:08:14         PAGE  4


LOC  OBJECT CODE     LINE SOURCE TEXT
  VALUE

0039                  00131 interrupt_usart
0039   1283 1303      00132     banksel RCREG
003B   081A           00133     movf RCREG, w
003C   2???           00134     call case_letras
003D   0008           00135     return ; interrupt_usart
                      00136         
                      00137 ; Identifica que letra se leyó en el puerto USART.      
003E                  00138 case_letras
003E   3A41           00139     xorlw b'01000001' ; 0x41 = 'A' (ASCII)
003F   1903           00140     btfsc STATUS, Z
0040   2???           00141     call rutina_letra_A
                      00142  
0041   3A20           00143     xorlw b'01100001' ^ b'01000001' ; 0x61 = 'a' (ASCII)
0042   1903           00144     btfsc STATUS, Z               
0043   2???           00145     call rutina_letra_a
                      00146         
0044   0008           00147     return ; case_letras
                      00148 
                      00149 ; Rutina de letra A: Obtiene el valor actual de la conversion y la envía por
                      00150 ; el puerto usart.
0045                  00151 rutina_letra_A
0045   2???           00152     call guardar_contexto_case
                      00153 
0046   1283 1303      00154     banksel VALOR_CONVERSION
0048   0823           00155     movf VALOR_CONVERSION, w
0049   2???           00156     call enviar_conversion_usart_hexa
                      00157 
004A   2???           00158     call cargar_contexto_case
                      00159     
004B   0008           00160     return ; rutina_letra_A
                      00161     
                      00162 ; Manda la conversion en formato decimal.
004C                  00163 rutina_letra_a
004C   2???           00164     call guardar_contexto_case
                      00165     
004D   1283 1303      00166     banksel VALOR_CONVERSION
004F   0823           00167     movf VALOR_CONVERSION, w
0050   2???           00168     call enviar_conversion_usart_dec
                      00169     
                      00170      ; Envío grados centrígrados.
0051   30A7           00171     movlw d'167' ; °
0052   2???           00172     call enviar_w
0053   3043           00173     movlw d'67' ; C
0054   2???           00174     call enviar_w    
                      00175    
0055   2???           00176     call cargar_contexto_case
                      00177     
0056   0008           00178     return ; rutina_letra_a
                      00179     
                      00180 ; Obtiene el valor de la conversion en w, lo mapea a decimal y lo envía por el
                      00181 ; puerto usart.
0057                  00182 enviar_conversion_usart_dec
0057   1283 1303      00183     banksel VALOR_CONVERSION_TEMP
MPASM 5.84  OBLIGATORIO - PARTE4 - NORMALIZA   11-20-2019  17:08:14         PAGE  5


LOC  OBJECT CODE     LINE SOURCE TEXT
  VALUE

0059   00A2           00184     movwf VALOR_CONVERSION_TEMP
                      00185     
005A   1283 1303      00186     banksel MULTIPLICANDO_REGLA
005C   3064           00187     movlw d'100'
005D   00B3           00188     movwf MULTIPLICANDO_REGLA
                      00189     
005E   1283 1303      00190     banksel DIVISOR_REGLA
0060   30FF           00191     movlw d'255'
0061   00B4           00192     movwf DIVISOR_REGLA
                      00193  
0062   1283 1303      00194     banksel VALOR_CONVERSION_TEMP
0064   0822           00195     movf VALOR_CONVERSION_TEMP, w
                      00196     
0065   2???           00197     call regla_de_tres
                      00198     
0066   1283 1303      00199     banksel REGLAE
0068   0835           00200     movf REGLAE, w
0069   2???           00201     call mapear_enviar_dec
                      00202     
006A   0008           00203     return ; enviar_conversion_usart_dec
                      00204 
                      00205 ; Realiza una regla de tres.
                      00206 ; w = w*MULTIPLICANDO_REGLA/DIVISOR_REGLA
006B                  00207 regla_de_tres
006B   1283 1303      00208     banksel VALOR_CONVERSION_REGLA
006D   00B7           00209     movwf VALOR_CONVERSION_REGLA
006E   0833           00210     movf MULTIPLICANDO_REGLA, w
006F   00A9           00211     movwf MULTIPLICANDO
0070   0837           00212     movf VALOR_CONVERSION_REGLA, w
0071   2???           00213     call multiplicar
                      00214     
                      00215     ; Si la multiplicación dio 0, devuelvo 0.
0072   1283 1303      00216     banksel PRODH
0074   08AC           00217     movf PRODH, f
                      00218     ; INICIO IF
0075   1D03           00219         btfss STATUS, Z
                      00220         ; THEN (PRODH <> 0)
0076   2???           00221         goto $+6
                      00222         ; ELSE (PRODH = 0)
0077   1283 1303      00223         banksel PRODL
0079   08AB           00224         movf PRODL, f
                      00225         ; INICIO IF
007A   1D03           00226             btfss STATUS, Z
                      00227             ; THEN (PRODL <> 0)
007B   2???           00228             goto $+2
                      00229             ; ELSE (PRODL = 0)
007C   3400           00230             retlw 0 ; Si es 0 el producto, devuelvo 0 porque no puedo dividir.
                      00231         ; FIN IF
                      00232     ; FIN IF
                      00233     
                      00234     ; LOS PARAMETROS DE dividir YA ESTAN CARGADOS, CARGO SOLO w.
007D   1283 1303      00235     banksel DIVISOR_REGLA
007F   0834           00236     movf DIVISOR_REGLA, w
MPASM 5.84  OBLIGATORIO - PARTE4 - NORMALIZA   11-20-2019  17:08:14         PAGE  6


LOC  OBJECT CODE     LINE SOURCE TEXT
  VALUE

0080   2???           00237     call dividir
                      00238     
0081   1283 1303      00239     banksel COCIENTE
0083   0838           00240     movf COCIENTE, w
0084   00B5           00241     movwf REGLAE
0085   0839           00242     movf RESTO, w
0086   00B6           00243     movwf REGLAF    
                      00244     
0087   0008           00245     return ; regla_de_tres
                      00246 
                      00247 ; Multiplica dos numeros.
                      00248 ; MULTIPLICANDO * w = PRODH:PRODL
0088                  00249 multiplicar
0088   1283 1303      00250     banksel MULT
008A   00B2           00251     movwf MULT
                      00252     
                      00253     ; Limpio los resultados.
008B   1283 1303      00254     banksel PRODL
008D   01AB           00255     clrf PRODL
008E   01AC           00256     clrf PRODH
                      00257     
008F   1283 1303      00258     banksel MULTIPLICANDO
0091   08A9           00259     movf MULTIPLICANDO, f
                      00260     ; INICIO IF
0092   1903           00261         btfsc STATUS, Z
                      00262         ; THEN (MULTIPLICANDO = 0)
0093   0008           00263         return
                      00264         ; ELSE (MULTIPLICANDO <> 0)
Warning[207]: Found label after column 1. (multiplicar_loop)
0094                  00265         multiplicar_loop
0094   1283 1303      00266             banksel MULT
0096   0832           00267             movf MULT, w
0097   1283 1303      00268             banksel PRODL
0099   07AB           00269             addwf PRODL, f
009A   1803           00270             btfsc STATUS, C
009B   0AAC           00271             incf PRODH, f
009C   0BA9           00272             decfsz MULTIPLICANDO, f
009D   2???           00273             goto multiplicar_loop           
                      00274     ; FIN IF
009E   0008           00275     return ; multiplicar
                      00276 
                      00277 ; Divide dos numeros.
                      00278 ; PRODH:PRODL/w = w*COCIENTE + RESTO
009F                  00279 dividir
009F   1283 1303      00280     banksel COCIENTE
00A1   01B8           00281     clrf COCIENTE
00A2   01B9           00282     clrf RESTO
00A3   00BA           00283     movwf DIVIDENDO
                      00284     
Warning[207]: Found label after column 1. (loop_dividir)
00A4                  00285     loop_dividir
00A4   1283 1303      00286         banksel PRODH
00A6   08AC           00287         movf PRODH, f
MPASM 5.84  OBLIGATORIO - PARTE4 - NORMALIZA   11-20-2019  17:08:14         PAGE  7


LOC  OBJECT CODE     LINE SOURCE TEXT
  VALUE

                      00288         ; INICIO IF
00A7   1D03           00289             btfss STATUS, Z
                      00290             ; THEN (PRODH <> 0)
00A8   2???           00291             goto restar_dividir
                      00292             ; ELSE (PRODH = 0)
Message[305]: Using default destination of 1 (file).
00A9   08BA           00293             movf DIVIDENDO
Message[305]: Using default destination of 1 (file).
00AA   02AB           00294             subwf PRODL
                      00295             ; INICIO IF
00AB   1803           00296                 btfsc STATUS, C
                      00297                 ; THEN (PRODL >= DIVIDENDO)
00AC   2???           00298                 goto restar_dividir
                      00299                 ; ELSE (PRODL < DIVIDENDO)
00AD   083A           00300                 movf DIVIDENDO, w
00AE   00B9           00301                 movwf RESTO
00AF   0008           00302                 return ; dividir
                      00303             ; FIN IF
                      00304         ; FIN IF
                      00305         
Warning[207]: Found label after column 1. (restar_dividir)
00B0                  00306         restar_dividir
00B0   1283 1303      00307             banksel COCIENTE
00B2   0AB8           00308             incf COCIENTE, f
                      00309             
00B3   083A           00310             movf DIVIDENDO, w
00B4   02AB           00311             subwf PRODL, f
                      00312             ; INICIO IF
00B5   1C03           00313                 btfss STATUS, C
                      00314                 ; THEN (PRODL >= DIVIDENDO)
00B6   2???           00315                 goto $+2
                      00316                 ; ELSE (PRODL < DIVIDENDO)
00B7   03AC           00317                 decf PRODH, f
00B8   2???           00318             goto loop_dividir
                      00319         
00B9   0008           00320     return ; dividir
                      00321 
                      00322 ; Mapea y envía un valor decimal por el puerto usart.
00BA                  00323 mapear_enviar_dec
00BA   2???           00324     call convertir_dec_ascii
                      00325     
00BB   1283 1303      00326     banksel ASCII1
00BD   082E           00327     movf ASCII1, w
00BE   2???           00328     call enviar_w
                      00329     
00BF   1283 1303      00330     banksel ASCII2
00C1   082F           00331     movf ASCII2, w
00C2   2???           00332     call enviar_w
                      00333     
00C3   1283 1303      00334     banksel ASCII3
00C5   0830           00335     movf ASCII3, w
00C6   2???           00336     call enviar_w   
                      00337     
MPASM 5.84  OBLIGATORIO - PARTE4 - NORMALIZA   11-20-2019  17:08:14         PAGE  8


LOC  OBJECT CODE     LINE SOURCE TEXT
  VALUE

00C7   0008           00338     return ; mapear_enviar_dec
                      00339 
                      00340 ; Convierte el valor numerico de w en ASCII.
                      00341 ; w = ASCII3 ASCII2 ASCII1
00C8                  00342 convertir_dec_ascii    
00C8   2???           00343     call convertir_valor_dec
00C9   1283 1303      00344     banksel ASCII_TEMP
00CB   00AD           00345     movwf ASCII_TEMP
00CC   0831           00346     movf ASCII_CONVERSION, w
00CD   00B0           00347     movwf ASCII3 ; Almaceno el resultado
                      00348     
00CE   082D           00349     movf ASCII_TEMP, w
00CF   2???           00350     call convertir_valor_dec
00D0   1283 1303      00351     banksel ASCII_TEMP
00D2   00AD           00352     movwf ASCII_TEMP
00D3   0831           00353     movf ASCII_CONVERSION, w
00D4   00AF           00354     movwf ASCII2 ; Almaceno el resultado
                      00355     
00D5   082D           00356     movf ASCII_TEMP, w
00D6   2???           00357     call convertir_valor_dec
00D7   1283 1303      00358     banksel ASCII_TEMP
00D9   00AD           00359     movwf ASCII_TEMP
00DA   0831           00360     movf ASCII_CONVERSION, w
00DB   00AE           00361     movwf ASCII1 ; Almaceno el resultado
                      00362     
00DC   0008           00363     return ; convertir_dec_ascii
                      00364    
                      00365 ; Convierte solo una parte del valor en w.
                      00366 ; ASCII_CONVERSION = w MOD DIVISOR
                      00367 ; w = w/DIVISOR
00DD                  00368 convertir_valor_dec
00DD   1283 1303      00369     banksel PRODL
00DF   00AB           00370     movwf PRODL
00E0   300A           00371     movlw d'10'
00E1   2???           00372     call dividir
                      00373     
00E2   1283 1303      00374     banksel RESTO
00E4   0839           00375     movf RESTO, w    
00E5   3E30           00376     addlw b'00110000' ; Sumo 30.
00E6   00B1           00377     movwf ASCII_CONVERSION ; Almaceno el resultado
                      00378     
00E7   1283 1303      00379     banksel COCIENTE
00E9   0838           00380     movf COCIENTE, w
                      00381     
00EA   0008           00382     return ; convertir_valor_dec
                      00383     
                      00384 ; Obtiene el valor de la conversión en w, lo mapea y lo envía por el puerto
                      00385 ; usart.
00EB                  00386 enviar_conversion_usart_hexa    
00EB   1283 1303      00387     banksel VALOR_CONVERSION_TEMP
00ED   00A2           00388     movwf VALOR_CONVERSION_TEMP
                      00389 
                      00390     ; Obtengo los valores High y Low de la conversion.
MPASM 5.84  OBLIGATORIO - PARTE4 - NORMALIZA   11-20-2019  17:08:14         PAGE  9


LOC  OBJECT CODE     LINE SOURCE TEXT
  VALUE

Warning[202]: Argument out of range.  Least significant bits used.
00EE   3970           00391     andlw d'11110000'
00EF   1283 1303      00392     banksel VALOR_CONVERSIONH
00F1   00A4           00393     movwf VALOR_CONVERSIONH
00F2   0EA4           00394     swapf VALOR_CONVERSIONH, f  ; Hago swamp para cambiar de lugar y 
                      00395                                 ; tener todos en los bits menos significativos.
                      00396     
00F3   1283 1303      00397     banksel VALOR_CONVERSION_TEMP
00F5   0822           00398     movf VALOR_CONVERSION_TEMP, w
Warning[202]: Argument out of range.  Least significant bits used.
00F6   3957           00399     andlw d'00001111'
00F7   1283 1303      00400     banksel VALOR_CONVERSIONL
00F9   00A5           00401     movwf VALOR_CONVERSIONL
                      00402     
                      00403     ; Mapeo y envío los valores por el puerto usart.
00FA   1283 1303      00404     banksel VALOR_CONVERSIONL
00FC   0825           00405     movf VALOR_CONVERSIONL, w
00FD   2???           00406     call mapear_enviar_hexa
                      00407         
00FE   1283 1303      00408     banksel VALOR_CONVERSIONH
0100   0824           00409     movf VALOR_CONVERSIONH, w
0101   2???           00410     call mapear_enviar_hexa
                      00411     
0102   0008           00412     return ; enviar_conversion_usart_hexa
                      00413         
                      00414 ; Mapea el valor de w a un caracter ASCII y lo envía por el puerto USART.
0103                  00415 mapear_enviar_hexa 
0103   2???           00416     call mapear_hexa    
0104   2???           00417     call enviar_w
0105   0008           00418     return ; mapear_enviar_hexa
                      00419         
                      00420 ; Envia el valor del registro w por el puerto USART.
0106                  00421 enviar_w
0106   1283 1303      00422     banksel PIR1
0108   1E0C           00423     btfss PIR1, TXIF ; Esta vacío el bus de transmisión?
0109   2???           00424     goto $-1 ; No, vuelvo a chequear hasta que esté libre.
010A   1283 1303      00425     banksel TXREG
010C   0099           00426     movwf TXREG 
010D   0008           00427     return ; enviar_w
                      00428         
                      00429 ; Mapea el valor de w a un caracter ASCII y lo guarda en w.
010E                  00430 mapear_hexa
010E   1283 1303      00431     banksel TEMP_W
0110   00A6           00432     movwf TEMP_W
0111   3C09           00433     sublw b'00001001' ; 0x09 -> 9 decimal
                      00434     ; INICIO IF
0112   1C03           00435         btfss STATUS, C
                      00436         ; THEN (w > 9)
0113   2???           00437         goto sumar_37 ; Es mayor a 9, entonces sumo 0x37 = 0011 0111
                      00438         ; ELSE (w <= 9)
0114   2???           00439         goto sumar_30 ; Es menor o igual 9, entonces sumo 0x30 = 0011 0000
                      00440     ; FIN IF
                      00441 
MPASM 5.84  OBLIGATORIO - PARTE4 - NORMALIZA   11-20-2019  17:08:14         PAGE 10


LOC  OBJECT CODE     LINE SOURCE TEXT
  VALUE

                      00442 ; Sumo 30h al valor que tengo en w.
0115                  00443 sumar_30
0115   1283 1303      00444     banksel TEMP_W
0117   0826           00445     movf TEMP_W, w
0118   3E30           00446     addlw b'00110000' ; 0x30 -> 48 decimal
0119   0008           00447     return ; mapear_hexa
                      00448 
                      00449 ; Sumo 37h al valor que tengo en w.
011A                  00450 sumar_37
011A   1283 1303      00451     banksel TEMP_W
011C   0826           00452     movf TEMP_W, w
011D   3E37           00453     addlw b'00110111' ; 0x37 -> 55 decimal
011E   0008           00454     return ; mapear_hexa
                      00455         
                      00456 ; Realiza la conversion y almacena los valores en variables.
011F                  00457 realizar_conversion
011F   149F           00458     bsf ADCON0, GO ; Start conversion
0120   189F           00459     btfsc ADCON0, GO ; Is conversion done?
0121   2???           00460     goto $-1 ; No, test again
                      00461         
                      00462     ; Obtener el valor de la conversión.
0122   1283 1303      00463     banksel ADRESH
0124   081E           00464     movf ADRESH, w
0125   1283 1303      00465     banksel VALOR_CONVERSION
0127   00A3           00466     movwf VALOR_CONVERSION
                      00467         
0128   0008           00468     return ; realizar_conversion
                      00469 
                      00470 ; Rutinas de contexto.
0129                  00471 guardar_contexto
0129   00A0           00472     movwf W_TEMP  ; Guardo w.
012A   0E03           00473     swapf STATUS, w ; Swap status en w.
012B   00A1           00474     movwf STATUS_TEMP ; Guardo STATUS.
                      00475     
012C   0008           00476     return ; guardar_contexto
                      00477         
012D                  00478 guardar_contexto_case
012D   00A8           00479     movwf W_TEMP_CASE  ; Guardo w.
012E   0E03           00480     swapf STATUS, w ; Swap status en w.
012F   00A7           00481     movwf STATUS_TEMP_CASE ; Guardo STATUS.
                      00482 
0130   0008           00483     return ; guardar_contexto_case
                      00484     
0131                  00485 cargar_contexto
0131   0E21           00486     swapf STATUS_TEMP, w
0132   0083           00487     movwf STATUS
0133   0EA0           00488     swapf W_TEMP, f
0134   0E20           00489     swapf W_TEMP, w
                      00490     
0135   0008           00491     return ; cargar_contexto
                      00492         
0136                  00493 cargar_contexto_case
0136   0E27           00494     swapf STATUS_TEMP_CASE, w
MPASM 5.84  OBLIGATORIO - PARTE4 - NORMALIZA   11-20-2019  17:08:14         PAGE 11


LOC  OBJECT CODE     LINE SOURCE TEXT
  VALUE

0137   0083           00495     movwf STATUS
0138   0EA8           00496     swapf W_TEMP_CASE, f
0139   0E28           00497     swapf W_TEMP_CASE, w
                      00498 
013A   0008           00499     return ; cargar_contexto_case
                      00500         
Warning[205]: Found directive in column 1. (end)
20C2 3EFF             00501 end
MPASM 5.84  OBLIGATORIO - PARTE4 - NORMALIZA   11-20-2019  17:08:14         PAGE 12


SYMBOL TABLE
  LABEL                             VALUE 

ABDEN                             00000000
ABDOVF                            00000007
ACKDT                             00000005
ACKEN                             00000004
ACKSTAT                           00000006
ADCON0                            0000001F
ADCON1                            0000009F
ADCS0                             00000006
ADCS1                             00000007
ADDEN                             00000003
ADFM                              00000007
ADIE                              00000006
ADIF                              00000006
ADON                              00000000
ADRESH                            0000001E
ADRESL                            0000009E
ANS0                              00000000
ANS1                              00000001
ANS10                             00000002
ANS11                             00000003
ANS12                             00000004
ANS13                             00000005
ANS2                              00000002
ANS3                              00000003
ANS4                              00000004
ANS5                              00000005
ANS6                              00000006
ANS7                              00000007
ANS8                              00000000
ANS9                              00000001
ANSEL                             00000188
ANSELH                            00000189
ASCII1                            0000002E
ASCII2                            0000002F
ASCII3                            00000030
ASCII_CONVERSION                  00000031
ASCII_TEMP                        0000002D
BAUDCTL                           00000187
BCLIE                             00000003
BCLIF                             00000003
BF                                00000000
BRG0                              00000000
BRG1                              00000001
BRG10                             00000002
BRG11                             00000003
BRG12                             00000004
BRG13                             00000005
BRG14                             00000006
BRG15                             00000007
BRG16                             00000003
BRG2                              00000002
BRG3                              00000003
BRG4                              00000004
MPASM 5.84  OBLIGATORIO - PARTE4 - NORMALIZA   11-20-2019  17:08:14         PAGE 13


SYMBOL TABLE
  LABEL                             VALUE 

BRG5                              00000005
BRG6                              00000006
BRG7                              00000007
BRG8                              00000000
BRG9                              00000001
BRGH                              00000002
C                                 00000000
C1CH0                             00000000
C1CH1                             00000001
C1IE                              00000005
C1IF                              00000005
C1OE                              00000005
C1ON                              00000007
C1OUT                             00000006
C1POL                             00000004
C1R                               00000002
C1RSEL                            00000005
C1SEN                             00000005
C2CH0                             00000000
C2CH1                             00000001
C2IE                              00000006
C2IF                              00000006
C2OE                              00000005
C2ON                              00000007
C2OUT                             00000006
C2POL                             00000004
C2R                               00000002
C2REN                             00000004
C2RSEL                            00000004
C2SYNC                            00000000
CCP1CON                           00000017
CCP1IE                            00000002
CCP1IF                            00000002
CCP1M0                            00000000
CCP1M1                            00000001
CCP1M2                            00000002
CCP1M3                            00000003
CCP1X                             00000005
CCP1Y                             00000004
CCP2CON                           0000001D
CCP2IE                            00000000
CCP2IF                            00000000
CCP2M0                            00000000
CCP2M1                            00000001
CCP2M2                            00000002
CCP2M3                            00000003
CCP2X                             00000005
CCP2Y                             00000004
CCPR1                             00000015
CCPR1H                            00000016
CCPR1L                            00000015
CCPR2                             0000001B
CCPR2H                            0000001C
MPASM 5.84  OBLIGATORIO - PARTE4 - NORMALIZA   11-20-2019  17:08:14         PAGE 14


SYMBOL TABLE
  LABEL                             VALUE 

CCPR2L                            0000001B
CHS0                              00000002
CHS1                              00000003
CHS2                              00000004
CHS3                              00000005
CKE                               00000006
CKP                               00000004
CM1CON0                           00000107
CM2CON0                           00000108
CM2CON1                           00000109
COCIENTE                          00000038
CREN                              00000004
CSRC                              00000007
D                                 00000005
DATA_ADDRESS                      00000005
DC                                00000001
DC1B0                             00000004
DC1B1                             00000005
DC2B0                             00000004
DC2B1                             00000005
DIVIDENDO                         0000003A
DIVISOR                           0000002A
DIVISOR_REGLA                     00000034
D_A                               00000005
D_NOT_A                           00000005
ECCPAS                            0000009C
ECCPAS0                           00000004
ECCPAS1                           00000005
ECCPAS2                           00000006
ECCPASE                           00000007
EEADR                             0000010D
EEADRH                            0000010F
EECON1                            0000018C
EECON2                            0000018D
EEDAT                             0000010C
EEDATA                            0000010C
EEDATH                            0000010E
EEIE                              00000004
EEIF                              00000004
EEPGD                             00000007
F                                 00000001
FERR                              00000002
FSR                               00000004
FVREN                             00000000
GCEN                              00000007
GIE                               00000007
GO                                00000001
GO_DONE                           00000001
GO_NOT_DONE                       00000001
HTS                               00000002
I2C_DATA                          00000005
I2C_READ                          00000002
I2C_START                         00000003
MPASM 5.84  OBLIGATORIO - PARTE4 - NORMALIZA   11-20-2019  17:08:14         PAGE 15


SYMBOL TABLE
  LABEL                             VALUE 

I2C_STOP                          00000004
INDF                              00000000
INTCON                            0000000B
INTE                              00000004
INTEDG                            00000006
INTF                              00000001
IOCB                              00000096
IOCB0                             00000000
IOCB1                             00000001
IOCB2                             00000002
IOCB3                             00000003
IOCB4                             00000004
IOCB5                             00000005
IOCB6                             00000006
IOCB7                             00000007
IRCF0                             00000004
IRCF1                             00000005
IRCF2                             00000006
IRP                               00000007
LTS                               00000001
MC1OUT                            00000007
MC2OUT                            00000006
MSK                               00000093
MSK0                              00000000
MSK1                              00000001
MSK2                              00000002
MSK3                              00000003
MSK4                              00000004
MSK5                              00000005
MSK6                              00000006
MSK7                              00000007
MULT                              00000032
MULTIPLICANDO                     00000029
MULTIPLICANDO_REGLA               00000033
NOT_A                             00000005
NOT_ADDRESS                       00000005
NOT_BO                            00000000
NOT_BOR                           00000000
NOT_DONE                          00000001
NOT_PD                            00000003
NOT_POR                           00000001
NOT_RBPU                          00000007
NOT_RC8                           00000006
NOT_T1SYNC                        00000002
NOT_TO                            00000004
NOT_TX8                           00000006
NOT_W                             00000002
NOT_WRITE                         00000002
OERR                              00000001
OPTION_REG                        00000081
OSCCON                            0000008F
OSCTUNE                           00000090
OSFIE                             00000007
MPASM 5.84  OBLIGATORIO - PARTE4 - NORMALIZA   11-20-2019  17:08:14         PAGE 16


SYMBOL TABLE
  LABEL                             VALUE 

OSFIF                             00000007
OSTS                              00000003
P                                 00000004
P1M0                              00000006
P1M1                              00000007
PCL                               00000002
PCLATH                            0000000A
PCON                              0000008E
PDC0                              00000000
PDC1                              00000001
PDC2                              00000002
PDC3                              00000003
PDC4                              00000004
PDC5                              00000005
PDC6                              00000006
PEIE                              00000006
PEN                               00000002
PIE1                              0000008C
PIE2                              0000008D
PIR1                              0000000C
PIR2                              0000000D
PORTA                             00000005
PORTB                             00000006
PORTC                             00000007
PORTD                             00000008
PORTE                             00000009
PR2                               00000092
PRODH                             0000002C
PRODL                             0000002B
PRSEN                             00000007
PS0                               00000000
PS1                               00000001
PS2                               00000002
PSA                               00000003
PSSAC0                            00000002
PSSAC1                            00000003
PSSBD0                            00000000
PSSBD1                            00000001
PSTRCON                           0000009D
PULSR                             00000002
PULSS                             00000003
PWM1CON                           0000009B
R                                 00000002
RA0                               00000000
RA1                               00000001
RA2                               00000002
RA3                               00000003
RA4                               00000004
RA5                               00000005
RA6                               00000006
RA7                               00000007
RB0                               00000000
RB1                               00000001
MPASM 5.84  OBLIGATORIO - PARTE4 - NORMALIZA   11-20-2019  17:08:14         PAGE 17


SYMBOL TABLE
  LABEL                             VALUE 

RB2                               00000002
RB3                               00000003
RB4                               00000004
RB5                               00000005
RB6                               00000006
RB7                               00000007
RBIE                              00000003
RBIF                              00000000
RC0                               00000000
RC1                               00000001
RC2                               00000002
RC3                               00000003
RC4                               00000004
RC5                               00000005
RC6                               00000006
RC7                               00000007
RC8_9                             00000006
RC9                               00000006
RCD8                              00000000
RCEN                              00000003
RCIDL                             00000006
RCIE                              00000005
RCIF                              00000005
RCREG                             0000001A
RCSTA                             00000018
RD                                00000000
RD0                               00000000
RD1                               00000001
RD2                               00000002
RD3                               00000003
RD4                               00000004
RD5                               00000005
RD6                               00000006
RD7                               00000007
RE0                               00000000
RE1                               00000001
RE2                               00000002
RE3                               00000003
READ_WRITE                        00000002
REGLAE                            00000035
REGLAF                            00000036
RESTO                             00000039
RP0                               00000005
RP1                               00000006
RSEN                              00000001
RX9                               00000006
RX9D                              00000000
R_NOT_W                           00000002
R_W                               00000002
S                                 00000003
SBOREN                            00000004
SCKP                              00000004
SCS                               00000000
MPASM 5.84  OBLIGATORIO - PARTE4 - NORMALIZA   11-20-2019  17:08:14         PAGE 18


SYMBOL TABLE
  LABEL                             VALUE 

SEN                               00000000
SENDB                             00000003
SMP                               00000007
SPBRG                             00000099
SPBRGH                            0000009A
SPEN                              00000007
SR0                               00000006
SR1                               00000007
SRCON                             00000185
SREN                              00000005
SSPADD                            00000093
SSPBUF                            00000013
SSPCON                            00000014
SSPCON2                           00000091
SSPEN                             00000005
SSPIE                             00000003
SSPIF                             00000003
SSPM0                             00000000
SSPM1                             00000001
SSPM2                             00000002
SSPM3                             00000003
SSPMSK                            00000093
SSPOV                             00000006
SSPSTAT                           00000094
STATUS                            00000003
STATUS_TEMP                       00000021
STATUS_TEMP_CASE                  00000027
STRA                              00000000
STRB                              00000001
STRC                              00000002
STRD                              00000003
STRSYNC                           00000004
SWDTEN                            00000000
SYNC                              00000004
T0CS                              00000005
T0IE                              00000005
T0IF                              00000002
T0SE                              00000004
T1CKPS0                           00000004
T1CKPS1                           00000005
T1CON                             00000010
T1GINV                            00000007
T1GIV                             00000007
T1GSS                             00000001
T1INSYNC                          00000002
T1OSCEN                           00000003
T1SYNC                            00000002
T2CKPS0                           00000000
T2CKPS1                           00000001
T2CON                             00000012
TEMP_W                            00000026
TMR0                              00000001
TMR0IE                            00000005
MPASM 5.84  OBLIGATORIO - PARTE4 - NORMALIZA   11-20-2019  17:08:14         PAGE 19


SYMBOL TABLE
  LABEL                             VALUE 

TMR0IF                            00000002
TMR1                              0000000E
TMR1CS                            00000001
TMR1GE                            00000006
TMR1H                             0000000F
TMR1IE                            00000000
TMR1IF                            00000000
TMR1L                             0000000E
TMR1ON                            00000000
TMR2                              00000011
TMR2IE                            00000001
TMR2IF                            00000001
TMR2ON                            00000002
TOUTPS0                           00000003
TOUTPS1                           00000004
TOUTPS2                           00000005
TOUTPS3                           00000006
TRISA                             00000085
TRISA0                            00000000
TRISA1                            00000001
TRISA2                            00000002
TRISA3                            00000003
TRISA4                            00000004
TRISA5                            00000005
TRISA6                            00000006
TRISA7                            00000007
TRISB                             00000086
TRISB0                            00000000
TRISB1                            00000001
TRISB2                            00000002
TRISB3                            00000003
TRISB4                            00000004
TRISB5                            00000005
TRISB6                            00000006
TRISB7                            00000007
TRISC                             00000087
TRISC0                            00000000
TRISC1                            00000001
TRISC2                            00000002
TRISC3                            00000003
TRISC4                            00000004
TRISC5                            00000005
TRISC6                            00000006
TRISC7                            00000007
TRISD                             00000088
TRISD0                            00000000
TRISD1                            00000001
TRISD2                            00000002
TRISD3                            00000003
TRISD4                            00000004
TRISD5                            00000005
TRISD6                            00000006
TRISD7                            00000007
MPASM 5.84  OBLIGATORIO - PARTE4 - NORMALIZA   11-20-2019  17:08:14         PAGE 20


SYMBOL TABLE
  LABEL                             VALUE 

TRISE                             00000089
TRISE0                            00000000
TRISE1                            00000001
TRISE2                            00000002
TRISE3                            00000003
TRMT                              00000001
TUN0                              00000000
TUN1                              00000001
TUN2                              00000002
TUN3                              00000003
TUN4                              00000004
TX8_9                             00000006
TX9                               00000006
TX9D                              00000000
TXD8                              00000000
TXEN                              00000005
TXIE                              00000004
TXIF                              00000004
TXREG                             00000019
TXSTA                             00000098
UA                                00000001
ULPWUE                            00000005
ULPWUIE                           00000002
ULPWUIF                           00000002
VALOR_CONVERSION                  00000023
VALOR_CONVERSIONH                 00000024
VALOR_CONVERSIONL                 00000025
VALOR_CONVERSION_REGLA            00000037
VALOR_CONVERSION_TEMP             00000022
VCFG0                             00000004
VCFG1                             00000005
VR0                               00000000
VR1                               00000001
VR2                               00000002
VR3                               00000003
VRCON                             00000097
VREN                              00000007
VROE                              00000006
VRR                               00000005
VRSS                              00000004
W                                 00000000
WCOL                              00000007
WDTCON                            00000105
WDTPS0                            00000001
WDTPS1                            00000002
WDTPS2                            00000003
WDTPS3                            00000004
WPUB                              00000095
WPUB0                             00000000
WPUB1                             00000001
WPUB2                             00000002
WPUB3                             00000003
WPUB4                             00000004
MPASM 5.84  OBLIGATORIO - PARTE4 - NORMALIZA   11-20-2019  17:08:14         PAGE 21


SYMBOL TABLE
  LABEL                             VALUE 

WPUB5                             00000005
WPUB6                             00000006
WPUB7                             00000007
WR                                00000001
WREN                              00000002
WRERR                             00000003
WUE                               00000001
W_TEMP                            00000020
W_TEMP_CASE                       00000028
Z                                 00000002
_.org_1_0076                      00000076
_.org_1_007B                      0000007B
_.org_1_00B6                      000000B6
_.org_1_0109                      00000109
_.org_1_0121                      00000121
_BOR21V                           00003EFF
_BOR40V                           00003FFF
_BOR4V_BOR21V                     00003EFF
_BOR4V_BOR40V                     00003FFF
_BOREN_NSLEEP                     00003EFF
_BOREN_OFF                        00003CFF
_BOREN_ON                         00003FFF
_BOREN_SBODEN                     00003DFF
_BOR_NSLEEP                       00003EFF
_BOR_OFF                          00003CFF
_BOR_ON                           00003FFF
_BOR_SBODEN                       00003DFF
_CONFIG1                          00002007
_CONFIG2                          00002008
_CPD_OFF                          00003FFF
_CPD_ON                           00003F7F
_CP_OFF                           00003FFF
_CP_ON                            00003FBF
_DEBUG_OFF                        00003FFF
_DEBUG_ON                         00001FFF
_DEVID1                           00002006
_EC_OSC                           00003FFB
_EXTRC                            00003FFF
_EXTRCIO                          00003FFE
_EXTRC_OSC_CLKOUT                 00003FFF
_EXTRC_OSC_NOCLKOUT               00003FFE
_FCMEN_OFF                        000037FF
_FCMEN_ON                         00003FFF
_FOSC_EC                          00003FFB
_FOSC_EXTRC_CLKOUT                00003FFF
_FOSC_EXTRC_NOCLKOUT              00003FFE
_FOSC_HS                          00003FFA
_FOSC_INTRC_CLKOUT                00003FFD
_FOSC_INTRC_NOCLKOUT              00003FFC
_FOSC_LP                          00003FF8
_FOSC_XT                          00003FF9
_HS_OSC                           00003FFA
_IDLOC0                           00002000
MPASM 5.84  OBLIGATORIO - PARTE4 - NORMALIZA   11-20-2019  17:08:14         PAGE 22


SYMBOL TABLE
  LABEL                             VALUE 

_IDLOC1                           00002001
_IDLOC2                           00002002
_IDLOC3                           00002003
_IESO_OFF                         00003BFF
_IESO_ON                          00003FFF
_INTOSC                           00003FFD
_INTOSCIO                         00003FFC
_INTRC_OSC_CLKOUT                 00003FFD
_INTRC_OSC_NOCLKOUT               00003FFC
_LP_OSC                           00003FF8
_LVP_OFF                          00002FFF
_LVP_ON                           00003FFF
_MCLRE_OFF                        00003FDF
_MCLRE_ON                         00003FFF
_PWRTE_OFF                        00003FFF
_PWRTE_ON                         00003FEF
_WDTE_OFF                         00003FF7
_WDTE_ON                          00003FFF
_WDT_OFF                          00003FF7
_WDT_ON                           00003FFF
_WRT_1FOURTH                      00003BFF
_WRT_256                          00003DFF
_WRT_HALF                         000039FF
_WRT_OFF                          00003FFF
_XT_OSC                           00003FF9
__16F887                          00000001
cargar_contexto                   00000131
cargar_contexto_case              00000136
case_letras                       0000003E
configuracion_inicial             0000000F
convertir_dec_ascii               000000C8
convertir_valor_dec               000000DD
dividir                           0000009F
enviar_conversion_usart_dec       00000057
enviar_conversion_usart_hexa      000000EB
enviar_w                          00000106
guardar_contexto                  00000129
guardar_contexto_case             0000012D
interrupt                         00000008
interrupt_usart                   00000039
loop_dividir                      000000A4
main                              00000005
mainloop                          00000006
mapear_enviar_dec                 000000BA
mapear_enviar_hexa                00000103
mapear_hexa                       0000010E
multiplicar                       00000088
multiplicar_loop                  00000094
realizar_conversion               0000011F
regla_de_tres                     0000006B
restar_dividir                    000000B0
rutina_letra_A                    00000045
rutina_letra_a                    0000004C
MPASM 5.84  OBLIGATORIO - PARTE4 - NORMALIZA   11-20-2019  17:08:14         PAGE 23


SYMBOL TABLE
  LABEL                             VALUE 

sumar_30                          00000115
sumar_37                          0000011A

Errors   :     0
Warnings :    12 reported,     0 suppressed
Messages :    14 reported,     0 suppressed

