Warning[205] C:\USERS\BRUNO.MASOLLER\MPLABXPROJECTS\OBLIGATORIO.X\OBLIGATORIO - PARTE4 - NORMALIZACION DE TEMPERATURA - SIN INTERRUPCIONES.ASM 20 : Found directive in column 1. (cblock)
Warning[205] C:\USERS\BRUNO.MASOLLER\MPLABXPROJECTS\OBLIGATORIO.X\OBLIGATORIO - PARTE4 - NORMALIZACION DE TEMPERATURA - SIN INTERRUPCIONES.ASM 60 : Found directive in column 1. (ENDC)
Warning[205] C:\USERS\BRUNO.MASOLLER\MPLABXPROJECTS\OBLIGATORIO.X\OBLIGATORIO - PARTE4 - NORMALIZACION DE TEMPERATURA - SIN INTERRUPCIONES.ASM 63 : Found directive in column 1. (org)
Warning[203] C:\USERS\BRUNO.MASOLLER\MPLABXPROJECTS\OBLIGATORIO.X\OBLIGATORIO - PARTE4 - NORMALIZACION DE TEMPERATURA - SIN INTERRUPCIONES.ASM 64 : Found opcode in column 1. (goto)
Warning[205] C:\USERS\BRUNO.MASOLLER\MPLABXPROJECTS\OBLIGATORIO.X\OBLIGATORIO - PARTE4 - NORMALIZACION DE TEMPERATURA - SIN INTERRUPCIONES.ASM 66 : Found directive in column 1. (org)
Warning[203] C:\USERS\BRUNO.MASOLLER\MPLABXPROJECTS\OBLIGATORIO.X\OBLIGATORIO - PARTE4 - NORMALIZACION DE TEMPERATURA - SIN INTERRUPCIONES.ASM 67 : Found opcode in column 1. (goto)
Message[302] C:\USERS\BRUNO.MASOLLER\MPLABXPROJECTS\OBLIGATORIO.X\OBLIGATORIO - PARTE4 - NORMALIZACION DE TEMPERATURA - SIN INTERRUPCIONES.ASM 92 : Register in operand not in bank 0.  Ensure that bank bits are correct.
Message[302] C:\USERS\BRUNO.MASOLLER\MPLABXPROJECTS\OBLIGATORIO.X\OBLIGATORIO - PARTE4 - NORMALIZACION DE TEMPERATURA - SIN INTERRUPCIONES.ASM 93 : Register in operand not in bank 0.  Ensure that bank bits are correct.
Message[302] C:\USERS\BRUNO.MASOLLER\MPLABXPROJECTS\OBLIGATORIO.X\OBLIGATORIO - PARTE4 - NORMALIZACION DE TEMPERATURA - SIN INTERRUPCIONES.ASM 95 : Register in operand not in bank 0.  Ensure that bank bits are correct.
Message[302] C:\USERS\BRUNO.MASOLLER\MPLABXPROJECTS\OBLIGATORIO.X\OBLIGATORIO - PARTE4 - NORMALIZACION DE TEMPERATURA - SIN INTERRUPCIONES.ASM 96 : Register in operand not in bank 0.  Ensure that bank bits are correct.
Message[302] C:\USERS\BRUNO.MASOLLER\MPLABXPROJECTS\OBLIGATORIO.X\OBLIGATORIO - PARTE4 - NORMALIZACION DE TEMPERATURA - SIN INTERRUPCIONES.ASM 102 : Register in operand not in bank 0.  Ensure that bank bits are correct.
Message[302] C:\USERS\BRUNO.MASOLLER\MPLABXPROJECTS\OBLIGATORIO.X\OBLIGATORIO - PARTE4 - NORMALIZACION DE TEMPERATURA - SIN INTERRUPCIONES.ASM 104 : Register in operand not in bank 0.  Ensure that bank bits are correct.
Message[302] C:\USERS\BRUNO.MASOLLER\MPLABXPROJECTS\OBLIGATORIO.X\OBLIGATORIO - PARTE4 - NORMALIZACION DE TEMPERATURA - SIN INTERRUPCIONES.ASM 117 : Register in operand not in bank 0.  Ensure that bank bits are correct.
Message[302] C:\USERS\BRUNO.MASOLLER\MPLABXPROJECTS\OBLIGATORIO.X\OBLIGATORIO - PARTE4 - NORMALIZACION DE TEMPERATURA - SIN INTERRUPCIONES.ASM 119 : Register in operand not in bank 0.  Ensure that bank bits are correct.
Message[302] C:\USERS\BRUNO.MASOLLER\MPLABXPROJECTS\OBLIGATORIO.X\OBLIGATORIO - PARTE4 - NORMALIZACION DE TEMPERATURA - SIN INTERRUPCIONES.ASM 121 : Register in operand not in bank 0.  Ensure that bank bits are correct.
Message[302] C:\USERS\BRUNO.MASOLLER\MPLABXPROJECTS\OBLIGATORIO.X\OBLIGATORIO - PARTE4 - NORMALIZACION DE TEMPERATURA - SIN INTERRUPCIONES.ASM 124 : Register in operand not in bank 0.  Ensure that bank bits are correct.
Message[302] C:\USERS\BRUNO.MASOLLER\MPLABXPROJECTS\OBLIGATORIO.X\OBLIGATORIO - PARTE4 - NORMALIZACION DE TEMPERATURA - SIN INTERRUPCIONES.ASM 127 : Register in operand not in bank 0.  Ensure that bank bits are correct.
Message[302] C:\USERS\BRUNO.MASOLLER\MPLABXPROJECTS\OBLIGATORIO.X\OBLIGATORIO - PARTE4 - NORMALIZACION DE TEMPERATURA - SIN INTERRUPCIONES.ASM 128 : Register in operand not in bank 0.  Ensure that bank bits are correct.
Warning[207] C:\USERS\BRUNO.MASOLLER\MPLABXPROJECTS\OBLIGATORIO.X\OBLIGATORIO - PARTE4 - NORMALIZACION DE TEMPERATURA - SIN INTERRUPCIONES.ASM 145 : Found label after column 1. (leer_usart1)
Warning[207] C:\USERS\BRUNO.MASOLLER\MPLABXPROJECTS\OBLIGATORIO.X\OBLIGATORIO - PARTE4 - NORMALIZACION DE TEMPERATURA - SIN INTERRUPCIONES.ASM 357 : Found label after column 1. (multiplicar_loop)
Warning[207] C:\USERS\BRUNO.MASOLLER\MPLABXPROJECTS\OBLIGATORIO.X\OBLIGATORIO - PARTE4 - NORMALIZACION DE TEMPERATURA - SIN INTERRUPCIONES.ASM 377 : Found label after column 1. (loop_dividir)
Warning[207] C:\USERS\BRUNO.MASOLLER\MPLABXPROJECTS\OBLIGATORIO.X\OBLIGATORIO - PARTE4 - NORMALIZACION DE TEMPERATURA - SIN INTERRUPCIONES.ASM 398 : Found label after column 1. (restar_dividir)
Warning[205] C:\USERS\BRUNO.MASOLLER\MPLABXPROJECTS\OBLIGATORIO.X\OBLIGATORIO - PARTE4 - NORMALIZACION DE TEMPERATURA - SIN INTERRUPCIONES.ASM 521 : Found directive in column 1. (end)
