Warning[205] C:\USERS\BRUNO.MASOLLER\MPLABXPROJECTS\OBLIGATORIO.X\OBLIGATORIO - PARTE2 - PROTOCOLO ENTRE PIC Y EL PC - SIN INTERRUPCIONES.ASM 20 : Found directive in column 1. (cblock)
Warning[205] C:\USERS\BRUNO.MASOLLER\MPLABXPROJECTS\OBLIGATORIO.X\OBLIGATORIO - PARTE2 - PROTOCOLO ENTRE PIC Y EL PC - SIN INTERRUPCIONES.ASM 43 : Found directive in column 1. (ENDC)
Warning[205] C:\USERS\BRUNO.MASOLLER\MPLABXPROJECTS\OBLIGATORIO.X\OBLIGATORIO - PARTE2 - PROTOCOLO ENTRE PIC Y EL PC - SIN INTERRUPCIONES.ASM 46 : Found directive in column 1. (org)
Warning[203] C:\USERS\BRUNO.MASOLLER\MPLABXPROJECTS\OBLIGATORIO.X\OBLIGATORIO - PARTE2 - PROTOCOLO ENTRE PIC Y EL PC - SIN INTERRUPCIONES.ASM 47 : Found opcode in column 1. (goto)
Warning[205] C:\USERS\BRUNO.MASOLLER\MPLABXPROJECTS\OBLIGATORIO.X\OBLIGATORIO - PARTE2 - PROTOCOLO ENTRE PIC Y EL PC - SIN INTERRUPCIONES.ASM 49 : Found directive in column 1. (org)
Warning[203] C:\USERS\BRUNO.MASOLLER\MPLABXPROJECTS\OBLIGATORIO.X\OBLIGATORIO - PARTE2 - PROTOCOLO ENTRE PIC Y EL PC - SIN INTERRUPCIONES.ASM 50 : Found opcode in column 1. (goto)
Message[302] C:\USERS\BRUNO.MASOLLER\MPLABXPROJECTS\OBLIGATORIO.X\OBLIGATORIO - PARTE2 - PROTOCOLO ENTRE PIC Y EL PC - SIN INTERRUPCIONES.ASM 88 : Register in operand not in bank 0.  Ensure that bank bits are correct.
Message[302] C:\USERS\BRUNO.MASOLLER\MPLABXPROJECTS\OBLIGATORIO.X\OBLIGATORIO - PARTE2 - PROTOCOLO ENTRE PIC Y EL PC - SIN INTERRUPCIONES.ASM 89 : Register in operand not in bank 0.  Ensure that bank bits are correct.
Message[302] C:\USERS\BRUNO.MASOLLER\MPLABXPROJECTS\OBLIGATORIO.X\OBLIGATORIO - PARTE2 - PROTOCOLO ENTRE PIC Y EL PC - SIN INTERRUPCIONES.ASM 91 : Register in operand not in bank 0.  Ensure that bank bits are correct.
Message[302] C:\USERS\BRUNO.MASOLLER\MPLABXPROJECTS\OBLIGATORIO.X\OBLIGATORIO - PARTE2 - PROTOCOLO ENTRE PIC Y EL PC - SIN INTERRUPCIONES.ASM 92 : Register in operand not in bank 0.  Ensure that bank bits are correct.
Message[302] C:\USERS\BRUNO.MASOLLER\MPLABXPROJECTS\OBLIGATORIO.X\OBLIGATORIO - PARTE2 - PROTOCOLO ENTRE PIC Y EL PC - SIN INTERRUPCIONES.ASM 98 : Register in operand not in bank 0.  Ensure that bank bits are correct.
Message[302] C:\USERS\BRUNO.MASOLLER\MPLABXPROJECTS\OBLIGATORIO.X\OBLIGATORIO - PARTE2 - PROTOCOLO ENTRE PIC Y EL PC - SIN INTERRUPCIONES.ASM 100 : Register in operand not in bank 0.  Ensure that bank bits are correct.
Message[302] C:\USERS\BRUNO.MASOLLER\MPLABXPROJECTS\OBLIGATORIO.X\OBLIGATORIO - PARTE2 - PROTOCOLO ENTRE PIC Y EL PC - SIN INTERRUPCIONES.ASM 113 : Register in operand not in bank 0.  Ensure that bank bits are correct.
Message[302] C:\USERS\BRUNO.MASOLLER\MPLABXPROJECTS\OBLIGATORIO.X\OBLIGATORIO - PARTE2 - PROTOCOLO ENTRE PIC Y EL PC - SIN INTERRUPCIONES.ASM 115 : Register in operand not in bank 0.  Ensure that bank bits are correct.
Message[302] C:\USERS\BRUNO.MASOLLER\MPLABXPROJECTS\OBLIGATORIO.X\OBLIGATORIO - PARTE2 - PROTOCOLO ENTRE PIC Y EL PC - SIN INTERRUPCIONES.ASM 117 : Register in operand not in bank 0.  Ensure that bank bits are correct.
Message[302] C:\USERS\BRUNO.MASOLLER\MPLABXPROJECTS\OBLIGATORIO.X\OBLIGATORIO - PARTE2 - PROTOCOLO ENTRE PIC Y EL PC - SIN INTERRUPCIONES.ASM 120 : Register in operand not in bank 0.  Ensure that bank bits are correct.
Message[302] C:\USERS\BRUNO.MASOLLER\MPLABXPROJECTS\OBLIGATORIO.X\OBLIGATORIO - PARTE2 - PROTOCOLO ENTRE PIC Y EL PC - SIN INTERRUPCIONES.ASM 123 : Register in operand not in bank 0.  Ensure that bank bits are correct.
Message[302] C:\USERS\BRUNO.MASOLLER\MPLABXPROJECTS\OBLIGATORIO.X\OBLIGATORIO - PARTE2 - PROTOCOLO ENTRE PIC Y EL PC - SIN INTERRUPCIONES.ASM 124 : Register in operand not in bank 0.  Ensure that bank bits are correct.
Message[302] C:\USERS\BRUNO.MASOLLER\MPLABXPROJECTS\OBLIGATORIO.X\OBLIGATORIO - PARTE2 - PROTOCOLO ENTRE PIC Y EL PC - SIN INTERRUPCIONES.ASM 130 : Register in operand not in bank 0.  Ensure that bank bits are correct.
Message[302] C:\USERS\BRUNO.MASOLLER\MPLABXPROJECTS\OBLIGATORIO.X\OBLIGATORIO - PARTE2 - PROTOCOLO ENTRE PIC Y EL PC - SIN INTERRUPCIONES.ASM 149 : Register in operand not in bank 0.  Ensure that bank bits are correct.
Warning[207] C:\USERS\BRUNO.MASOLLER\MPLABXPROJECTS\OBLIGATORIO.X\OBLIGATORIO - PARTE2 - PROTOCOLO ENTRE PIC Y EL PC - SIN INTERRUPCIONES.ASM 225 : Found label after column 1. (WhileLoopInicio)
Message[302] C:\USERS\BRUNO.MASOLLER\MPLABXPROJECTS\OBLIGATORIO.X\OBLIGATORIO - PARTE2 - PROTOCOLO ENTRE PIC Y EL PC - SIN INTERRUPCIONES.ASM 230 : Register in operand not in bank 0.  Ensure that bank bits are correct.
Message[302] C:\USERS\BRUNO.MASOLLER\MPLABXPROJECTS\OBLIGATORIO.X\OBLIGATORIO - PARTE2 - PROTOCOLO ENTRE PIC Y EL PC - SIN INTERRUPCIONES.ASM 348 : Register in operand not in bank 0.  Ensure that bank bits are correct.
Message[302] C:\USERS\BRUNO.MASOLLER\MPLABXPROJECTS\OBLIGATORIO.X\OBLIGATORIO - PARTE2 - PROTOCOLO ENTRE PIC Y EL PC - SIN INTERRUPCIONES.ASM 352 : Register in operand not in bank 0.  Ensure that bank bits are correct.
Message[302] C:\USERS\BRUNO.MASOLLER\MPLABXPROJECTS\OBLIGATORIO.X\OBLIGATORIO - PARTE2 - PROTOCOLO ENTRE PIC Y EL PC - SIN INTERRUPCIONES.ASM 360 : Register in operand not in bank 0.  Ensure that bank bits are correct.
Message[302] C:\USERS\BRUNO.MASOLLER\MPLABXPROJECTS\OBLIGATORIO.X\OBLIGATORIO - PARTE2 - PROTOCOLO ENTRE PIC Y EL PC - SIN INTERRUPCIONES.ASM 364 : Register in operand not in bank 0.  Ensure that bank bits are correct.
Message[302] C:\USERS\BRUNO.MASOLLER\MPLABXPROJECTS\OBLIGATORIO.X\OBLIGATORIO - PARTE2 - PROTOCOLO ENTRE PIC Y EL PC - SIN INTERRUPCIONES.ASM 378 : Register in operand not in bank 0.  Ensure that bank bits are correct.
Message[302] C:\USERS\BRUNO.MASOLLER\MPLABXPROJECTS\OBLIGATORIO.X\OBLIGATORIO - PARTE2 - PROTOCOLO ENTRE PIC Y EL PC - SIN INTERRUPCIONES.ASM 383 : Register in operand not in bank 0.  Ensure that bank bits are correct.
Message[302] C:\USERS\BRUNO.MASOLLER\MPLABXPROJECTS\OBLIGATORIO.X\OBLIGATORIO - PARTE2 - PROTOCOLO ENTRE PIC Y EL PC - SIN INTERRUPCIONES.ASM 394 : Register in operand not in bank 0.  Ensure that bank bits are correct.
Message[302] C:\USERS\BRUNO.MASOLLER\MPLABXPROJECTS\OBLIGATORIO.X\OBLIGATORIO - PARTE2 - PROTOCOLO ENTRE PIC Y EL PC - SIN INTERRUPCIONES.ASM 417 : Register in operand not in bank 0.  Ensure that bank bits are correct.
Message[302] C:\USERS\BRUNO.MASOLLER\MPLABXPROJECTS\OBLIGATORIO.X\OBLIGATORIO - PARTE2 - PROTOCOLO ENTRE PIC Y EL PC - SIN INTERRUPCIONES.ASM 421 : Register in operand not in bank 0.  Ensure that bank bits are correct.
Message[302] C:\USERS\BRUNO.MASOLLER\MPLABXPROJECTS\OBLIGATORIO.X\OBLIGATORIO - PARTE2 - PROTOCOLO ENTRE PIC Y EL PC - SIN INTERRUPCIONES.ASM 430 : Register in operand not in bank 0.  Ensure that bank bits are correct.
Message[302] C:\USERS\BRUNO.MASOLLER\MPLABXPROJECTS\OBLIGATORIO.X\OBLIGATORIO - PARTE2 - PROTOCOLO ENTRE PIC Y EL PC - SIN INTERRUPCIONES.ASM 433 : Register in operand not in bank 0.  Ensure that bank bits are correct.
Message[302] C:\USERS\BRUNO.MASOLLER\MPLABXPROJECTS\OBLIGATORIO.X\OBLIGATORIO - PARTE2 - PROTOCOLO ENTRE PIC Y EL PC - SIN INTERRUPCIONES.ASM 434 : Register in operand not in bank 0.  Ensure that bank bits are correct.
Message[302] C:\USERS\BRUNO.MASOLLER\MPLABXPROJECTS\OBLIGATORIO.X\OBLIGATORIO - PARTE2 - PROTOCOLO ENTRE PIC Y EL PC - SIN INTERRUPCIONES.ASM 436 : Register in operand not in bank 0.  Ensure that bank bits are correct.
Message[302] C:\USERS\BRUNO.MASOLLER\MPLABXPROJECTS\OBLIGATORIO.X\OBLIGATORIO - PARTE2 - PROTOCOLO ENTRE PIC Y EL PC - SIN INTERRUPCIONES.ASM 442 : Register in operand not in bank 0.  Ensure that bank bits are correct.
Message[302] C:\USERS\BRUNO.MASOLLER\MPLABXPROJECTS\OBLIGATORIO.X\OBLIGATORIO - PARTE2 - PROTOCOLO ENTRE PIC Y EL PC - SIN INTERRUPCIONES.ASM 443 : Register in operand not in bank 0.  Ensure that bank bits are correct.
Message[302] C:\USERS\BRUNO.MASOLLER\MPLABXPROJECTS\OBLIGATORIO.X\OBLIGATORIO - PARTE2 - PROTOCOLO ENTRE PIC Y EL PC - SIN INTERRUPCIONES.ASM 451 : Register in operand not in bank 0.  Ensure that bank bits are correct.
Message[302] C:\USERS\BRUNO.MASOLLER\MPLABXPROJECTS\OBLIGATORIO.X\OBLIGATORIO - PARTE2 - PROTOCOLO ENTRE PIC Y EL PC - SIN INTERRUPCIONES.ASM 453 : Register in operand not in bank 0.  Ensure that bank bits are correct.
Message[302] C:\USERS\BRUNO.MASOLLER\MPLABXPROJECTS\OBLIGATORIO.X\OBLIGATORIO - PARTE2 - PROTOCOLO ENTRE PIC Y EL PC - SIN INTERRUPCIONES.ASM 454 : Register in operand not in bank 0.  Ensure that bank bits are correct.
Message[302] C:\USERS\BRUNO.MASOLLER\MPLABXPROJECTS\OBLIGATORIO.X\OBLIGATORIO - PARTE2 - PROTOCOLO ENTRE PIC Y EL PC - SIN INTERRUPCIONES.ASM 458 : Register in operand not in bank 0.  Ensure that bank bits are correct.
Message[302] C:\USERS\BRUNO.MASOLLER\MPLABXPROJECTS\OBLIGATORIO.X\OBLIGATORIO - PARTE2 - PROTOCOLO ENTRE PIC Y EL PC - SIN INTERRUPCIONES.ASM 460 : Register in operand not in bank 0.  Ensure that bank bits are correct.
Warning[205] C:\USERS\BRUNO.MASOLLER\MPLABXPROJECTS\OBLIGATORIO.X\OBLIGATORIO - PARTE2 - PROTOCOLO ENTRE PIC Y EL PC - SIN INTERRUPCIONES.ASM 558 : Found directive in column 1. (end)
