Warning[205] C:\USERS\BRUNO.MASOLLER\MPLABXPROJECTS\OBLIGATORIO.X\OBLIGATORIO - FULL.ASM 20 : Found directive in column 1. (cblock)
Warning[205] C:\USERS\BRUNO.MASOLLER\MPLABXPROJECTS\OBLIGATORIO.X\OBLIGATORIO - FULL.ASM 61 : Found directive in column 1. (ENDC)
Warning[205] C:\USERS\BRUNO.MASOLLER\MPLABXPROJECTS\OBLIGATORIO.X\OBLIGATORIO - FULL.ASM 64 : Found directive in column 1. (org)
Warning[203] C:\USERS\BRUNO.MASOLLER\MPLABXPROJECTS\OBLIGATORIO.X\OBLIGATORIO - FULL.ASM 65 : Found opcode in column 1. (goto)
Warning[205] C:\USERS\BRUNO.MASOLLER\MPLABXPROJECTS\OBLIGATORIO.X\OBLIGATORIO - FULL.ASM 67 : Found directive in column 1. (org)
Warning[203] C:\USERS\BRUNO.MASOLLER\MPLABXPROJECTS\OBLIGATORIO.X\OBLIGATORIO - FULL.ASM 68 : Found opcode in column 1. (goto)
Message[302] C:\USERS\BRUNO.MASOLLER\MPLABXPROJECTS\OBLIGATORIO.X\OBLIGATORIO - FULL.ASM 114 : Register in operand not in bank 0.  Ensure that bank bits are correct.
Message[302] C:\USERS\BRUNO.MASOLLER\MPLABXPROJECTS\OBLIGATORIO.X\OBLIGATORIO - FULL.ASM 115 : Register in operand not in bank 0.  Ensure that bank bits are correct.
Message[302] C:\USERS\BRUNO.MASOLLER\MPLABXPROJECTS\OBLIGATORIO.X\OBLIGATORIO - FULL.ASM 117 : Register in operand not in bank 0.  Ensure that bank bits are correct.
Message[302] C:\USERS\BRUNO.MASOLLER\MPLABXPROJECTS\OBLIGATORIO.X\OBLIGATORIO - FULL.ASM 118 : Register in operand not in bank 0.  Ensure that bank bits are correct.
Message[302] C:\USERS\BRUNO.MASOLLER\MPLABXPROJECTS\OBLIGATORIO.X\OBLIGATORIO - FULL.ASM 124 : Register in operand not in bank 0.  Ensure that bank bits are correct.
Message[302] C:\USERS\BRUNO.MASOLLER\MPLABXPROJECTS\OBLIGATORIO.X\OBLIGATORIO - FULL.ASM 126 : Register in operand not in bank 0.  Ensure that bank bits are correct.
Message[302] C:\USERS\BRUNO.MASOLLER\MPLABXPROJECTS\OBLIGATORIO.X\OBLIGATORIO - FULL.ASM 139 : Register in operand not in bank 0.  Ensure that bank bits are correct.
Message[302] C:\USERS\BRUNO.MASOLLER\MPLABXPROJECTS\OBLIGATORIO.X\OBLIGATORIO - FULL.ASM 141 : Register in operand not in bank 0.  Ensure that bank bits are correct.
Message[302] C:\USERS\BRUNO.MASOLLER\MPLABXPROJECTS\OBLIGATORIO.X\OBLIGATORIO - FULL.ASM 143 : Register in operand not in bank 0.  Ensure that bank bits are correct.
Message[302] C:\USERS\BRUNO.MASOLLER\MPLABXPROJECTS\OBLIGATORIO.X\OBLIGATORIO - FULL.ASM 146 : Register in operand not in bank 0.  Ensure that bank bits are correct.
Message[302] C:\USERS\BRUNO.MASOLLER\MPLABXPROJECTS\OBLIGATORIO.X\OBLIGATORIO - FULL.ASM 149 : Register in operand not in bank 0.  Ensure that bank bits are correct.
Message[302] C:\USERS\BRUNO.MASOLLER\MPLABXPROJECTS\OBLIGATORIO.X\OBLIGATORIO - FULL.ASM 150 : Register in operand not in bank 0.  Ensure that bank bits are correct.
Message[302] C:\USERS\BRUNO.MASOLLER\MPLABXPROJECTS\OBLIGATORIO.X\OBLIGATORIO - FULL.ASM 157 : Register in operand not in bank 0.  Ensure that bank bits are correct.
Message[302] C:\USERS\BRUNO.MASOLLER\MPLABXPROJECTS\OBLIGATORIO.X\OBLIGATORIO - FULL.ASM 176 : Register in operand not in bank 0.  Ensure that bank bits are correct.
Warning[207] C:\USERS\BRUNO.MASOLLER\MPLABXPROJECTS\OBLIGATORIO.X\OBLIGATORIO - FULL.ASM 248 : Found label after column 1. (WhileLoopInicio)
Message[302] C:\USERS\BRUNO.MASOLLER\MPLABXPROJECTS\OBLIGATORIO.X\OBLIGATORIO - FULL.ASM 253 : Register in operand not in bank 0.  Ensure that bank bits are correct.
Warning[207] C:\USERS\BRUNO.MASOLLER\MPLABXPROJECTS\OBLIGATORIO.X\OBLIGATORIO - FULL.ASM 391 : Found label after column 1. (multiplicar_loop)
Warning[207] C:\USERS\BRUNO.MASOLLER\MPLABXPROJECTS\OBLIGATORIO.X\OBLIGATORIO - FULL.ASM 411 : Found label after column 1. (loop_dividir)
Warning[207] C:\USERS\BRUNO.MASOLLER\MPLABXPROJECTS\OBLIGATORIO.X\OBLIGATORIO - FULL.ASM 432 : Found label after column 1. (restar_dividir)
Message[302] C:\USERS\BRUNO.MASOLLER\MPLABXPROJECTS\OBLIGATORIO.X\OBLIGATORIO - FULL.ASM 579 : Register in operand not in bank 0.  Ensure that bank bits are correct.
Message[302] C:\USERS\BRUNO.MASOLLER\MPLABXPROJECTS\OBLIGATORIO.X\OBLIGATORIO - FULL.ASM 583 : Register in operand not in bank 0.  Ensure that bank bits are correct.
Message[302] C:\USERS\BRUNO.MASOLLER\MPLABXPROJECTS\OBLIGATORIO.X\OBLIGATORIO - FULL.ASM 591 : Register in operand not in bank 0.  Ensure that bank bits are correct.
Message[302] C:\USERS\BRUNO.MASOLLER\MPLABXPROJECTS\OBLIGATORIO.X\OBLIGATORIO - FULL.ASM 595 : Register in operand not in bank 0.  Ensure that bank bits are correct.
Message[302] C:\USERS\BRUNO.MASOLLER\MPLABXPROJECTS\OBLIGATORIO.X\OBLIGATORIO - FULL.ASM 609 : Register in operand not in bank 0.  Ensure that bank bits are correct.
Message[302] C:\USERS\BRUNO.MASOLLER\MPLABXPROJECTS\OBLIGATORIO.X\OBLIGATORIO - FULL.ASM 614 : Register in operand not in bank 0.  Ensure that bank bits are correct.
Message[302] C:\USERS\BRUNO.MASOLLER\MPLABXPROJECTS\OBLIGATORIO.X\OBLIGATORIO - FULL.ASM 625 : Register in operand not in bank 0.  Ensure that bank bits are correct.
Message[302] C:\USERS\BRUNO.MASOLLER\MPLABXPROJECTS\OBLIGATORIO.X\OBLIGATORIO - FULL.ASM 648 : Register in operand not in bank 0.  Ensure that bank bits are correct.
Message[302] C:\USERS\BRUNO.MASOLLER\MPLABXPROJECTS\OBLIGATORIO.X\OBLIGATORIO - FULL.ASM 652 : Register in operand not in bank 0.  Ensure that bank bits are correct.
Message[302] C:\USERS\BRUNO.MASOLLER\MPLABXPROJECTS\OBLIGATORIO.X\OBLIGATORIO - FULL.ASM 661 : Register in operand not in bank 0.  Ensure that bank bits are correct.
Message[302] C:\USERS\BRUNO.MASOLLER\MPLABXPROJECTS\OBLIGATORIO.X\OBLIGATORIO - FULL.ASM 664 : Register in operand not in bank 0.  Ensure that bank bits are correct.
Message[302] C:\USERS\BRUNO.MASOLLER\MPLABXPROJECTS\OBLIGATORIO.X\OBLIGATORIO - FULL.ASM 665 : Register in operand not in bank 0.  Ensure that bank bits are correct.
Message[302] C:\USERS\BRUNO.MASOLLER\MPLABXPROJECTS\OBLIGATORIO.X\OBLIGATORIO - FULL.ASM 667 : Register in operand not in bank 0.  Ensure that bank bits are correct.
Message[302] C:\USERS\BRUNO.MASOLLER\MPLABXPROJECTS\OBLIGATORIO.X\OBLIGATORIO - FULL.ASM 673 : Register in operand not in bank 0.  Ensure that bank bits are correct.
Message[302] C:\USERS\BRUNO.MASOLLER\MPLABXPROJECTS\OBLIGATORIO.X\OBLIGATORIO - FULL.ASM 674 : Register in operand not in bank 0.  Ensure that bank bits are correct.
Message[302] C:\USERS\BRUNO.MASOLLER\MPLABXPROJECTS\OBLIGATORIO.X\OBLIGATORIO - FULL.ASM 682 : Register in operand not in bank 0.  Ensure that bank bits are correct.
Message[302] C:\USERS\BRUNO.MASOLLER\MPLABXPROJECTS\OBLIGATORIO.X\OBLIGATORIO - FULL.ASM 684 : Register in operand not in bank 0.  Ensure that bank bits are correct.
Message[302] C:\USERS\BRUNO.MASOLLER\MPLABXPROJECTS\OBLIGATORIO.X\OBLIGATORIO - FULL.ASM 685 : Register in operand not in bank 0.  Ensure that bank bits are correct.
Message[302] C:\USERS\BRUNO.MASOLLER\MPLABXPROJECTS\OBLIGATORIO.X\OBLIGATORIO - FULL.ASM 689 : Register in operand not in bank 0.  Ensure that bank bits are correct.
Message[302] C:\USERS\BRUNO.MASOLLER\MPLABXPROJECTS\OBLIGATORIO.X\OBLIGATORIO - FULL.ASM 691 : Register in operand not in bank 0.  Ensure that bank bits are correct.
Warning[205] C:\USERS\BRUNO.MASOLLER\MPLABXPROJECTS\OBLIGATORIO.X\OBLIGATORIO - FULL.ASM 772 : Found directive in column 1. (end)
