MPASM 5.84  OBLIGATORIO - PARTE2 - PROTOCOLO   11-22-2019  13:47:31         PAGE  1


LOC  OBJECT CODE     LINE SOURCE TEXT
  VALUE

                      00001 ; PIC16F887 Configuration Bit Settings
                      00002 ; Assembly source line config statements
                      00003 #include "p16f887.inc"
                      00001         LIST
                      00002 
                      00003 ;==========================================================================
                      00004 ; Build date : Mar 17 2019
                      00005 ;  MPASM PIC16F887 processor include
                      00006 ; 
                      00007 ;  (c) Copyright 1999-2019 Microchip Technology, All rights reserved
                      00008 ;==========================================================================
                      00009 
                      00810         LIST
                      00004     
                      00005 ; Bits de configuracion
                      00006 
                      00007 ; CONFIG1
                      00008 ; __config 0xE0C2
2007   20C2           00009  __CONFIG _CONFIG1, _FOSC_HS & _WDTE_OFF & _PWRTE_ON & _MCLRE_OFF & _CP_OFF & _CPD_OFF & _BOREN_OFF & _I
                            ESO_OFF & _FCMEN_OFF & _LVP_OFF
                      00010 ; CONFIG2
                      00011 ; __config 0xFEFF
2008   3EFF           00012  __CONFIG _CONFIG2, _BOR4V_BOR21V & _WRT_OFF
                      00013 
                      00014 ; Organizacion de la memoria EEPROM.
                      00015 ; 0x30 -> Flag que indica si está¡ usado el buffer o no.
                      00016 ; 0x31 -> Puntero actual del buffer.
                      00017 ; 0x40 - 0x49 -> Buffer.
                      00018     
                      00019 ; Organizacion de la memoria de datos 
Warning[205]: Found directive in column 1. (cblock)
                      00020 cblock 0x20     ; Comienzo a escribir la memoria de datos en la direccion 0x20
                      00021 ; Definicion de variables
  00000020            00022     W_TEMP ; 0X20
  00000021            00023     STATUS_TEMP ; 0X21
  00000022            00024     CONTADOR_1 ; 0x22
  00000023            00025     CONTADOR_2 ; 0x23
  00000024            00026     CONTADOR_3 ;0x24
  00000025            00027     VALOR_CONVERSION_TEMP ; 0x25
  00000026            00028     VALOR_CONVERSION ; 0x26
  00000027            00029     VALOR_CONVERSIONH ; 0x27
  00000028            00030     VALOR_CONVERSIONL ; 0x28
  00000029            00031     VALOR_CONVERSION_MEMORIA ; 0x29
  0000002A            00032     CONTADOR_TIMER1 ; 0x2A
  0000002B            00033     SIGUIENTE_PUNTERO ; 0X2B
  0000002C            00034     PUNTERO_ACTUAL ; 0x2C
  0000002D            00035     TEMP_W ; 0x2D
  0000002E            00036     STATUS_TEMP_CASE ; 0x2E
  0000002F            00037     W_TEMP_CASE ; 0x2F
  00000030            00038     ITERADOR ; 0x30
  00000031            00039     DELAY_CONTADOR ; 0x31
  00000032            00040     DELAY_1MS_CONTADOR_1 ; 0x32
  00000033            00041     DELAY_1MS_CONTADOR_2 ; 0x33
MPASM 5.84  OBLIGATORIO - PARTE2 - PROTOCOLO   11-22-2019  13:47:31         PAGE  2


LOC  OBJECT CODE     LINE SOURCE TEXT
  VALUE

                      00042 
Warning[205]: Found directive in column 1. (ENDC)
                      00043 endc
                      00044    
                      00045 ;Organizacion de la memoria de programacion
Warning[205]: Found directive in column 1. (org)
                      00046 org 0x0000
Warning[203]: Found opcode in column 1. (goto)
0000   2???           00047 goto main
                      00048 
Warning[205]: Found directive in column 1. (org)
                      00049 org 0x0004
Warning[203]: Found opcode in column 1. (goto)
0004   2???           00050 goto interrupt
                      00051 
                      00052 ;;;;;;;;;;;;;;;;;;;;;;;;;;;;; PROGRAMA PRINCIPAL ;;;;;;;;;;;;;;;;;;;;;;;;;;;;;;
                      00053         
0005                  00054 main
0005   2???           00055     call configuracion_inicial
                      00056     
0006                  00057 mainloop
0006   2???           00058     call realizar_conversion
0007   2???           00059     call leer_usart
0008   2???           00060     goto mainloop
                      00061         
                      00062 ;;;;;;;;;;;;;;;;;;;;;;;;;;;;; RUTINA DE INTERRUPCION ;;;;;;;;;;;;;;;;;;;;;;;;;;
                      00063 
0009                  00064 interrupt
0009   2???           00065     call guardar_contexto
                      00066 
                      00067     ; Identifico la interrupcion.
000A   1283 1303      00068     banksel PIR1
000C   1C0C           00069     btfss PIR1, TMR1IF ; Interrupcion timer1?
000D   2???           00070     goto $+3
000E   100C           00071     bcf PIR1, TMR1IF
000F   2???           00072     call interrupt_tmr1
                      00073     
0010   1283 1303      00074     banksel PIR2
0012   1E0D           00075     btfss PIR2, EEIF; Interrupcion escritura?
0013   2???           00076     goto $+3
0014   120D           00077     bcf PIR2, EEIF
0015   2???           00078     call interrupt_eeprom    
                      00079 
0016   2???           00080     call cargar_contexto
0017   0009           00081     retfie ; interrupt
                      00082         
                      00083 ;;;;;;;;;;;;;;;;;;;;;;;;;;;;; CONFIGURACION INICIAL ;;;;;;;;;;;;;;;;;;;;;;;;;;;
                      00084 
0018                  00085 configuracion_inicial   
                      00086     ; Configuro las entradas de voltaje analogicas (PUERTOA).
0018   1683 1303      00087     banksel TRISA
Message[302]: Register in operand not in bank 0.  Ensure that bank bits are correct.
001A   1405           00088     bsf TRISA, 0 ; Seteo RA0 como entrada (perilla analogica)
MPASM 5.84  OBLIGATORIO - PARTE2 - PROTOCOLO   11-22-2019  13:47:31         PAGE  3


LOC  OBJECT CODE     LINE SOURCE TEXT
  VALUE

Message[302]: Register in operand not in bank 0.  Ensure that bank bits are correct.
001B   1485           00089     bsf TRISA, 1 ; Seteo RA1 como entrada (perilla analógica)
001C   1683 1703      00090     banksel ANSEL
Message[302]: Register in operand not in bank 0.  Ensure that bank bits are correct.
001E   1408           00091     bsf ANSEL, 0 ; Seto el puerto RA0 como analogico.
Message[302]: Register in operand not in bank 0.  Ensure that bank bits are correct.
001F   1488           00092     bsf ANSEL, 1 ; Seto el puerto RA1 como analogico.
                      00093 
                      00094     ; Configuracion de la conversión analógica.
0020   1283 1303      00095     banksel ADRESH
0022   019E           00096     clrf ADRESH
0023   1683 1303      00097     banksel ADRESL
Message[302]: Register in operand not in bank 0.  Ensure that bank bits are correct.
0025   019E           00098     clrf ADRESL
0026   1683 1303      00099     banksel ADCON1
Message[302]: Register in operand not in bank 0.  Ensure that bank bits are correct.
0028   019F           00100     clrf ADCON1 ; ADFM = Left justified | VCFG1 = Vss | VCFG0 = Vdd     
                      00101     ; Configuración del reloj y encendido del conversor analogico.
0029   1283 1303      00102     banksel ADCON0 
002B   3081           00103     movlw b'10000001'
002C   009F           00104     movwf ADCON0 ; ADCS = Fosc/32 (TAD: 1.6(x10^-6)s) | ADON = ADC is enabled.
                      00105 
                      00106     ; Configuro las interrupciones.
002D   178B           00107     bsf INTCON, GIE ; Global interrupt enable bit.
002E   170B           00108     bsf INTCON, PEIE ; Pheripheral interrupt enable bit.
                      00109         
                      00110     ; Configuracion puerto serie (EUSART)
                      00111     ; Configuracion baudrate
002F   1683 1303      00112     banksel TXSTA
Message[302]: Register in operand not in bank 0.  Ensure that bank bits are correct.
0031   1518           00113     bsf TXSTA, BRGH ; BRGH = High Speed
0032   1683 1703      00114     banksel BAUDCTL
Message[302]: Register in operand not in bank 0.  Ensure that bank bits are correct.
0034   1187           00115     bcf BAUDCTL, BRG16 ; BRG16 = 8-bit Baud Rate Generator is used.
0035   1683 1303      00116     banksel SPBRGH
Message[302]: Register in operand not in bank 0.  Ensure that bank bits are correct.
0037   019A           00117     clrf SPBRGH
0038   1683 1303      00118     banksel SPBRG
003A   3081           00119     movlw d'129'        
Message[302]: Register in operand not in bank 0.  Ensure that bank bits are correct.
003B   0099           00120     movwf SPBRG ; Baudrate 9600
                      00121     ; Configuro la transmision.
003C   1683 1303      00122     banksel TXSTA
Message[302]: Register in operand not in bank 0.  Ensure that bank bits are correct.
003E   1698           00123     bsf TXSTA, TXEN  ; Transmit Enable bit = Transmit enabled
Message[302]: Register in operand not in bank 0.  Ensure that bank bits are correct.
003F   1218           00124     bcf TXSTA, SYNC  ; EUSART mode select bit = Asynchronous mode
                      00125     ; Configuro la recepcion.
0040   1283 1303      00126     banksel RCSTA
0042   1618           00127     bsf RCSTA, CREN  ; Continuous Recive Enable bit = Enables receiver
0043   1798           00128     bsf RCSTA, SPEN  ; Serial Port Enable bit = Serial port enabled.
0044   1683 1303      00129     banksel PIE1 
Message[302]: Register in operand not in bank 0.  Ensure that bank bits are correct.
MPASM 5.84  OBLIGATORIO - PARTE2 - PROTOCOLO   11-22-2019  13:47:31         PAGE  4


LOC  OBJECT CODE     LINE SOURCE TEXT
  VALUE

0046   168C           00130     bsf PIE1, RCIE ; Configuro que se generen interrupciones con la recepción
                      00131 
                      00132      ; Chequeo inicial de la memoria EEPROM.
0047   3030           00133     movlw 0x30
0048   2???           00134     call leer_memoria
                      00135     ; Chequeo que en la dirección 0x30 exista el valor 0x77. Si existe este 
                      00136     ; valor significa que la memoria está inicializada, sino hay que
                      00137     ; inicializarla.
0049   3C77           00138     sublw 0x77
                      00139     ; INICIO IF
004A   1903           00140         btfsc STATUS, Z
                      00141         ; THEN (w = 0x77)
004B   2???           00142         goto $+2
                      00143         ; ELSE (w <> 0x77)
004C   2???           00144         call inicializar_eeprom
                      00145     ; FIN IF   
                      00146     
                      00147      ; Configuro el timer1.
004D   1683 1303      00148     banksel PIE1 ;  Timer1 Overflow Interrupt Enable bit
Message[302]: Register in operand not in bank 0.  Ensure that bank bits are correct.
004F   140C           00149     bsf PIE1, TMR1IE    
0050   1283 1303      00150     banksel PIR1
0052   100C           00151     bcf PIR1, TMR1IF ; Timer1 Overflow Interrupt Flag bit
0053   1283 1303      00152     banksel T1CON
0055   1090           00153     bcf T1CON, TMR1CS ; Timer1 Clock Source Select bit = Clock
                      00154     ; Configurar preescaler timer1(1:8)
0056   1610           00155     bsf T1CON, T1CKPS0
0057   1690           00156     bsf T1CON, T1CKPS1
0058   1410           00157     bsf T1CON, TMR1ON ; Encender el timer.
                      00158     ; Reinicio el contador tmr1.
0059   2???           00159     call re_iniciar_contador1
                      00160     ; Reinicio el timer1.
005A   2???           00161     call re_iniciar_timer1
                      00162         
005B   0008           00163     return ; configurar_puertos
                      00164 
                      00165 ;;;;;;;;;;;;;;;;;;;;;;;;;;;;; RUTINAS PROGRAMA PRINCIPAL ;;;;;;;;;;;;;;;;;;;;;;
                      00166 
005C                  00167 leer_usart
005C   1283 1303      00168     banksel PIR1
005E   1E8C           00169     btfss PIR1, RCIF ; Interrupcion usart?
005F   2???           00170     goto $+3
0060   128C           00171     bcf PIR1, RCIF
0061   2???           00172     call interrupt_usart
                      00173     
0062   0008           00174     return ; leer_usart
                      00175 
                      00176 ; Lee el contenido del puerto y dervia en un case que indica que letra se
                      00177 ; ingresó.
0063                  00178 interrupt_usart
0063   1283 1303      00179     banksel RCREG
0065   081A           00180     movf RCREG, w
0066   2???           00181     call case_letras
MPASM 5.84  OBLIGATORIO - PARTE2 - PROTOCOLO   11-22-2019  13:47:31         PAGE  5


LOC  OBJECT CODE     LINE SOURCE TEXT
  VALUE

0067   0008           00182     return ; interrupt_usart
                      00183         
                      00184 ; Identifica que letra se leyó en el puerto USART.      
0068                  00185 case_letras
0068   3A41           00186     xorlw b'01000001' ; 0x41 = 'A' (ASCII)
0069   1903           00187     btfsc STATUS, Z
006A   2???           00188     call rutina_letra_A
                      00189  
006B   3A09           00190     xorlw b'01001000' ^ b'01000001' ; 0x48 = 'H' (ASCII)
006C   1903           00191     btfsc STATUS, Z               
006D   2???           00192     call rutina_letra_H
                      00193         
006E   0008           00194     return ; case_letras
                      00195 
                      00196 ; Rutina de letra A: Obtiene el valor actual de la conversion y la envía por
                      00197 ; el puerto usart.
006F                  00198 rutina_letra_A
006F   2???           00199     call guardar_contexto_case
                      00200 
0070   1283 1303      00201     banksel VALOR_CONVERSION
0072   0826           00202     movf VALOR_CONVERSION, w
0073   2???           00203     call enviar_conversion_usart_hexa
                      00204 
0074   2???           00205     call cargar_contexto_case
0075   0008           00206     return ; rutina_letra_A
                      00207     
                      00208 ; Rutina de letra H: Obtiene los valores de memoria del buffer circular y los
                      00209 ; envía por el puerto usart.
0076                  00210 rutina_letra_H
0076   2???           00211     call guardar_contexto_case
                      00212     
                      00213     ; Leo el puntero del buffer actual.
0077   3031           00214     movlw 0x31
0078   2???           00215     call leer_memoria
                      00216     
                      00217     ; Guardo el valor del puntero actual.
0079   1283 1303      00218     banksel PUNTERO_ACTUAL
007B   00AC           00219     movwf PUNTERO_ACTUAL
                      00220     
                      00221     ; Guardo el valor inicial de ITERADOR.
007C   1283 1303      00222     banksel ITERADOR
007E   00B0           00223     movwf ITERADOR
                      00224 
Warning[207]: Found label after column 1. (WhileLoopInicio)
007F                  00225     WhileLoopInicio
                      00226         ; Obtengo el dato que apunta ITERADOR.
007F   1283 1303      00227         banksel ITERADOR
0081   0830           00228         movf ITERADOR, w
0082   1283 1703      00229         banksel EEADR
Message[302]: Register in operand not in bank 0.  Ensure that bank bits are correct.
0084   008D           00230         movwf EEADR
0085   2???           00231         call leer_memoria
                      00232         
MPASM 5.84  OBLIGATORIO - PARTE2 - PROTOCOLO   11-22-2019  13:47:31         PAGE  6


LOC  OBJECT CODE     LINE SOURCE TEXT
  VALUE

                      00233         ; Envío el dato (contenido en w) por el puerto usart.
0086   2???           00234         call enviar_conversion_usart_hexa
                      00235         ; Envío un salto de linea.
0087   300A           00236         movlw d'10'
0088   2???           00237         call enviar_w
                      00238         
                      00239         ; Incremento ITERADOR.
0089   1283 1303      00240         banksel ITERADOR
008B   03B0           00241         decf ITERADOR, f
                      00242         ; Chequeo que no me pase el buffer.
008C   0830           00243         movf ITERADOR, w
008D   3C3F           00244         sublw 0x3F
                      00245         ; INICIO IF
008E   1C03           00246             btfss STATUS, C         
                      00247             ; THEN (w > 0x3F)
008F   2???           00248             goto $+3
                      00249             ; ELSE (w <= 0x3F)
0090   3049           00250             movlw 0x49
0091   00B0           00251             movwf ITERADOR
                      00252         ; FIN IF
                      00253         
                      00254         ; Compruebo que no llegue al PUNTERO_ACTUAL (fin del loop)      
0092   1283 1303      00255         banksel PUNTERO_ACTUAL
0094   082C           00256         movf PUNTERO_ACTUAL, w
0095   1283 1303      00257         banksel ITERADOR
0097   0230           00258         subwf ITERADOR, w
                      00259         ; INICIO IF
0098   1903           00260             btfsc STATUS, Z
                      00261             ; THEN (ITERADOR = PUNTERO_ACTUAL)
0099   2???           00262             goto $+2 
                      00263             ; ELSE (ITERADOR <> PUNTERO_ACTUAL)
009A   2???           00264             goto WhileLoopInicio
                      00265         ; FIN IF
009B   2???           00266     call cargar_contexto_case
                      00267     
009C   0008           00268     return ; rutina_letra_H
                      00269         
                      00270 ; Obtiene el valor de la conversión en w, lo mapea y lo envía por el puerto
                      00271 ; usart.
009D                  00272 enviar_conversion_usart_hexa    
009D   1283 1303      00273     banksel VALOR_CONVERSION_TEMP
009F   00A5           00274     movwf VALOR_CONVERSION_TEMP
                      00275 
                      00276     ; Obtengo los valores High y Low de la conversion.
00A0   39F0           00277     andlw b'11110000'
00A1   1283 1303      00278     banksel VALOR_CONVERSIONH
00A3   00A7           00279     movwf VALOR_CONVERSIONH
00A4   0EA7           00280     swapf VALOR_CONVERSIONH, f  ; Hago swamp para cambiar de lugar y 
                      00281                                 ; tener todos en los bits menos significativos.
                      00282     
00A5   1283 1303      00283     banksel VALOR_CONVERSION_TEMP
00A7   0825           00284     movf VALOR_CONVERSION_TEMP, w
00A8   390F           00285     andlw b'00001111'
MPASM 5.84  OBLIGATORIO - PARTE2 - PROTOCOLO   11-22-2019  13:47:31         PAGE  7


LOC  OBJECT CODE     LINE SOURCE TEXT
  VALUE

00A9   1283 1303      00286     banksel VALOR_CONVERSIONL
00AB   00A8           00287     movwf VALOR_CONVERSIONL
                      00288     
00AC   1283 1303      00289     banksel VALOR_CONVERSIONH
00AE   0827           00290     movf VALOR_CONVERSIONH, w
00AF   2???           00291     call mapear_enviar_hexa
                      00292     
                      00293     ; Mapeo y envío los valores por el puerto usart.
00B0   1283 1303      00294     banksel VALOR_CONVERSIONL
00B2   0828           00295     movf VALOR_CONVERSIONL, w
00B3   2???           00296     call mapear_enviar_hexa    
                      00297     
00B4   0008           00298     return ; enviar_conversion_usart_hexa
                      00299         
                      00300 ; Mapea el valor de w a un caracter ASCII y lo envía por el puerto USART.
00B5                  00301 mapear_enviar_hexa 
00B5   2???           00302     call mapear_hexa
00B6   2???           00303     call enviar_w
00B7   0008           00304     return ; mapear_enviar_hexa
                      00305         
                      00306 ; Envia el valor del registro w por el puerto USART.
00B8                  00307 enviar_w
00B8   1283 1303      00308     banksel PIR1
00BA   1E0C           00309     btfss PIR1, TXIF ; Esta vacío el bus de transmisión?
00BB   2???           00310     goto $-1 ; No, vuelvo a chequear hasta que esté libre.
00BC   1283 1303      00311     banksel TXREG
00BE   0099           00312     movwf TXREG 
00BF   0008           00313     return ; enviar_w
                      00314         
                      00315 ; Mapea el valor de w a un caracter ASCII y lo guarda en w.
00C0                  00316 mapear_hexa
00C0   1283 1303      00317     banksel TEMP_W
00C2   00AD           00318     movwf TEMP_W
00C3   3C09           00319     sublw b'00001001' ; 0x09 -> 9 decimal
                      00320     ; INICIO IF
00C4   1C03           00321         btfss STATUS, C
                      00322         ; THEN (w > 9)
00C5   2???           00323         goto sumar_37 ; Es mayor a 9, entonces sumo 0x37 = 0011 0111
                      00324         ; ELSE (w <= 9)
00C6   2???           00325         goto sumar_30 ; Es menor o igual 9, entonces sumo 0x30 = 0011 0000
                      00326     ; FIN IF
                      00327 
                      00328 ; Sumo 30h al valor que tengo en w.
00C7                  00329 sumar_30
00C7   1283 1303      00330     banksel TEMP_W
00C9   082D           00331     movf TEMP_W, w
00CA   3E30           00332     addlw b'00110000' ; 0x30 -> 48 decimal
00CB   0008           00333     return ; mapear_hexa
                      00334 
                      00335 ; Sumo 37h al valor que tengo en w.
00CC                  00336 sumar_37
00CC   1283 1303      00337     banksel TEMP_W
00CE   082D           00338     movf TEMP_W, w
MPASM 5.84  OBLIGATORIO - PARTE2 - PROTOCOLO   11-22-2019  13:47:31         PAGE  8


LOC  OBJECT CODE     LINE SOURCE TEXT
  VALUE

00CF   3E37           00339     addlw b'00110111' ; 0x37 -> 55 decimal
00D0   0008           00340     return ; mapear_hexa
                      00341         
                      00342 ; Inicializa la memoria EEPROM.
00D1                  00343 inicializar_eeprom
                      00344     ; Inicializo la flag de memoria inicializada.
                      00345     ; Cargo 0x30 (Puntero flag del buffer)
00D1   3030           00346     movlw 0x30
00D2   1283 1703      00347     banksel EEADR
Message[302]: Register in operand not in bank 0.  Ensure that bank bits are correct.
00D4   008D           00348     movwf EEADR
                      00349     ; Cargo el dato que indica que está inicializada la memoria.
00D5   3077           00350     movlw 0x77
00D6   1283 1703      00351     banksel EEDAT
Message[302]: Register in operand not in bank 0.  Ensure that bank bits are correct.
00D8   008C           00352     movwf EEDAT
                      00353     ; Guardo el valor de w en memoria.
00D9   2???           00354     call guardar_memoria
                      00355 
                      00356     ; Inicializo el puntero inicial del donde arranca el buffer.
                      00357     ; Cargo 0x31 (SIGUIENTE_PUNTERO)
00DA   3031           00358     movlw 0x31
00DB   1283 1703      00359     banksel EEADR
Message[302]: Register in operand not in bank 0.  Ensure that bank bits are correct.
00DD   008D           00360     movwf EEADR
                      00361     ; Cargo el dato que indica que está inicializada la memoria.
00DE   3049           00362     movlw 0x49
00DF   1283 1703      00363     banksel EEDAT
Message[302]: Register in operand not in bank 0.  Ensure that bank bits are correct.
00E1   008C           00364     movwf EEDAT
                      00365     ; Guardo el valor de w en memoria.
00E2   2???           00366     call guardar_memoria
                      00367 
00E3   0008           00368     return ; inicializar_eeprom
                      00369 
                      00370 ; Guarda el valor de VALOR_CONVERSION en el buffer circular.
00E4                  00371 guardar_memoria_VALOR_CONVERSION
                      00372     ; Cargo SIGUIENTE_PUNTERO e impacto en memoria.
00E4   2???           00373     call obtener_siguiente_puntero
                      00374     ; Cargo el dato de VALOR_CONVERSION en EEDAT.
00E5   1283 1303      00375     banksel VALOR_CONVERSION
00E7   0826           00376     movf VALOR_CONVERSION, w
00E8   1283 1703      00377     banksel EEDAT
Message[302]: Register in operand not in bank 0.  Ensure that bank bits are correct.
00EA   008C           00378     movwf EEDAT
                      00379     ; Cargo el puntero de SIGUIENTE_PUNTERO en EEADR.
00EB   1283 1303      00380     banksel SIGUIENTE_PUNTERO
00ED   082B           00381     movf SIGUIENTE_PUNTERO, w
00EE   1283 1703      00382     banksel EEADR
Message[302]: Register in operand not in bank 0.  Ensure that bank bits are correct.
00F0   008D           00383     movwf EEADR
                      00384     ; Guardo el valor de w en memoria.
00F1   2???           00385     call guardar_memoria
MPASM 5.84  OBLIGATORIO - PARTE2 - PROTOCOLO   11-22-2019  13:47:31         PAGE  9


LOC  OBJECT CODE     LINE SOURCE TEXT
  VALUE

                      00386 
00F2   0008           00387     return ; guardar_memoria_VALOR_CONVERSION
                      00388 
                      00389 ; Obtiene y guarda el siguiente puntero del buffer en memoria.  
00F3                  00390 obtener_siguiente_puntero
                      00391     ; Cargo 0X31 (Puntero de SIGUIENTE_PUNTERO) en EEADR
00F3   3031           00392     movlw 0x31
00F4   1283 1703      00393     banksel EEADR
Message[302]: Register in operand not in bank 0.  Ensure that bank bits are correct.
00F6   008D           00394     movwf EEADR
                      00395     ; Cargo el valor de memoria en w.
00F7   2???           00396     call leer_memoria
                      00397 
                      00398     ; Sumo 1 al puntero.
00F8   3E01           00399     addlw d'1'
00F9   1283 1303      00400     banksel SIGUIENTE_PUNTERO
00FB   00AB           00401     movwf SIGUIENTE_PUNTERO
                      00402 
                      00403     ; Chequeo que no me pase del buffer.
00FC   3C49           00404     sublw 0x49
                      00405     ; INICIO IF
00FD   1803           00406         btfsc STATUS, C
                      00407         ; THEN (w <= 0x49)
00FE   2???           00408         goto $+3
                      00409         ; ELSE (w > 0x49)
00FF   3040           00410         movlw 0x40
0100   00AB           00411         movwf SIGUIENTE_PUNTERO
                      00412     ; FIN IF
                      00413 
                      00414     ; Cargo el dato de SIGUIENTE_PUNTERO en EEDAT.
0101   082B           00415     movf SIGUIENTE_PUNTERO, w
0102   1283 1703      00416     banksel EEDAT
Message[302]: Register in operand not in bank 0.  Ensure that bank bits are correct.
0104   008C           00417     movwf EEDAT
                      00418     ; Cargo el puntero de SIGUIENTE_PUNTERO en EEADR.
0105   3031           00419     movlw 0x31
0106   1283 1703      00420     banksel EEADR
Message[302]: Register in operand not in bank 0.  Ensure that bank bits are correct.
0108   008D           00421     movwf EEADR
                      00422     ; Guardo el valor de w en memoria.
0109   2???           00423     call guardar_memoria        
                      00424 
010A   0008           00425     return ; obtener_siguiente_puntero
                      00426 
                      00427 ; Leo un valor ya seteado en EEADR de memoria en w.
010B                  00428 leer_memoria
010B   1283 1703      00429     banksel EEADR
Message[302]: Register in operand not in bank 0.  Ensure that bank bits are correct.
010D   008D           00430     movwf EEADR ; Cargo la dirección.
                      00431 
010E   1683 1703      00432     banksel EECON1
Message[302]: Register in operand not in bank 0.  Ensure that bank bits are correct.
0110   138C           00433     bcf EECON1, EEPGD ; Apunto a la EEPROM
MPASM 5.84  OBLIGATORIO - PARTE2 - PROTOCOLO   11-22-2019  13:47:31         PAGE 10


LOC  OBJECT CODE     LINE SOURCE TEXT
  VALUE

Message[302]: Register in operand not in bank 0.  Ensure that bank bits are correct.
0111   140C           00434     bsf EECON1, RD ; Activo la lectura.
0112   1283 1703      00435     banksel EEDAT
Message[302]: Register in operand not in bank 0.  Ensure that bank bits are correct.
0114   080C           00436     movf EEDAT, w ; Guardo el valor en w.
                      00437 
0115   0008           00438     return ; leer_memoria
                      00439 
0116                  00440 guardar_memoria
0116   1683 1703      00441     banksel EECON1
Message[302]: Register in operand not in bank 0.  Ensure that bank bits are correct.
0118   138C           00442     bcf EECON1, EEPGD ; Apunto a la EEPROM
Message[302]: Register in operand not in bank 0.  Ensure that bank bits are correct.
0119   150C           00443     bsf EECON1, WREN ; Activo la escritura.
                      00444 
011A   138B           00445     bcf INTCON, GIE ; Desactivo interrupciones.
011B   1B8B           00446     btfsc INTCON, GIE
011C   2???           00447     goto $-2
                      00448 
                      00449     ; SECCION INTOCABLE
011D   3055           00450     movlw 0x55
Message[302]: Register in operand not in bank 0.  Ensure that bank bits are correct.
011E   008D           00451     movwf EECON2
011F   30AA           00452     movlw 0xAA
Message[302]: Register in operand not in bank 0.  Ensure that bank bits are correct.
0120   008D           00453     movwf EECON2
Message[302]: Register in operand not in bank 0.  Ensure that bank bits are correct.
0121   148C           00454     bsf EECON1, WR ; Se comienza la escritura.
                      00455     ; FIN SECCION INTOCABLE
                      00456 
0122   178B           00457     bsf INTCON, GIE ; Activo las interrupciones.
Message[302]: Register in operand not in bank 0.  Ensure that bank bits are correct.
0123   188C           00458     btfsc EECON1, WR
0124   2???           00459     goto $-1
Message[302]: Register in operand not in bank 0.  Ensure that bank bits are correct.
0125   110C           00460     bcf EECON1, WREN
0126   0008           00461     return ; guardar_memoria
                      00462         
                      00463 ; Configurar CONTADOR_TIMER1
0127                  00464 re_iniciar_contador1
0127   1283 1303      00465     banksel CONTADOR_TIMER1
0129   3064           00466     movlw d'100'
012A   00AA           00467     movwf CONTADOR_TIMER1
                      00468 
012B   0008           00469     return ; re_iniciar_contador1
                      00470 
                      00471 ; Rutina de interrupción del tmr1.
012C                  00472 interrupt_tmr1
                      00473     ; Decremento el contador.
012C   1283 1303      00474     banksel CONTADOR_TIMER1
                      00475     ; INICIO IF
012E   0BAA           00476             decfsz CONTADOR_TIMER1, f
                      00477             ; CONTADOR_TIMER <> 0 THEN
MPASM 5.84  OBLIGATORIO - PARTE2 - PROTOCOLO   11-22-2019  13:47:31         PAGE 11


LOC  OBJECT CODE     LINE SOURCE TEXT
  VALUE

012F   2???           00478             goto $+3
                      00479             ; ELSE
0130   2???           00480             call guardar_memoria_VALOR_CONVERSION
0131   2???           00481             call re_iniciar_contador1
                      00482     ; FIN IF
0132   2???           00483     call re_iniciar_timer1
                      00484 
0133   0008           00485     return ; interrupt_tmr1
                      00486 
                      00487 ; Interrupcion de escritura de la eepron.
0134                  00488 interrupt_eeprom
0134   1283 1303      00489     banksel PIR2
0136   120D           00490     bcf PIR2, EEIF ; Limpio la interrupcion de la eeprom
                      00491 
0137   0008           00492     return ; interrupt_eeprom
                      00493 
                      00494 ; Inicia el timer con el valor precargado, para una interrupción cada 100 ms.
0138                  00495 re_iniciar_timer1
                      00496 ;;;;;;;;;;;; Calculo para la cantidad de tiempo ;;;;;;;;;;;;;;;;
                      00497     ; ValorTimer = ValorMaximoTimer - ((DelaySolicitado * Fosc) / (Prescalar * 4))
                      00498     ; Formula para 100 ms: ValorTimer = 65536 - ((100ms * 20Mhz) / (8 * 4)) = 3036
                      00499 
                      00500     ; Cargar 3036 (00001011 11011100)
0138   1283 1303      00501     banksel PIR1
                      00502     
013A   30DC           00503     movlw b'11011100' 
013B   008E           00504     movwf  TMR1L
013C   300B           00505     movlw b'00001011' 
013D   008F           00506     movwf  TMR1H
                      00507     
013E   100C           00508     bcf PIR1, TMR1IF ; Timer1 Overflow Interrupt Flag bit
013F   0008           00509     return ; re_iniciar_timer1
                      00510 
                      00511 ; Realiza la conversion y almacena los valores en variables.
0140                  00512 realizar_conversion
0140   149F           00513     bsf ADCON0, GO ; Start conversion
0141   189F           00514     btfsc ADCON0, GO ; Is conversion done?
0142   2???           00515     goto $-1 ; No, test again
                      00516         
                      00517     ; Obtener el valor de la conversión.
0143   1283 1303      00518     banksel ADRESH
0145   081E           00519     movf ADRESH, w
0146   1283 1303      00520     banksel VALOR_CONVERSION
0148   00A6           00521     movwf VALOR_CONVERSION
                      00522         
0149   0008           00523     return ; realizar_conversion
                      00524 
                      00525 ; Rutinas de contexto.
014A                  00526 guardar_contexto
014A   1283 1303      00527     banksel W_TEMP
014C   00A0           00528     movwf W_TEMP  ; Guardo w.
014D   0E03           00529     swapf STATUS, w ; Swap status en w.
014E   00A1           00530     movwf STATUS_TEMP ; Guardo STATUS.
MPASM 5.84  OBLIGATORIO - PARTE2 - PROTOCOLO   11-22-2019  13:47:31         PAGE 12


LOC  OBJECT CODE     LINE SOURCE TEXT
  VALUE

014F   0008           00531     return ; guardar_contexto
                      00532         
0150                  00533 guardar_contexto_case
0150   1283 1303      00534     banksel W_TEMP_CASE
0152   00AF           00535     movwf W_TEMP_CASE  ; Guardo w.
0153   0E03           00536     swapf STATUS, w ; Swap status en w.
0154   00AE           00537     movwf STATUS_TEMP_CASE ; Guardo STATUS.
                      00538 
0155   0008           00539     return ; guardar_contexto_case
                      00540     
0156                  00541 cargar_contexto
0156   1283 1303      00542     banksel STATUS_TEMP
0158   0E21           00543     swapf STATUS_TEMP, w
0159   0083           00544     movwf STATUS
015A   0EA0           00545     swapf W_TEMP, f
015B   0E20           00546     swapf W_TEMP, w
015C   0008           00547     return ; cargar_contexto
                      00548         
015D                  00549 cargar_contexto_case
015D   1283 1303      00550     banksel STATUS_TEMP_CASE
015F   0E2E           00551     swapf STATUS_TEMP_CASE, w
0160   0083           00552     movwf STATUS
0161   0EAF           00553     swapf W_TEMP_CASE, f
0162   0E2F           00554     swapf W_TEMP_CASE, w
                      00555 
0163   0008           00556     return ; cargar_contexto_case
                      00557 
Warning[205]: Found directive in column 1. (end)
20C2 3EFF             00558 end
MPASM 5.84  OBLIGATORIO - PARTE2 - PROTOCOLO   11-22-2019  13:47:31         PAGE 13


SYMBOL TABLE
  LABEL                             VALUE 

ABDEN                             00000000
ABDOVF                            00000007
ACKDT                             00000005
ACKEN                             00000004
ACKSTAT                           00000006
ADCON0                            0000001F
ADCON1                            0000009F
ADCS0                             00000006
ADCS1                             00000007
ADDEN                             00000003
ADFM                              00000007
ADIE                              00000006
ADIF                              00000006
ADON                              00000000
ADRESH                            0000001E
ADRESL                            0000009E
ANS0                              00000000
ANS1                              00000001
ANS10                             00000002
ANS11                             00000003
ANS12                             00000004
ANS13                             00000005
ANS2                              00000002
ANS3                              00000003
ANS4                              00000004
ANS5                              00000005
ANS6                              00000006
ANS7                              00000007
ANS8                              00000000
ANS9                              00000001
ANSEL                             00000188
ANSELH                            00000189
BAUDCTL                           00000187
BCLIE                             00000003
BCLIF                             00000003
BF                                00000000
BRG0                              00000000
BRG1                              00000001
BRG10                             00000002
BRG11                             00000003
BRG12                             00000004
BRG13                             00000005
BRG14                             00000006
BRG15                             00000007
BRG16                             00000003
BRG2                              00000002
BRG3                              00000003
BRG4                              00000004
BRG5                              00000005
BRG6                              00000006
BRG7                              00000007
BRG8                              00000000
BRG9                              00000001
MPASM 5.84  OBLIGATORIO - PARTE2 - PROTOCOLO   11-22-2019  13:47:31         PAGE 14


SYMBOL TABLE
  LABEL                             VALUE 

BRGH                              00000002
C                                 00000000
C1CH0                             00000000
C1CH1                             00000001
C1IE                              00000005
C1IF                              00000005
C1OE                              00000005
C1ON                              00000007
C1OUT                             00000006
C1POL                             00000004
C1R                               00000002
C1RSEL                            00000005
C1SEN                             00000005
C2CH0                             00000000
C2CH1                             00000001
C2IE                              00000006
C2IF                              00000006
C2OE                              00000005
C2ON                              00000007
C2OUT                             00000006
C2POL                             00000004
C2R                               00000002
C2REN                             00000004
C2RSEL                            00000004
C2SYNC                            00000000
CCP1CON                           00000017
CCP1IE                            00000002
CCP1IF                            00000002
CCP1M0                            00000000
CCP1M1                            00000001
CCP1M2                            00000002
CCP1M3                            00000003
CCP1X                             00000005
CCP1Y                             00000004
CCP2CON                           0000001D
CCP2IE                            00000000
CCP2IF                            00000000
CCP2M0                            00000000
CCP2M1                            00000001
CCP2M2                            00000002
CCP2M3                            00000003
CCP2X                             00000005
CCP2Y                             00000004
CCPR1                             00000015
CCPR1H                            00000016
CCPR1L                            00000015
CCPR2                             0000001B
CCPR2H                            0000001C
CCPR2L                            0000001B
CHS0                              00000002
CHS1                              00000003
CHS2                              00000004
CHS3                              00000005
MPASM 5.84  OBLIGATORIO - PARTE2 - PROTOCOLO   11-22-2019  13:47:31         PAGE 15


SYMBOL TABLE
  LABEL                             VALUE 

CKE                               00000006
CKP                               00000004
CM1CON0                           00000107
CM2CON0                           00000108
CM2CON1                           00000109
CONTADOR_1                        00000022
CONTADOR_2                        00000023
CONTADOR_3                        00000024
CONTADOR_TIMER1                   0000002A
CREN                              00000004
CSRC                              00000007
D                                 00000005
DATA_ADDRESS                      00000005
DC                                00000001
DC1B0                             00000004
DC1B1                             00000005
DC2B0                             00000004
DC2B1                             00000005
DELAY_1MS_CONTADOR_1              00000032
DELAY_1MS_CONTADOR_2              00000033
DELAY_CONTADOR                    00000031
D_A                               00000005
D_NOT_A                           00000005
ECCPAS                            0000009C
ECCPAS0                           00000004
ECCPAS1                           00000005
ECCPAS2                           00000006
ECCPASE                           00000007
EEADR                             0000010D
EEADRH                            0000010F
EECON1                            0000018C
EECON2                            0000018D
EEDAT                             0000010C
EEDATA                            0000010C
EEDATH                            0000010E
EEIE                              00000004
EEIF                              00000004
EEPGD                             00000007
F                                 00000001
FERR                              00000002
FSR                               00000004
FVREN                             00000000
GCEN                              00000007
GIE                               00000007
GO                                00000001
GO_DONE                           00000001
GO_NOT_DONE                       00000001
HTS                               00000002
I2C_DATA                          00000005
I2C_READ                          00000002
I2C_START                         00000003
I2C_STOP                          00000004
INDF                              00000000
MPASM 5.84  OBLIGATORIO - PARTE2 - PROTOCOLO   11-22-2019  13:47:31         PAGE 16


SYMBOL TABLE
  LABEL                             VALUE 

INTCON                            0000000B
INTE                              00000004
INTEDG                            00000006
INTF                              00000001
IOCB                              00000096
IOCB0                             00000000
IOCB1                             00000001
IOCB2                             00000002
IOCB3                             00000003
IOCB4                             00000004
IOCB5                             00000005
IOCB6                             00000006
IOCB7                             00000007
IRCF0                             00000004
IRCF1                             00000005
IRCF2                             00000006
IRP                               00000007
ITERADOR                          00000030
LTS                               00000001
MC1OUT                            00000007
MC2OUT                            00000006
MSK                               00000093
MSK0                              00000000
MSK1                              00000001
MSK2                              00000002
MSK3                              00000003
MSK4                              00000004
MSK5                              00000005
MSK6                              00000006
MSK7                              00000007
NOT_A                             00000005
NOT_ADDRESS                       00000005
NOT_BO                            00000000
NOT_BOR                           00000000
NOT_DONE                          00000001
NOT_PD                            00000003
NOT_POR                           00000001
NOT_RBPU                          00000007
NOT_RC8                           00000006
NOT_T1SYNC                        00000002
NOT_TO                            00000004
NOT_TX8                           00000006
NOT_W                             00000002
NOT_WRITE                         00000002
OERR                              00000001
OPTION_REG                        00000081
OSCCON                            0000008F
OSCTUNE                           00000090
OSFIE                             00000007
OSFIF                             00000007
OSTS                              00000003
P                                 00000004
P1M0                              00000006
MPASM 5.84  OBLIGATORIO - PARTE2 - PROTOCOLO   11-22-2019  13:47:31         PAGE 17


SYMBOL TABLE
  LABEL                             VALUE 

P1M1                              00000007
PCL                               00000002
PCLATH                            0000000A
PCON                              0000008E
PDC0                              00000000
PDC1                              00000001
PDC2                              00000002
PDC3                              00000003
PDC4                              00000004
PDC5                              00000005
PDC6                              00000006
PEIE                              00000006
PEN                               00000002
PIE1                              0000008C
PIE2                              0000008D
PIR1                              0000000C
PIR2                              0000000D
PORTA                             00000005
PORTB                             00000006
PORTC                             00000007
PORTD                             00000008
PORTE                             00000009
PR2                               00000092
PRSEN                             00000007
PS0                               00000000
PS1                               00000001
PS2                               00000002
PSA                               00000003
PSSAC0                            00000002
PSSAC1                            00000003
PSSBD0                            00000000
PSSBD1                            00000001
PSTRCON                           0000009D
PULSR                             00000002
PULSS                             00000003
PUNTERO_ACTUAL                    0000002C
PWM1CON                           0000009B
R                                 00000002
RA0                               00000000
RA1                               00000001
RA2                               00000002
RA3                               00000003
RA4                               00000004
RA5                               00000005
RA6                               00000006
RA7                               00000007
RB0                               00000000
RB1                               00000001
RB2                               00000002
RB3                               00000003
RB4                               00000004
RB5                               00000005
RB6                               00000006
MPASM 5.84  OBLIGATORIO - PARTE2 - PROTOCOLO   11-22-2019  13:47:31         PAGE 18


SYMBOL TABLE
  LABEL                             VALUE 

RB7                               00000007
RBIE                              00000003
RBIF                              00000000
RC0                               00000000
RC1                               00000001
RC2                               00000002
RC3                               00000003
RC4                               00000004
RC5                               00000005
RC6                               00000006
RC7                               00000007
RC8_9                             00000006
RC9                               00000006
RCD8                              00000000
RCEN                              00000003
RCIDL                             00000006
RCIE                              00000005
RCIF                              00000005
RCREG                             0000001A
RCSTA                             00000018
RD                                00000000
RD0                               00000000
RD1                               00000001
RD2                               00000002
RD3                               00000003
RD4                               00000004
RD5                               00000005
RD6                               00000006
RD7                               00000007
RE0                               00000000
RE1                               00000001
RE2                               00000002
RE3                               00000003
READ_WRITE                        00000002
RP0                               00000005
RP1                               00000006
RSEN                              00000001
RX9                               00000006
RX9D                              00000000
R_NOT_W                           00000002
R_W                               00000002
S                                 00000003
SBOREN                            00000004
SCKP                              00000004
SCS                               00000000
SEN                               00000000
SENDB                             00000003
SIGUIENTE_PUNTERO                 0000002B
SMP                               00000007
SPBRG                             00000099
SPBRGH                            0000009A
SPEN                              00000007
SR0                               00000006
MPASM 5.84  OBLIGATORIO - PARTE2 - PROTOCOLO   11-22-2019  13:47:31         PAGE 19


SYMBOL TABLE
  LABEL                             VALUE 

SR1                               00000007
SRCON                             00000185
SREN                              00000005
SSPADD                            00000093
SSPBUF                            00000013
SSPCON                            00000014
SSPCON2                           00000091
SSPEN                             00000005
SSPIE                             00000003
SSPIF                             00000003
SSPM0                             00000000
SSPM1                             00000001
SSPM2                             00000002
SSPM3                             00000003
SSPMSK                            00000093
SSPOV                             00000006
SSPSTAT                           00000094
STATUS                            00000003
STATUS_TEMP                       00000021
STATUS_TEMP_CASE                  0000002E
STRA                              00000000
STRB                              00000001
STRC                              00000002
STRD                              00000003
STRSYNC                           00000004
SWDTEN                            00000000
SYNC                              00000004
T0CS                              00000005
T0IE                              00000005
T0IF                              00000002
T0SE                              00000004
T1CKPS0                           00000004
T1CKPS1                           00000005
T1CON                             00000010
T1GINV                            00000007
T1GIV                             00000007
T1GSS                             00000001
T1INSYNC                          00000002
T1OSCEN                           00000003
T1SYNC                            00000002
T2CKPS0                           00000000
T2CKPS1                           00000001
T2CON                             00000012
TEMP_W                            0000002D
TMR0                              00000001
TMR0IE                            00000005
TMR0IF                            00000002
TMR1                              0000000E
TMR1CS                            00000001
TMR1GE                            00000006
TMR1H                             0000000F
TMR1IE                            00000000
TMR1IF                            00000000
MPASM 5.84  OBLIGATORIO - PARTE2 - PROTOCOLO   11-22-2019  13:47:31         PAGE 20


SYMBOL TABLE
  LABEL                             VALUE 

TMR1L                             0000000E
TMR1ON                            00000000
TMR2                              00000011
TMR2IE                            00000001
TMR2IF                            00000001
TMR2ON                            00000002
TOUTPS0                           00000003
TOUTPS1                           00000004
TOUTPS2                           00000005
TOUTPS3                           00000006
TRISA                             00000085
TRISA0                            00000000
TRISA1                            00000001
TRISA2                            00000002
TRISA3                            00000003
TRISA4                            00000004
TRISA5                            00000005
TRISA6                            00000006
TRISA7                            00000007
TRISB                             00000086
TRISB0                            00000000
TRISB1                            00000001
TRISB2                            00000002
TRISB3                            00000003
TRISB4                            00000004
TRISB5                            00000005
TRISB6                            00000006
TRISB7                            00000007
TRISC                             00000087
TRISC0                            00000000
TRISC1                            00000001
TRISC2                            00000002
TRISC3                            00000003
TRISC4                            00000004
TRISC5                            00000005
TRISC6                            00000006
TRISC7                            00000007
TRISD                             00000088
TRISD0                            00000000
TRISD1                            00000001
TRISD2                            00000002
TRISD3                            00000003
TRISD4                            00000004
TRISD5                            00000005
TRISD6                            00000006
TRISD7                            00000007
TRISE                             00000089
TRISE0                            00000000
TRISE1                            00000001
TRISE2                            00000002
TRISE3                            00000003
TRMT                              00000001
TUN0                              00000000
MPASM 5.84  OBLIGATORIO - PARTE2 - PROTOCOLO   11-22-2019  13:47:31         PAGE 21


SYMBOL TABLE
  LABEL                             VALUE 

TUN1                              00000001
TUN2                              00000002
TUN3                              00000003
TUN4                              00000004
TX8_9                             00000006
TX9                               00000006
TX9D                              00000000
TXD8                              00000000
TXEN                              00000005
TXIE                              00000004
TXIF                              00000004
TXREG                             00000019
TXSTA                             00000098
UA                                00000001
ULPWUE                            00000005
ULPWUIE                           00000002
ULPWUIF                           00000002
VALOR_CONVERSION                  00000026
VALOR_CONVERSIONH                 00000027
VALOR_CONVERSIONL                 00000028
VALOR_CONVERSION_MEMORIA          00000029
VALOR_CONVERSION_TEMP             00000025
VCFG0                             00000004
VCFG1                             00000005
VR0                               00000000
VR1                               00000001
VR2                               00000002
VR3                               00000003
VRCON                             00000097
VREN                              00000007
VROE                              00000006
VRR                               00000005
VRSS                              00000004
W                                 00000000
WCOL                              00000007
WDTCON                            00000105
WDTPS0                            00000001
WDTPS1                            00000002
WDTPS2                            00000003
WDTPS3                            00000004
WPUB                              00000095
WPUB0                             00000000
WPUB1                             00000001
WPUB2                             00000002
WPUB3                             00000003
WPUB4                             00000004
WPUB5                             00000005
WPUB6                             00000006
WPUB7                             00000007
WR                                00000001
WREN                              00000002
WRERR                             00000003
WUE                               00000001
MPASM 5.84  OBLIGATORIO - PARTE2 - PROTOCOLO   11-22-2019  13:47:31         PAGE 22


SYMBOL TABLE
  LABEL                             VALUE 

W_TEMP                            00000020
W_TEMP_CASE                       0000002F
WhileLoopInicio                   0000007F
Z                                 00000002
_.org_1_000D                      0000000D
_.org_1_0013                      00000013
_.org_1_004B                      0000004B
_.org_1_005F                      0000005F
_.org_1_008F                      0000008F
_.org_1_0099                      00000099
_.org_1_00BB                      000000BB
_.org_1_00FE                      000000FE
_.org_1_011C                      0000011C
_.org_1_0124                      00000124
_.org_1_012F                      0000012F
_.org_1_0142                      00000142
_BOR21V                           00003EFF
_BOR40V                           00003FFF
_BOR4V_BOR21V                     00003EFF
_BOR4V_BOR40V                     00003FFF
_BOREN_NSLEEP                     00003EFF
_BOREN_OFF                        00003CFF
_BOREN_ON                         00003FFF
_BOREN_SBODEN                     00003DFF
_BOR_NSLEEP                       00003EFF
_BOR_OFF                          00003CFF
_BOR_ON                           00003FFF
_BOR_SBODEN                       00003DFF
_CONFIG1                          00002007
_CONFIG2                          00002008
_CPD_OFF                          00003FFF
_CPD_ON                           00003F7F
_CP_OFF                           00003FFF
_CP_ON                            00003FBF
_DEBUG_OFF                        00003FFF
_DEBUG_ON                         00001FFF
_DEVID1                           00002006
_EC_OSC                           00003FFB
_EXTRC                            00003FFF
_EXTRCIO                          00003FFE
_EXTRC_OSC_CLKOUT                 00003FFF
_EXTRC_OSC_NOCLKOUT               00003FFE
_FCMEN_OFF                        000037FF
_FCMEN_ON                         00003FFF
_FOSC_EC                          00003FFB
_FOSC_EXTRC_CLKOUT                00003FFF
_FOSC_EXTRC_NOCLKOUT              00003FFE
_FOSC_HS                          00003FFA
_FOSC_INTRC_CLKOUT                00003FFD
_FOSC_INTRC_NOCLKOUT              00003FFC
_FOSC_LP                          00003FF8
_FOSC_XT                          00003FF9
_HS_OSC                           00003FFA
MPASM 5.84  OBLIGATORIO - PARTE2 - PROTOCOLO   11-22-2019  13:47:31         PAGE 23


SYMBOL TABLE
  LABEL                             VALUE 

_IDLOC0                           00002000
_IDLOC1                           00002001
_IDLOC2                           00002002
_IDLOC3                           00002003
_IESO_OFF                         00003BFF
_IESO_ON                          00003FFF
_INTOSC                           00003FFD
_INTOSCIO                         00003FFC
_INTRC_OSC_CLKOUT                 00003FFD
_INTRC_OSC_NOCLKOUT               00003FFC
_LP_OSC                           00003FF8
_LVP_OFF                          00002FFF
_LVP_ON                           00003FFF
_MCLRE_OFF                        00003FDF
_MCLRE_ON                         00003FFF
_PWRTE_OFF                        00003FFF
_PWRTE_ON                         00003FEF
_WDTE_OFF                         00003FF7
_WDTE_ON                          00003FFF
_WDT_OFF                          00003FF7
_WDT_ON                           00003FFF
_WRT_1FOURTH                      00003BFF
_WRT_256                          00003DFF
_WRT_HALF                         000039FF
_WRT_OFF                          00003FFF
_XT_OSC                           00003FF9
__16F887                          00000001
cargar_contexto                   00000156
cargar_contexto_case              0000015D
case_letras                       00000068
configuracion_inicial             00000018
enviar_conversion_usart_hexa      0000009D
enviar_w                          000000B8
guardar_contexto                  0000014A
guardar_contexto_case             00000150
guardar_memoria                   00000116
guardar_memoria_VALOR_CONVERSION  000000E4
inicializar_eeprom                000000D1
interrupt                         00000009
interrupt_eeprom                  00000134
interrupt_tmr1                    0000012C
interrupt_usart                   00000063
leer_memoria                      0000010B
leer_usart                        0000005C
main                              00000005
mainloop                          00000006
mapear_enviar_hexa                000000B5
mapear_hexa                       000000C0
obtener_siguiente_puntero         000000F3
re_iniciar_contador1              00000127
re_iniciar_timer1                 00000138
realizar_conversion               00000140
rutina_letra_A                    0000006F
MPASM 5.84  OBLIGATORIO - PARTE2 - PROTOCOLO   11-22-2019  13:47:31         PAGE 24


SYMBOL TABLE
  LABEL                             VALUE 

rutina_letra_H                    00000076
sumar_30                          000000C7
sumar_37                          000000CC

Errors   :     0
Warnings :     8 reported,     0 suppressed
Messages :    35 reported,     0 suppressed

