Warning[205] C:\USERS\BRUNO.MASOLLER\MPLABXPROJECTS\OBLIGATORIO.X\OBLIGATORIO - PARTE1 - CONVERSIONAD&BUFERCIRCULAR.ASM 20 : Found directive in column 1. (cblock)
Warning[205] C:\USERS\BRUNO.MASOLLER\MPLABXPROJECTS\OBLIGATORIO.X\OBLIGATORIO - PARTE1 - CONVERSIONAD&BUFERCIRCULAR.ASM 31 : Found directive in column 1. (ENDC)
Warning[205] C:\USERS\BRUNO.MASOLLER\MPLABXPROJECTS\OBLIGATORIO.X\OBLIGATORIO - PARTE1 - CONVERSIONAD&BUFERCIRCULAR.ASM 34 : Found directive in column 1. (org)
Warning[203] C:\USERS\BRUNO.MASOLLER\MPLABXPROJECTS\OBLIGATORIO.X\OBLIGATORIO - PARTE1 - CONVERSIONAD&BUFERCIRCULAR.ASM 35 : Found opcode in column 1. (goto)
Warning[205] C:\USERS\BRUNO.MASOLLER\MPLABXPROJECTS\OBLIGATORIO.X\OBLIGATORIO - PARTE1 - CONVERSIONAD&BUFERCIRCULAR.ASM 37 : Found directive in column 1. (org)
Warning[203] C:\USERS\BRUNO.MASOLLER\MPLABXPROJECTS\OBLIGATORIO.X\OBLIGATORIO - PARTE1 - CONVERSIONAD&BUFERCIRCULAR.ASM 38 : Found opcode in column 1. (goto)
Message[302] C:\USERS\BRUNO.MASOLLER\MPLABXPROJECTS\OBLIGATORIO.X\OBLIGATORIO - PARTE1 - CONVERSIONAD&BUFERCIRCULAR.ASM 71 : Register in operand not in bank 0.  Ensure that bank bits are correct.
Message[302] C:\USERS\BRUNO.MASOLLER\MPLABXPROJECTS\OBLIGATORIO.X\OBLIGATORIO - PARTE1 - CONVERSIONAD&BUFERCIRCULAR.ASM 72 : Register in operand not in bank 0.  Ensure that bank bits are correct.
Message[302] C:\USERS\BRUNO.MASOLLER\MPLABXPROJECTS\OBLIGATORIO.X\OBLIGATORIO - PARTE1 - CONVERSIONAD&BUFERCIRCULAR.ASM 74 : Register in operand not in bank 0.  Ensure that bank bits are correct.
Message[302] C:\USERS\BRUNO.MASOLLER\MPLABXPROJECTS\OBLIGATORIO.X\OBLIGATORIO - PARTE1 - CONVERSIONAD&BUFERCIRCULAR.ASM 75 : Register in operand not in bank 0.  Ensure that bank bits are correct.
Message[302] C:\USERS\BRUNO.MASOLLER\MPLABXPROJECTS\OBLIGATORIO.X\OBLIGATORIO - PARTE1 - CONVERSIONAD&BUFERCIRCULAR.ASM 79 : Register in operand not in bank 0.  Ensure that bank bits are correct.
Message[302] C:\USERS\BRUNO.MASOLLER\MPLABXPROJECTS\OBLIGATORIO.X\OBLIGATORIO - PARTE1 - CONVERSIONAD&BUFERCIRCULAR.ASM 99 : Register in operand not in bank 0.  Ensure that bank bits are correct.
Message[302] C:\USERS\BRUNO.MASOLLER\MPLABXPROJECTS\OBLIGATORIO.X\OBLIGATORIO - PARTE1 - CONVERSIONAD&BUFERCIRCULAR.ASM 123 : Register in operand not in bank 0.  Ensure that bank bits are correct.
Message[302] C:\USERS\BRUNO.MASOLLER\MPLABXPROJECTS\OBLIGATORIO.X\OBLIGATORIO - PARTE1 - CONVERSIONAD&BUFERCIRCULAR.ASM 127 : Register in operand not in bank 0.  Ensure that bank bits are correct.
Message[302] C:\USERS\BRUNO.MASOLLER\MPLABXPROJECTS\OBLIGATORIO.X\OBLIGATORIO - PARTE1 - CONVERSIONAD&BUFERCIRCULAR.ASM 135 : Register in operand not in bank 0.  Ensure that bank bits are correct.
Message[302] C:\USERS\BRUNO.MASOLLER\MPLABXPROJECTS\OBLIGATORIO.X\OBLIGATORIO - PARTE1 - CONVERSIONAD&BUFERCIRCULAR.ASM 139 : Register in operand not in bank 0.  Ensure that bank bits are correct.
Message[302] C:\USERS\BRUNO.MASOLLER\MPLABXPROJECTS\OBLIGATORIO.X\OBLIGATORIO - PARTE1 - CONVERSIONAD&BUFERCIRCULAR.ASM 153 : Register in operand not in bank 0.  Ensure that bank bits are correct.
Message[302] C:\USERS\BRUNO.MASOLLER\MPLABXPROJECTS\OBLIGATORIO.X\OBLIGATORIO - PARTE1 - CONVERSIONAD&BUFERCIRCULAR.ASM 158 : Register in operand not in bank 0.  Ensure that bank bits are correct.
Message[302] C:\USERS\BRUNO.MASOLLER\MPLABXPROJECTS\OBLIGATORIO.X\OBLIGATORIO - PARTE1 - CONVERSIONAD&BUFERCIRCULAR.ASM 169 : Register in operand not in bank 0.  Ensure that bank bits are correct.
Message[302] C:\USERS\BRUNO.MASOLLER\MPLABXPROJECTS\OBLIGATORIO.X\OBLIGATORIO - PARTE1 - CONVERSIONAD&BUFERCIRCULAR.ASM 192 : Register in operand not in bank 0.  Ensure that bank bits are correct.
Message[302] C:\USERS\BRUNO.MASOLLER\MPLABXPROJECTS\OBLIGATORIO.X\OBLIGATORIO - PARTE1 - CONVERSIONAD&BUFERCIRCULAR.ASM 196 : Register in operand not in bank 0.  Ensure that bank bits are correct.
Message[302] C:\USERS\BRUNO.MASOLLER\MPLABXPROJECTS\OBLIGATORIO.X\OBLIGATORIO - PARTE1 - CONVERSIONAD&BUFERCIRCULAR.ASM 205 : Register in operand not in bank 0.  Ensure that bank bits are correct.
Message[302] C:\USERS\BRUNO.MASOLLER\MPLABXPROJECTS\OBLIGATORIO.X\OBLIGATORIO - PARTE1 - CONVERSIONAD&BUFERCIRCULAR.ASM 208 : Register in operand not in bank 0.  Ensure that bank bits are correct.
Message[302] C:\USERS\BRUNO.MASOLLER\MPLABXPROJECTS\OBLIGATORIO.X\OBLIGATORIO - PARTE1 - CONVERSIONAD&BUFERCIRCULAR.ASM 209 : Register in operand not in bank 0.  Ensure that bank bits are correct.
Message[302] C:\USERS\BRUNO.MASOLLER\MPLABXPROJECTS\OBLIGATORIO.X\OBLIGATORIO - PARTE1 - CONVERSIONAD&BUFERCIRCULAR.ASM 211 : Register in operand not in bank 0.  Ensure that bank bits are correct.
Message[302] C:\USERS\BRUNO.MASOLLER\MPLABXPROJECTS\OBLIGATORIO.X\OBLIGATORIO - PARTE1 - CONVERSIONAD&BUFERCIRCULAR.ASM 217 : Register in operand not in bank 0.  Ensure that bank bits are correct.
Message[302] C:\USERS\BRUNO.MASOLLER\MPLABXPROJECTS\OBLIGATORIO.X\OBLIGATORIO - PARTE1 - CONVERSIONAD&BUFERCIRCULAR.ASM 218 : Register in operand not in bank 0.  Ensure that bank bits are correct.
Message[302] C:\USERS\BRUNO.MASOLLER\MPLABXPROJECTS\OBLIGATORIO.X\OBLIGATORIO - PARTE1 - CONVERSIONAD&BUFERCIRCULAR.ASM 226 : Register in operand not in bank 0.  Ensure that bank bits are correct.
Message[302] C:\USERS\BRUNO.MASOLLER\MPLABXPROJECTS\OBLIGATORIO.X\OBLIGATORIO - PARTE1 - CONVERSIONAD&BUFERCIRCULAR.ASM 228 : Register in operand not in bank 0.  Ensure that bank bits are correct.
Message[302] C:\USERS\BRUNO.MASOLLER\MPLABXPROJECTS\OBLIGATORIO.X\OBLIGATORIO - PARTE1 - CONVERSIONAD&BUFERCIRCULAR.ASM 229 : Register in operand not in bank 0.  Ensure that bank bits are correct.
Warning[205] C:\USERS\BRUNO.MASOLLER\MPLABXPROJECTS\OBLIGATORIO.X\OBLIGATORIO - PARTE1 - CONVERSIONAD&BUFERCIRCULAR.ASM 311 : Found directive in column 1. (end)
