MPASM 5.84              OBLIGATORIO_FULL.ASM   11-19-2019  16:09:11         PAGE  1


LOC  OBJECT CODE     LINE SOURCE TEXT
  VALUE

                      00001 ; PIC16F887 Configuration Bit Settings
                      00002 ; Assembly source line config statements
                      00003 #include "p16f887.inc"
                      00001         LIST
                      00002 
                      00003 ;==========================================================================
                      00004 ; Build date : Mar 17 2019
                      00005 ;  MPASM PIC16F887 processor include
                      00006 ; 
                      00007 ;  (c) Copyright 1999-2019 Microchip Technology, All rights reserved
                      00008 ;==========================================================================
                      00009 
                      00810         LIST
                      00004     
                      00005 ; Bits de configuracion
                      00006 
                      00007 ; CONFIG1
                      00008 ; __config 0xE0C2
2007   20C2           00009  __CONFIG _CONFIG1, _FOSC_HS & _WDTE_OFF & _PWRTE_ON & _MCLRE_OFF & _CP_OFF & _CPD_OFF & _BOREN_OFF & _I
                            ESO_OFF & _FCMEN_OFF & _LVP_OFF
                      00010 ; CONFIG2
                      00011 ; __config 0xFEFF
2008   3EFF           00012  __CONFIG _CONFIG2, _BOR4V_BOR21V & _WRT_OFF
                      00013 
                      00014 ; Organizacion de la memoria EEPROM.
                      00015 ; 0x30 -> Flag que indica si está¡ usado el buffer o no.
                      00016 ; 0x31 -> Puntero actual del buffer.
                      00017 ; 0x40 - 0x49 -> Buffer.
                      00018     
                      00019 ; Organizacion de la memoria de datos 
Warning[205]: Found directive in column 1. (cblock)
                      00020 cblock 0x20     ; Comienzo a escribir la memoria de datos en la direccion 0x20
                      00021 ; Definicion de variables
  00000020            00022     W_TEMP ; 0X20
  00000021            00023     STATUS_TEMP ; 0X21
  00000022            00024     CONTADOR_1 ; 0x22
  00000023            00025     CONTADOR_2 ; 0x23
  00000024            00026     CONTADOR_3 ;0x24
  00000025            00027     VALOR_CONVERSION_TEMP ; 0x25
  00000026            00028     VALOR_CONVERSION ; 0x26
  00000027            00029     VALOR_CONVERSIONH ; 0x27
  00000028            00030     VALOR_CONVERSIONL ; 0x28
  00000029            00031     VALOR_CONVERSION_MEMORIA ; 0x29
  0000002A            00032     CONTADOR_TIMER1 ; 0x30
  0000002B            00033     SIGUIENTE_PUNTERO ; 0X31
  0000002C            00034     PUNTERO_ACTUAL ; 0x32
  0000002D            00035     TEMP_W ; 0x33
  0000002E            00036     STATUS_TEMP_CASE ; 0x34
  0000002F            00037     W_TEMP_CASE ; 0x35
  00000030            00038     ITERADOR ; 0x36
                      00039 
Warning[205]: Found directive in column 1. (ENDC)
                      00040 endc
MPASM 5.84              OBLIGATORIO_FULL.ASM   11-19-2019  16:09:11         PAGE  2


LOC  OBJECT CODE     LINE SOURCE TEXT
  VALUE

                      00041    
                      00042 ;Organizacion de la memoria de programacion
Warning[205]: Found directive in column 1. (org)
                      00043 org 0x0000
Warning[203]: Found opcode in column 1. (goto)
0000   2???           00044 goto main
                      00045 
Warning[205]: Found directive in column 1. (org)
                      00046 org 0x0004
Warning[203]: Found opcode in column 1. (goto)
0004   2???           00047 goto interrupt
                      00048 
                      00049 ;;;;;;;;;;;;;;;;;;;;;;;;;;;;; PROGRAMA PRINCIPAL ;;;;;;;;;;;;;;;;;;;;;;;;;;;;;;
                      00050         
0005                  00051 main
0005   2???           00052     call configuracion_inicial
                      00053     
0006                  00054 mainloop
0006   2???           00055     call realizar_conversion
0007   2???           00056     goto mainloop
                      00057         
                      00058 ;;;;;;;;;;;;;;;;;;;;;;;;;;;;; RUTINA DE INTERRUPCION ;;;;;;;;;;;;;;;;;;;;;;;;;;
                      00059 
0008                  00060 interrupt
0008   2???           00061     call guardar_contexto
                      00062 
                      00063     ; Identifico la interrupcion.
0009   1283 1303      00064     banksel PIR1
000B   180C           00065     btfsc PIR1, TMR1IF ; Interrupcion timer1?
000C   2???           00066     call interrupt_tmr1
                      00067 
000D   1283 1303      00068     banksel PIR1
000F   1A8C           00069     btfsc PIR1, RCIF ; Interrupcion usart?
0010   2???           00070     call interrupt_usart
                      00071 
0011   1283 1303      00072     banksel PIR2
0013   1A0D           00073     btfsc PIR2, EEIF; Interrupcion escritura?
0014   2???           00074     call interrupt_eeprom
                      00075 
0015   2???           00076     call cargar_contexto
0016   0009           00077     retfie ; interrupt
                      00078         
                      00079 ;;;;;;;;;;;;;;;;;;;;;;;;;;;;; CONFIGURACION INICIAL ;;;;;;;;;;;;;;;;;;;;;;;;;;;
                      00080 
0017                  00081 configuracion_inicial   
                      00082     ; Configuro las entradas de voltaje analogicas (PUERTOA).
0017   1683 1303      00083     banksel TRISA
Message[302]: Register in operand not in bank 0.  Ensure that bank bits are correct.
0019   1405           00084     bsf TRISA, 0 ; Seteo RA0 como entrada (perilla analogica)
Message[302]: Register in operand not in bank 0.  Ensure that bank bits are correct.
001A   1485           00085     bsf TRISA, 1 ; Seteo RA1 como entrada (perilla analógica)
001B   1683 1703      00086     banksel ANSEL
Message[302]: Register in operand not in bank 0.  Ensure that bank bits are correct.
MPASM 5.84              OBLIGATORIO_FULL.ASM   11-19-2019  16:09:11         PAGE  3


LOC  OBJECT CODE     LINE SOURCE TEXT
  VALUE

001D   1408           00087     bsf ANSEL, 0 ; Seto el puerto RA0 como analogico.
Message[302]: Register in operand not in bank 0.  Ensure that bank bits are correct.
001E   1488           00088     bsf ANSEL, 1 ; Seto el puerto RA1 como analogico.
                      00089 
                      00090     ; Configuracion de la conversión analógica.
001F   1683 1303      00091     banksel ADCON1
Message[302]: Register in operand not in bank 0.  Ensure that bank bits are correct.
0021   019F           00092     clrf ADCON1 ; ADFM = Left justified | VCFG1 = Vss | VCFG0 = Vdd     
                      00093     ; Configuración del reloj y encendido del conversor analogico.
0022   1283 1303      00094     banksel ADCON0 
0024   3081           00095     movlw b'10000001'
0025   009F           00096     movwf ADCON0 ; ADCS = Fosc/32 (TAD: 1.6(x10^-6)s) | ADON = ADC is enabled.
                      00097 
                      00098     ; Configuro las interrupciones.
0026   178B           00099     bsf INTCON, GIE ; Global interrupt enable bit.
0027   170B           00100     bsf INTCON, PEIE ; Pheripheral interrupt enable bit.
                      00101         
                      00102     ; Configuracion puerto serie (EUSART)
                      00103     ; Configuracion baudrate
0028   1683 1303      00104     banksel TXSTA
Message[302]: Register in operand not in bank 0.  Ensure that bank bits are correct.
002A   1518           00105     bsf TXSTA, BRGH ; BRGH = High Speed
002B   1683 1703      00106     banksel BAUDCTL
Message[302]: Register in operand not in bank 0.  Ensure that bank bits are correct.
002D   1187           00107     bcf BAUDCTL, BRG16 ; BRG16 = 8-bit Baud Rate Generator is used.
002E   1683 1303      00108     banksel SPBRGH
Message[302]: Register in operand not in bank 0.  Ensure that bank bits are correct.
0030   019A           00109     clrf SPBRGH
0031   1683 1303      00110     banksel SPBRG
0033   3081           00111     movlw d'129'        
Message[302]: Register in operand not in bank 0.  Ensure that bank bits are correct.
0034   0099           00112     movwf SPBRG ; Baudrate 9600
                      00113     ; Configuro la transmision.
0035   1683 1303      00114     banksel TXSTA
Message[302]: Register in operand not in bank 0.  Ensure that bank bits are correct.
0037   1698           00115     bsf TXSTA, TXEN  ; Transmit Enable bit = Transmit enabled
Message[302]: Register in operand not in bank 0.  Ensure that bank bits are correct.
0038   1218           00116     bcf TXSTA, SYNC  ; EUSART mode select bit = Asynchronous mode
                      00117     ; Configuro la recepcion.
0039   1283 1303      00118     banksel RCSTA
003B   1618           00119     bsf RCSTA, CREN  ; Continuous Recive Enable bit = Enables receiver
003C   1798           00120     bsf RCSTA, SPEN  ; Serial Port Enable bit = Serial port enabled.
003D   1683 1303      00121     banksel PIE1 
Message[302]: Register in operand not in bank 0.  Ensure that bank bits are correct.
003F   168C           00122     bsf PIE1, RCIE ; Configuro que se generen interrupciones con la recepción
                      00123 
                      00124     ; Chequeo inicial de la memoria EEPROM.
0040   3030           00125     movlw 0x30
0041   2???           00126     call leer_memoria
                      00127     ; Chequeo que en la dirección 0x30 exista el valor 0x77. Si existe este 
                      00128     ; valor significa que la memoria está inicializada, sino hay que
                      00129     ; inicializarla.
0042   3C77           00130     sublw 0x77
MPASM 5.84              OBLIGATORIO_FULL.ASM   11-19-2019  16:09:11         PAGE  4


LOC  OBJECT CODE     LINE SOURCE TEXT
  VALUE

                      00131     ; INICIO IF
0043   1D03           00132         btfss STATUS, Z
                      00133         ; 0x30 tiene 0x77
0044   2???           00134         goto $+2
                      00135         ; 0x30 no tiene 0x77
0045   2???           00136         call inicializar_eeprom
                      00137     ; FIN IF
                      00138         
                      00139     ; Configuro el timer1.
0046   1683 1303      00140     banksel PIE1 ;  Timer1 Overflow Interrupt Enable bit
Message[302]: Register in operand not in bank 0.  Ensure that bank bits are correct.
0048   140C           00141     bsf PIE1, TMR1IE    
0049   1283 1303      00142     banksel PIR1
004B   100C           00143     bcf PIR1, TMR1IF ; Timer1 Overflow Interrupt Flag bit
004C   1283 1303      00144     banksel T1CON
004E   1090           00145     bcf T1CON, TMR1CS ; Timer1 Clock Source Select bit = Clock
                      00146     ; Configurar preescaler timer1(1:8)
004F   1610           00147     bsf T1CON, T1CKPS0
0050   1690           00148     bsf T1CON, T1CKPS1
0051   1010           00149     bcf T1CON, TMR1ON ; Encender el timer.
                      00150     ; Reinicio el contador tmr1.
0052   2???           00151     call re_iniciar_contador1
                      00152     ; Reinicio el timer1.
0053   2???           00153     call re_iniciar_timer1
                      00154         
0054   0008           00155     return ; configurar_puertos
                      00156 
                      00157 ;;;;;;;;;;;;;;;;;;;;;;;;;;;;; RUTINAS PROGRAMA PRINCIPAL ;;;;;;;;;;;;;;;;;;;;;;
                      00158 
                      00159 ; Lee el contenido del puerto y dervia en un case que indica que letra se
                      00160 ; ingresó.
0055                  00161 interrupt_usart
0055   1283 1303      00162     banksel RCREG
0057   081A           00163     movf RCREG, w
0058   2???           00164     call case_letras
0059   0008           00165     return ; interrupt_usart
                      00166         
                      00167 ; Identifica que letra se leyó en el puerto USART.      
005A                  00168 case_letras
005A   3A41           00169     xorlw b'01000001' ; 0x41 = 'A' (ASCII)
005B   1903           00170     btfsc STATUS, Z
005C   2???           00171     call rutina_letra_A
                      00172  
005D   3A09           00173     xorlw b'01001000' ^ b'01000001' ; 0x48 = 'H' (ASCII)
005E   1903           00174     btfsc STATUS, Z               
005F   2???           00175     call rutina_letra_H
                      00176         
0060   0008           00177     return ; case_letras
                      00178 
                      00179 ; Rutina de letra A: Obtiene el valor actual de la conversion y la envía por
                      00180 ; el puerto usart.
0061                  00181 rutina_letra_A
0061   2???           00182     call guardar_contexto_case
MPASM 5.84              OBLIGATORIO_FULL.ASM   11-19-2019  16:09:11         PAGE  5


LOC  OBJECT CODE     LINE SOURCE TEXT
  VALUE

                      00183 
0062   1283 1303      00184     banksel VALOR_CONVERSION
0064   0826           00185     movf VALOR_CONVERSION, w
0065   2???           00186     call enviar_conversion_usart
                      00187 
0066   2???           00188     call cargar_contexto_case
0067   0008           00189     return ; rutina_letra_A
                      00190     
                      00191 ; Rutina de letra H: Obtiene los valores de memoria del buffer circular y los
                      00192 ; envía por el puerto usart.
0068                  00193 rutina_letra_H
0068   2???           00194     call guardar_contexto_case
                      00195     
                      00196     ; Leo el puntero del buffer actual.
0069   3031           00197     movlw 0x31
006A   2???           00198     call leer_memoria
                      00199     
                      00200     ; Guardo el valor del puntero actual.
006B   1283 1303      00201     banksel PUNTERO_ACTUAL
006D   00AC           00202     movwf PUNTERO_ACTUAL
                      00203     
                      00204     ; Guardo el valor inicial de ITERADOR.
006E   1283 1303      00205     banksel ITERADOR
0070   00B0           00206     movwf ITERADOR
                      00207 
Warning[207]: Found label after column 1. (WhileLoopInicio)
0071                  00208     WhileLoopInicio
                      00209         ; Obtengo el dato que apunta ITERADOR.
0071   1283 1303      00210         banksel ITERADOR
0073   0830           00211         movf ITERADOR, w
0074   1283 1703      00212         banksel EEADR
Message[302]: Register in operand not in bank 0.  Ensure that bank bits are correct.
0076   008D           00213         movwf EEADR
0077   2???           00214         call leer_memoria
                      00215         
                      00216         ; Envío el dato (contenido en w) por el puerto usart.
0078   2???           00217         call enviar_conversion_usart
                      00218         ; Envío un salto de linea.
0079   300A           00219         movlw d'10'
007A   2???           00220         call enviar_w
                      00221         
                      00222         ; Incremento ITERADOR.
007B   1283 1303      00223         banksel ITERADOR
007D   0AB0           00224         incf ITERADOR, f
                      00225         ; Chequeo que no me pase el buffer.
007E   0830           00226         movf ITERADOR, w
007F   3C49           00227         sublw 0x49
                      00228         ; INICIO IF
0080   1803           00229             btfsc STATUS, C
                      00230             ; w <= 0x49 THEN
0081   2???           00231             goto $+3
                      00232             ; ELSE (ITERADOR > 0x49)
0082   3040           00233             movlw 0x40
MPASM 5.84              OBLIGATORIO_FULL.ASM   11-19-2019  16:09:11         PAGE  6


LOC  OBJECT CODE     LINE SOURCE TEXT
  VALUE

0083   00B0           00234             movwf ITERADOR
                      00235         ; FIN IF
                      00236         
                      00237         ; Compruebo que no llegue al PUNTERO_ACTUAL (fin del loop)      
0084   1283 1303      00238         banksel PUNTERO_ACTUAL
0086   082C           00239         movf PUNTERO_ACTUAL, w
0087   1283 1303      00240         banksel ITERADOR
0089   0230           00241         subwf ITERADOR, w
                      00242         ; INICIO IF
008A   1D03           00243             btfss STATUS, Z
                      00244             ; THEN (ITERADOR = PUNTERO_ACTUAL)
008B   2???           00245             goto $+2
                      00246             ; ELSE
008C   2???           00247             goto WhileLoopInicio
                      00248         ; FIN IF        
008D   2???           00249     call cargar_contexto_case
                      00250     
008E   0008           00251     return ; rutina_letra_H
                      00252         
                      00253 ; Obtiene el valor de la conversión en w, lo mapea y lo envía por el puerto
                      00254 ; usart.
008F                  00255 enviar_conversion_usart 
008F   1283 1303      00256     banksel VALOR_CONVERSION_TEMP
0091   00A5           00257     movwf VALOR_CONVERSION_TEMP
                      00258 
                      00259     ; Obtengo los valores High y Low de la conversion.
Warning[202]: Argument out of range.  Least significant bits used.
0092   3970           00260     andlw d'11110000'
0093   1283 1303      00261     banksel VALOR_CONVERSIONH
0095   00A7           00262     movwf VALOR_CONVERSIONH
0096   0EA7           00263     swapf VALOR_CONVERSIONH, f  ; Hago swamp para cambiar de lugar y 
                      00264                                 ; tener todos en los bits menos significativos.
                      00265     
0097   1283 1303      00266     banksel VALOR_CONVERSION_TEMP
0099   0825           00267     movf VALOR_CONVERSION_TEMP, w
Warning[202]: Argument out of range.  Least significant bits used.
009A   3957           00268     andlw d'00001111'
009B   1283 1303      00269     banksel VALOR_CONVERSIONL
009D   00A8           00270     movwf VALOR_CONVERSIONL
                      00271     
                      00272     ; Mapeo y envío los valores por el puerto usart.
009E   1283 1303      00273     banksel VALOR_CONVERSIONL
00A0   0828           00274     movf VALOR_CONVERSIONL, w
00A1   2???           00275     call mapear_enviar
                      00276         
00A2   1283 1303      00277     banksel VALOR_CONVERSIONH
00A4   0827           00278     movf VALOR_CONVERSIONH, w
00A5   2???           00279     call mapear_enviar
                      00280     
00A6   0008           00281     return ; enviar_conversion_usart
                      00282         
                      00283 ; Mapea el valor de w a un caracter ASCII y lo envía por el puerto USART.
00A7                  00284 mapear_enviar 
MPASM 5.84              OBLIGATORIO_FULL.ASM   11-19-2019  16:09:11         PAGE  7


LOC  OBJECT CODE     LINE SOURCE TEXT
  VALUE

00A7   2???           00285     call mapear    
00A8   2???           00286     call enviar_w
00A9   0008           00287     return ; mapear_enviar
                      00288         
                      00289 ; Envia el valor del registro w por el puerto USART.
00AA                  00290 enviar_w
00AA   1283 1303      00291     banksel PIR1
00AC   1E0C           00292     btfss PIR1, TXIF ; Esta vacío el bus de transmisión?
00AD   2???           00293     goto $-1 ; No, vuelvo a chequear hasta que esté libre.
00AE   1283 1303      00294     banksel TXREG
00B0   0099           00295     movwf TXREG 
00B1   0008           00296     return ; enviar_w
                      00297         
                      00298 ; Mapea el valor de w a un caracter ASCII y lo guarda en w.
00B2                  00299 mapear
00B2   1283 1303      00300     banksel TEMP_W
00B4   00AD           00301     movwf TEMP_W
00B5   3C09           00302     sublw b'00001001' ; 0x09 -> 9 decimal
00B6   1903           00303     btfsc STATUS, Z
00B7   2???           00304     goto sumar_30 ; Es 9, entonces sumo 0x30 = 0011 0000
00B8   1803           00305     btfsc STATUS, C
00B9   2???           00306     goto sumar_37 ; Es mayor a 9, entonces sumo 0x37 = 0011 0111
00BA   2???           00307     goto sumar_30 ; Es menor 9, entonces sumo 0x30 = 0011 0000
                      00308 
                      00309 ; Sumo 30h al valor que tengo en w.
00BB                  00310 sumar_30
00BB   1283 1303      00311         banksel TEMP_W
00BD   082D           00312         movf TEMP_W, w
00BE   3E30           00313         addlw b'00110000' ; 0x30 -> 48 decimal
00BF   0008           00314         return ; sumar_30
                      00315 
                      00316 ; Sumo 37h al valor que tengo en w.
00C0                  00317 sumar_37
00C0   1283 1303      00318         banksel TEMP_W
00C2   082D           00319         movf TEMP_W, w
00C3   3E37           00320         addlw b'00110111' ; 0x37 -> 55 decimal
00C4   0008           00321         return ; sumar_37
                      00322         
                      00323 ; Inicializa la memoria EEPROM.
00C5                  00324 inicializar_eeprom
                      00325     ; Inicializo la flag de memoria inicializada.
                      00326     ; Cargo 0x30 (Puntero flag del buffer)
00C5   3030           00327     movlw 0x30
00C6   1283 1703      00328     banksel EEADR
Message[302]: Register in operand not in bank 0.  Ensure that bank bits are correct.
00C8   008D           00329     movwf EEADR
                      00330     ; Cargo el dato que indica que está¡ inicializada la memoria.
00C9   3077           00331     movlw 0x77
00CA   1283 1703      00332     banksel EEDAT
Message[302]: Register in operand not in bank 0.  Ensure that bank bits are correct.
00CC   008C           00333     movwf EEDAT
                      00334     ; Guardo el valor de w en memoria.
00CD   2???           00335     call guardar_memoria
MPASM 5.84              OBLIGATORIO_FULL.ASM   11-19-2019  16:09:11         PAGE  8


LOC  OBJECT CODE     LINE SOURCE TEXT
  VALUE

                      00336 
                      00337     ; Inicializo el puntero inicial del donde arranca el buffer.
                      00338     ; Cargo 0x31 (SIGUIENTE_PUNTERO)
00CE   3031           00339     movlw 0x31
00CF   1283 1703      00340     banksel EEADR
Message[302]: Register in operand not in bank 0.  Ensure that bank bits are correct.
00D1   008D           00341     movwf EEADR
                      00342     ; Cargo el dato que indica que está, inicializada la memoria.
00D2   3049           00343     movlw 0x49
00D3   1283 1703      00344     banksel EEDAT
Message[302]: Register in operand not in bank 0.  Ensure that bank bits are correct.
00D5   008C           00345     movwf EEDAT
                      00346     ; Guardo el valor de w en memoria.
00D6   2???           00347     call guardar_memoria
                      00348 
00D7   0008           00349     return ; inicializar_eeprom
                      00350 
                      00351 ; Guarda el valor de VALOR_CONVERSION en el buffer circular.
00D8                  00352 guardar_memoria_VALOR_CONVERSION
                      00353         ; Cargo SIGUIENTE_PUNTERO e impacto en memoria.
00D8   2???           00354         call obtener_siguiente_puntero
                      00355         ; Cargo el dato de VALOR_CONVERSION en EEDAT.
00D9   1283 1303      00356         banksel VALOR_CONVERSION
00DB   0826           00357         movf VALOR_CONVERSION, w
00DC   1283 1703      00358         banksel EEDAT
Message[302]: Register in operand not in bank 0.  Ensure that bank bits are correct.
00DE   008C           00359         movwf EEDAT
                      00360         ; Cargo el puntero de SIGUIENTE_PUNTERO en EEADR.
00DF   1283 1303      00361         banksel SIGUIENTE_PUNTERO
00E1   082B           00362         movf SIGUIENTE_PUNTERO, w
00E2   1283 1703      00363         banksel EEADR
Message[302]: Register in operand not in bank 0.  Ensure that bank bits are correct.
00E4   008D           00364         movwf EEADR
                      00365         ; Guardo el valor de w en memoria.
00E5   2???           00366         call guardar_memoria
                      00367         
00E6   0008           00368         return ; guardar_memoria_VALOR_CONVERSION
                      00369 
                      00370 ; Obtiene y guarda el siguiente puntero del buffer en memoria.  
00E7                  00371 obtener_siguiente_puntero
                      00372     ; Cargo 0X31 (Puntero de SIGUIENTE_PUNTERO) en EEADR
00E7   3031           00373     movlw 0x31
00E8   1283 1703      00374     banksel EEADR
Message[302]: Register in operand not in bank 0.  Ensure that bank bits are correct.
00EA   008D           00375     movwf EEADR
                      00376     ; Cargo el valor de memoria en w.
00EB   2???           00377     call leer_memoria
                      00378 
                      00379     ; Sumo 1 al puntero.
00EC   3E01           00380     addlw d'1'
00ED   1283 1303      00381     banksel SIGUIENTE_PUNTERO
00EF   00AB           00382     movwf SIGUIENTE_PUNTERO
                      00383 
MPASM 5.84              OBLIGATORIO_FULL.ASM   11-19-2019  16:09:11         PAGE  9


LOC  OBJECT CODE     LINE SOURCE TEXT
  VALUE

                      00384     ; Chequeo que no me pase del buffer.
00F0   3C49           00385     sublw 0x49
                      00386     ; INICIO IF
00F1   1803           00387             btfsc STATUS, C
                      00388             ; w <= 0x49 THEN
00F2   2???           00389             goto $+3
                      00390             ; ELSE
00F3   3040           00391             movlw 0x40
00F4   00AB           00392             movwf SIGUIENTE_PUNTERO
                      00393     ; FIN IF
                      00394 
                      00395     ; Cargo el dato de SIGUIENTE_PUNTERO en EEDAT.
00F5   082B           00396     movf SIGUIENTE_PUNTERO, w
00F6   1283 1703      00397     banksel EEDAT
Message[302]: Register in operand not in bank 0.  Ensure that bank bits are correct.
00F8   008C           00398     movwf EEDAT
                      00399     ; Cargo el puntero de SIGUIENTE_PUNTERO en EEADR.
00F9   3031           00400     movlw 0x31
00FA   1283 1703      00401     banksel EEADR
Message[302]: Register in operand not in bank 0.  Ensure that bank bits are correct.
00FC   008D           00402     movwf EEADR
                      00403     ; Guardo el valor de w en memoria.
00FD   2???           00404     call guardar_memoria        
                      00405 
00FE   0008           00406     return ; obtener_siguiente_puntero
                      00407 
                      00408 ; Leo un valor ya seteado en EEADR de memoria en w.
00FF                  00409 leer_memoria
00FF   1283 1703      00410     banksel EEADR
Message[302]: Register in operand not in bank 0.  Ensure that bank bits are correct.
0101   008D           00411     movwf EEADR ; Cargo la dirección.
                      00412 
0102   1683 1703      00413     banksel EECON1
Message[302]: Register in operand not in bank 0.  Ensure that bank bits are correct.
0104   138C           00414     bcf EECON1, EEPGD ; Apunto a la EEPROM
Message[302]: Register in operand not in bank 0.  Ensure that bank bits are correct.
0105   140C           00415     bsf EECON1, RD ; Activo la lectura.
0106   1283 1703      00416     banksel EEDAT
Message[302]: Register in operand not in bank 0.  Ensure that bank bits are correct.
0108   080C           00417     movf EEDAT, w ; Guardo el valor en w.
                      00418 
0109   0008           00419     return ; leer_memoria
                      00420 
010A                  00421 guardar_memoria
010A   1683 1703      00422     banksel EECON1
Message[302]: Register in operand not in bank 0.  Ensure that bank bits are correct.
010C   138C           00423     bcf EECON1, EEPGD ; Apunto a la EEPROM
Message[302]: Register in operand not in bank 0.  Ensure that bank bits are correct.
010D   150C           00424     bsf EECON1, WREN ; Activo la escritura.
                      00425 
010E   138B           00426     bcf INTCON, GIE ; Desactivo interrupciones.
010F   1B8B           00427     btfsc INTCON, GIE
0110   2???           00428     goto $-2
MPASM 5.84              OBLIGATORIO_FULL.ASM   11-19-2019  16:09:11         PAGE 10


LOC  OBJECT CODE     LINE SOURCE TEXT
  VALUE

                      00429 
                      00430     ; SECCION INTOCABLE
0111   3055           00431     movlw 0x55
Message[302]: Register in operand not in bank 0.  Ensure that bank bits are correct.
0112   008D           00432     movwf EECON2
0113   30AA           00433     movlw 0xAA
Message[302]: Register in operand not in bank 0.  Ensure that bank bits are correct.
0114   008D           00434     movwf EECON2
Message[302]: Register in operand not in bank 0.  Ensure that bank bits are correct.
0115   148C           00435     bsf EECON1, WR ; Se comienza la escritura.
                      00436     ; FIN SECCION INTOCABLE
                      00437 
0116   178B           00438     bsf INTCON, GIE ; Activo las interrupciones.        
0117   0008           00439     return ; guardar_memoria
                      00440         
                      00441 ; Configurar CONTADOR_TIMER1
0118                  00442 re_iniciar_contador1
0118   1283 1303      00443     banksel CONTADOR_TIMER1
011A   300A           00444     movlw d'10'
011B   00AA           00445     movwf CONTADOR_TIMER1
                      00446 
011C   0008           00447     return ; re_iniciar_contador1
                      00448 
                      00449 ; Rutina de interrupción del tmr1.
011D                  00450 interrupt_tmr1
                      00451     ; Decremento el contador.
011D   1283 1303      00452     banksel CONTADOR_TIMER1
                      00453     ; INICIO IF
011F   0BAA           00454             decfsz CONTADOR_TIMER1, f
                      00455             ; CONTADOR_TIMER <> 0 THEN
0120   2???           00456             goto $+3
                      00457             ; ELSE
0121   2???           00458             call guardar_memoria_VALOR_CONVERSION
0122   2???           00459             call re_iniciar_contador1
                      00460     ; FIN IF
0123   2???           00461     call re_iniciar_timer1
                      00462 
0124   0008           00463     return ; interrupt_tmr1
                      00464 
                      00465 ; Interrupcion de escritura de la eepron.
0125                  00466 interrupt_eeprom
0125   1283 1303      00467     banksel PIR2
0127   120D           00468     bcf PIR2, EEIF ; Limpio la interrupcion de la eeprom
                      00469 
0128   0008           00470     return ; interrupt_eeprom
                      00471 
                      00472 ; Inicia el timer con el valor precargado, para una interrupción cada 100 ms.
0129                  00473 re_iniciar_timer1
                      00474 ;;;;;;;;;;;; Calculo para la cantidad de tiempo ;;;;;;;;;;;;;;;;
                      00475     ; ValorTimer = ValorMaximoTimer - ((DelaySolicitado * Fosc) / (Prescalar * 4))
                      00476     ; Formula para 100 ms: ValorTimer = 65536 - ((100ms * 20Mhz) / (8 * 4)) = 3036
                      00477 
                      00478     ; Cargar 3036 (00001011 11011100)
MPASM 5.84              OBLIGATORIO_FULL.ASM   11-19-2019  16:09:11         PAGE 11


LOC  OBJECT CODE     LINE SOURCE TEXT
  VALUE

0129   1283 1303      00479     banksel PIR1
                      00480     
012B   30DC           00481     movlw b'11011100' 
012C   008E           00482     movwf  TMR1L
012D   300B           00483     movlw b'00001011' 
012E   008F           00484     movwf  TMR1H
                      00485     
012F   100C           00486     bcf PIR1, TMR1IF ; Timer1 Overflow Interrupt Flag bit
0130   0008           00487     return ; re_iniciar_timer1
                      00488 
                      00489 ; Realiza la conversion y almacena los valores en variables.
0131                  00490 realizar_conversion
0131   149F           00491     bsf ADCON0, GO ; Start conversion
0132   189F           00492     btfsc ADCON0, GO ; Is conversion done?
0133   2???           00493     goto $-1 ; No, test again
                      00494         
                      00495     ; Obtener el valor de la conversión.
0134   1283 1303      00496     banksel ADRESH
0136   081E           00497     movf ADRESH, w
0137   1283 1303      00498     banksel VALOR_CONVERSION
0139   00A6           00499     movwf VALOR_CONVERSION
                      00500         
013A   0008           00501     return ; realizar_conversion
                      00502 
                      00503 ; Rutinas de contexto.
013B                  00504 guardar_contexto
013B   00A0           00505         movwf W_TEMP  ; Guardo w.
013C   0E03           00506         swapf STATUS, w ; Swap status en w.
013D   00A1           00507         movwf STATUS_TEMP ; Guardo STATUS.
013E   0008           00508         return ; guardar_contexto
                      00509         
013F                  00510 guardar_contexto_case
013F   00AF           00511         movwf W_TEMP_CASE  ; Guardo w.
0140   0E03           00512         swapf STATUS, w ; Swap status en w.
0141   00AE           00513         movwf STATUS_TEMP_CASE ; Guardo STATUS.
                      00514         
0142   0008           00515         return ; guardar_contexto_case
                      00516     
0143                  00517 cargar_contexto
0143   0E21           00518         swapf STATUS_TEMP, w
0144   0083           00519         movwf STATUS
0145   0EA0           00520         swapf W_TEMP, f
0146   0E20           00521         swapf W_TEMP, w
0147   0008           00522         return ; cargar_contexto
                      00523         
0148                  00524 cargar_contexto_case
0148   0E2E           00525         swapf STATUS_TEMP_CASE, w
0149   0083           00526         movwf STATUS
014A   0EAF           00527         swapf W_TEMP_CASE, f
014B   0E2F           00528         swapf W_TEMP_CASE, w
                      00529         
014C   0008           00530         return ; cargar_contexto_case
                      00531         
MPASM 5.84              OBLIGATORIO_FULL.ASM   11-19-2019  16:09:11         PAGE 12


LOC  OBJECT CODE     LINE SOURCE TEXT
  VALUE

Warning[205]: Found directive in column 1. (end)
20C2 3EFF             00532 end
MPASM 5.84              OBLIGATORIO_FULL.ASM   11-19-2019  16:09:11         PAGE 13


SYMBOL TABLE
  LABEL                             VALUE 

ABDEN                             00000000
ABDOVF                            00000007
ACKDT                             00000005
ACKEN                             00000004
ACKSTAT                           00000006
ADCON0                            0000001F
ADCON1                            0000009F
ADCS0                             00000006
ADCS1                             00000007
ADDEN                             00000003
ADFM                              00000007
ADIE                              00000006
ADIF                              00000006
ADON                              00000000
ADRESH                            0000001E
ADRESL                            0000009E
ANS0                              00000000
ANS1                              00000001
ANS10                             00000002
ANS11                             00000003
ANS12                             00000004
ANS13                             00000005
ANS2                              00000002
ANS3                              00000003
ANS4                              00000004
ANS5                              00000005
ANS6                              00000006
ANS7                              00000007
ANS8                              00000000
ANS9                              00000001
ANSEL                             00000188
ANSELH                            00000189
BAUDCTL                           00000187
BCLIE                             00000003
BCLIF                             00000003
BF                                00000000
BRG0                              00000000
BRG1                              00000001
BRG10                             00000002
BRG11                             00000003
BRG12                             00000004
BRG13                             00000005
BRG14                             00000006
BRG15                             00000007
BRG16                             00000003
BRG2                              00000002
BRG3                              00000003
BRG4                              00000004
BRG5                              00000005
BRG6                              00000006
BRG7                              00000007
BRG8                              00000000
BRG9                              00000001
MPASM 5.84              OBLIGATORIO_FULL.ASM   11-19-2019  16:09:11         PAGE 14


SYMBOL TABLE
  LABEL                             VALUE 

BRGH                              00000002
C                                 00000000
C1CH0                             00000000
C1CH1                             00000001
C1IE                              00000005
C1IF                              00000005
C1OE                              00000005
C1ON                              00000007
C1OUT                             00000006
C1POL                             00000004
C1R                               00000002
C1RSEL                            00000005
C1SEN                             00000005
C2CH0                             00000000
C2CH1                             00000001
C2IE                              00000006
C2IF                              00000006
C2OE                              00000005
C2ON                              00000007
C2OUT                             00000006
C2POL                             00000004
C2R                               00000002
C2REN                             00000004
C2RSEL                            00000004
C2SYNC                            00000000
CCP1CON                           00000017
CCP1IE                            00000002
CCP1IF                            00000002
CCP1M0                            00000000
CCP1M1                            00000001
CCP1M2                            00000002
CCP1M3                            00000003
CCP1X                             00000005
CCP1Y                             00000004
CCP2CON                           0000001D
CCP2IE                            00000000
CCP2IF                            00000000
CCP2M0                            00000000
CCP2M1                            00000001
CCP2M2                            00000002
CCP2M3                            00000003
CCP2X                             00000005
CCP2Y                             00000004
CCPR1                             00000015
CCPR1H                            00000016
CCPR1L                            00000015
CCPR2                             0000001B
CCPR2H                            0000001C
CCPR2L                            0000001B
CHS0                              00000002
CHS1                              00000003
CHS2                              00000004
CHS3                              00000005
MPASM 5.84              OBLIGATORIO_FULL.ASM   11-19-2019  16:09:11         PAGE 15


SYMBOL TABLE
  LABEL                             VALUE 

CKE                               00000006
CKP                               00000004
CM1CON0                           00000107
CM2CON0                           00000108
CM2CON1                           00000109
CONTADOR_1                        00000022
CONTADOR_2                        00000023
CONTADOR_3                        00000024
CONTADOR_TIMER1                   0000002A
CREN                              00000004
CSRC                              00000007
D                                 00000005
DATA_ADDRESS                      00000005
DC                                00000001
DC1B0                             00000004
DC1B1                             00000005
DC2B0                             00000004
DC2B1                             00000005
D_A                               00000005
D_NOT_A                           00000005
ECCPAS                            0000009C
ECCPAS0                           00000004
ECCPAS1                           00000005
ECCPAS2                           00000006
ECCPASE                           00000007
EEADR                             0000010D
EEADRH                            0000010F
EECON1                            0000018C
EECON2                            0000018D
EEDAT                             0000010C
EEDATA                            0000010C
EEDATH                            0000010E
EEIE                              00000004
EEIF                              00000004
EEPGD                             00000007
F                                 00000001
FERR                              00000002
FSR                               00000004
FVREN                             00000000
GCEN                              00000007
GIE                               00000007
GO                                00000001
GO_DONE                           00000001
GO_NOT_DONE                       00000001
HTS                               00000002
I2C_DATA                          00000005
I2C_READ                          00000002
I2C_START                         00000003
I2C_STOP                          00000004
INDF                              00000000
INTCON                            0000000B
INTE                              00000004
INTEDG                            00000006
MPASM 5.84              OBLIGATORIO_FULL.ASM   11-19-2019  16:09:11         PAGE 16


SYMBOL TABLE
  LABEL                             VALUE 

INTF                              00000001
IOCB                              00000096
IOCB0                             00000000
IOCB1                             00000001
IOCB2                             00000002
IOCB3                             00000003
IOCB4                             00000004
IOCB5                             00000005
IOCB6                             00000006
IOCB7                             00000007
IRCF0                             00000004
IRCF1                             00000005
IRCF2                             00000006
IRP                               00000007
ITERADOR                          00000030
LTS                               00000001
MC1OUT                            00000007
MC2OUT                            00000006
MSK                               00000093
MSK0                              00000000
MSK1                              00000001
MSK2                              00000002
MSK3                              00000003
MSK4                              00000004
MSK5                              00000005
MSK6                              00000006
MSK7                              00000007
NOT_A                             00000005
NOT_ADDRESS                       00000005
NOT_BO                            00000000
NOT_BOR                           00000000
NOT_DONE                          00000001
NOT_PD                            00000003
NOT_POR                           00000001
NOT_RBPU                          00000007
NOT_RC8                           00000006
NOT_T1SYNC                        00000002
NOT_TO                            00000004
NOT_TX8                           00000006
NOT_W                             00000002
NOT_WRITE                         00000002
OERR                              00000001
OPTION_REG                        00000081
OSCCON                            0000008F
OSCTUNE                           00000090
OSFIE                             00000007
OSFIF                             00000007
OSTS                              00000003
P                                 00000004
P1M0                              00000006
P1M1                              00000007
PCL                               00000002
PCLATH                            0000000A
MPASM 5.84              OBLIGATORIO_FULL.ASM   11-19-2019  16:09:11         PAGE 17


SYMBOL TABLE
  LABEL                             VALUE 

PCON                              0000008E
PDC0                              00000000
PDC1                              00000001
PDC2                              00000002
PDC3                              00000003
PDC4                              00000004
PDC5                              00000005
PDC6                              00000006
PEIE                              00000006
PEN                               00000002
PIE1                              0000008C
PIE2                              0000008D
PIR1                              0000000C
PIR2                              0000000D
PORTA                             00000005
PORTB                             00000006
PORTC                             00000007
PORTD                             00000008
PORTE                             00000009
PR2                               00000092
PRSEN                             00000007
PS0                               00000000
PS1                               00000001
PS2                               00000002
PSA                               00000003
PSSAC0                            00000002
PSSAC1                            00000003
PSSBD0                            00000000
PSSBD1                            00000001
PSTRCON                           0000009D
PULSR                             00000002
PULSS                             00000003
PUNTERO_ACTUAL                    0000002C
PWM1CON                           0000009B
R                                 00000002
RA0                               00000000
RA1                               00000001
RA2                               00000002
RA3                               00000003
RA4                               00000004
RA5                               00000005
RA6                               00000006
RA7                               00000007
RB0                               00000000
RB1                               00000001
RB2                               00000002
RB3                               00000003
RB4                               00000004
RB5                               00000005
RB6                               00000006
RB7                               00000007
RBIE                              00000003
RBIF                              00000000
MPASM 5.84              OBLIGATORIO_FULL.ASM   11-19-2019  16:09:11         PAGE 18


SYMBOL TABLE
  LABEL                             VALUE 

RC0                               00000000
RC1                               00000001
RC2                               00000002
RC3                               00000003
RC4                               00000004
RC5                               00000005
RC6                               00000006
RC7                               00000007
RC8_9                             00000006
RC9                               00000006
RCD8                              00000000
RCEN                              00000003
RCIDL                             00000006
RCIE                              00000005
RCIF                              00000005
RCREG                             0000001A
RCSTA                             00000018
RD                                00000000
RD0                               00000000
RD1                               00000001
RD2                               00000002
RD3                               00000003
RD4                               00000004
RD5                               00000005
RD6                               00000006
RD7                               00000007
RE0                               00000000
RE1                               00000001
RE2                               00000002
RE3                               00000003
READ_WRITE                        00000002
RP0                               00000005
RP1                               00000006
RSEN                              00000001
RX9                               00000006
RX9D                              00000000
R_NOT_W                           00000002
R_W                               00000002
S                                 00000003
SBOREN                            00000004
SCKP                              00000004
SCS                               00000000
SEN                               00000000
SENDB                             00000003
SIGUIENTE_PUNTERO                 0000002B
SMP                               00000007
SPBRG                             00000099
SPBRGH                            0000009A
SPEN                              00000007
SR0                               00000006
SR1                               00000007
SRCON                             00000185
SREN                              00000005
MPASM 5.84              OBLIGATORIO_FULL.ASM   11-19-2019  16:09:11         PAGE 19


SYMBOL TABLE
  LABEL                             VALUE 

SSPADD                            00000093
SSPBUF                            00000013
SSPCON                            00000014
SSPCON2                           00000091
SSPEN                             00000005
SSPIE                             00000003
SSPIF                             00000003
SSPM0                             00000000
SSPM1                             00000001
SSPM2                             00000002
SSPM3                             00000003
SSPMSK                            00000093
SSPOV                             00000006
SSPSTAT                           00000094
STATUS                            00000003
STATUS_TEMP                       00000021
STATUS_TEMP_CASE                  0000002E
STRA                              00000000
STRB                              00000001
STRC                              00000002
STRD                              00000003
STRSYNC                           00000004
SWDTEN                            00000000
SYNC                              00000004
T0CS                              00000005
T0IE                              00000005
T0IF                              00000002
T0SE                              00000004
T1CKPS0                           00000004
T1CKPS1                           00000005
T1CON                             00000010
T1GINV                            00000007
T1GIV                             00000007
T1GSS                             00000001
T1INSYNC                          00000002
T1OSCEN                           00000003
T1SYNC                            00000002
T2CKPS0                           00000000
T2CKPS1                           00000001
T2CON                             00000012
TEMP_W                            0000002D
TMR0                              00000001
TMR0IE                            00000005
TMR0IF                            00000002
TMR1                              0000000E
TMR1CS                            00000001
TMR1GE                            00000006
TMR1H                             0000000F
TMR1IE                            00000000
TMR1IF                            00000000
TMR1L                             0000000E
TMR1ON                            00000000
TMR2                              00000011
MPASM 5.84              OBLIGATORIO_FULL.ASM   11-19-2019  16:09:11         PAGE 20


SYMBOL TABLE
  LABEL                             VALUE 

TMR2IE                            00000001
TMR2IF                            00000001
TMR2ON                            00000002
TOUTPS0                           00000003
TOUTPS1                           00000004
TOUTPS2                           00000005
TOUTPS3                           00000006
TRISA                             00000085
TRISA0                            00000000
TRISA1                            00000001
TRISA2                            00000002
TRISA3                            00000003
TRISA4                            00000004
TRISA5                            00000005
TRISA6                            00000006
TRISA7                            00000007
TRISB                             00000086
TRISB0                            00000000
TRISB1                            00000001
TRISB2                            00000002
TRISB3                            00000003
TRISB4                            00000004
TRISB5                            00000005
TRISB6                            00000006
TRISB7                            00000007
TRISC                             00000087
TRISC0                            00000000
TRISC1                            00000001
TRISC2                            00000002
TRISC3                            00000003
TRISC4                            00000004
TRISC5                            00000005
TRISC6                            00000006
TRISC7                            00000007
TRISD                             00000088
TRISD0                            00000000
TRISD1                            00000001
TRISD2                            00000002
TRISD3                            00000003
TRISD4                            00000004
TRISD5                            00000005
TRISD6                            00000006
TRISD7                            00000007
TRISE                             00000089
TRISE0                            00000000
TRISE1                            00000001
TRISE2                            00000002
TRISE3                            00000003
TRMT                              00000001
TUN0                              00000000
TUN1                              00000001
TUN2                              00000002
TUN3                              00000003
MPASM 5.84              OBLIGATORIO_FULL.ASM   11-19-2019  16:09:11         PAGE 21


SYMBOL TABLE
  LABEL                             VALUE 

TUN4                              00000004
TX8_9                             00000006
TX9                               00000006
TX9D                              00000000
TXD8                              00000000
TXEN                              00000005
TXIE                              00000004
TXIF                              00000004
TXREG                             00000019
TXSTA                             00000098
UA                                00000001
ULPWUE                            00000005
ULPWUIE                           00000002
ULPWUIF                           00000002
VALOR_CONVERSION                  00000026
VALOR_CONVERSIONH                 00000027
VALOR_CONVERSIONL                 00000028
VALOR_CONVERSION_MEMORIA          00000029
VALOR_CONVERSION_TEMP             00000025
VCFG0                             00000004
VCFG1                             00000005
VR0                               00000000
VR1                               00000001
VR2                               00000002
VR3                               00000003
VRCON                             00000097
VREN                              00000007
VROE                              00000006
VRR                               00000005
VRSS                              00000004
W                                 00000000
WCOL                              00000007
WDTCON                            00000105
WDTPS0                            00000001
WDTPS1                            00000002
WDTPS2                            00000003
WDTPS3                            00000004
WPUB                              00000095
WPUB0                             00000000
WPUB1                             00000001
WPUB2                             00000002
WPUB3                             00000003
WPUB4                             00000004
WPUB5                             00000005
WPUB6                             00000006
WPUB7                             00000007
WR                                00000001
WREN                              00000002
WRERR                             00000003
WUE                               00000001
W_TEMP                            00000020
W_TEMP_CASE                       0000002F
WhileLoopInicio                   00000071
MPASM 5.84              OBLIGATORIO_FULL.ASM   11-19-2019  16:09:11         PAGE 22


SYMBOL TABLE
  LABEL                             VALUE 

Z                                 00000002
_.org_1_0044                      00000044
_.org_1_0081                      00000081
_.org_1_008B                      0000008B
_.org_1_00AD                      000000AD
_.org_1_00F2                      000000F2
_.org_1_0110                      00000110
_.org_1_0120                      00000120
_.org_1_0133                      00000133
_BOR21V                           00003EFF
_BOR40V                           00003FFF
_BOR4V_BOR21V                     00003EFF
_BOR4V_BOR40V                     00003FFF
_BOREN_NSLEEP                     00003EFF
_BOREN_OFF                        00003CFF
_BOREN_ON                         00003FFF
_BOREN_SBODEN                     00003DFF
_BOR_NSLEEP                       00003EFF
_BOR_OFF                          00003CFF
_BOR_ON                           00003FFF
_BOR_SBODEN                       00003DFF
_CONFIG1                          00002007
_CONFIG2                          00002008
_CPD_OFF                          00003FFF
_CPD_ON                           00003F7F
_CP_OFF                           00003FFF
_CP_ON                            00003FBF
_DEBUG_OFF                        00003FFF
_DEBUG_ON                         00001FFF
_DEVID1                           00002006
_EC_OSC                           00003FFB
_EXTRC                            00003FFF
_EXTRCIO                          00003FFE
_EXTRC_OSC_CLKOUT                 00003FFF
_EXTRC_OSC_NOCLKOUT               00003FFE
_FCMEN_OFF                        000037FF
_FCMEN_ON                         00003FFF
_FOSC_EC                          00003FFB
_FOSC_EXTRC_CLKOUT                00003FFF
_FOSC_EXTRC_NOCLKOUT              00003FFE
_FOSC_HS                          00003FFA
_FOSC_INTRC_CLKOUT                00003FFD
_FOSC_INTRC_NOCLKOUT              00003FFC
_FOSC_LP                          00003FF8
_FOSC_XT                          00003FF9
_HS_OSC                           00003FFA
_IDLOC0                           00002000
_IDLOC1                           00002001
_IDLOC2                           00002002
_IDLOC3                           00002003
_IESO_OFF                         00003BFF
_IESO_ON                          00003FFF
_INTOSC                           00003FFD
MPASM 5.84              OBLIGATORIO_FULL.ASM   11-19-2019  16:09:11         PAGE 23


SYMBOL TABLE
  LABEL                             VALUE 

_INTOSCIO                         00003FFC
_INTRC_OSC_CLKOUT                 00003FFD
_INTRC_OSC_NOCLKOUT               00003FFC
_LP_OSC                           00003FF8
_LVP_OFF                          00002FFF
_LVP_ON                           00003FFF
_MCLRE_OFF                        00003FDF
_MCLRE_ON                         00003FFF
_PWRTE_OFF                        00003FFF
_PWRTE_ON                         00003FEF
_WDTE_OFF                         00003FF7
_WDTE_ON                          00003FFF
_WDT_OFF                          00003FF7
_WDT_ON                           00003FFF
_WRT_1FOURTH                      00003BFF
_WRT_256                          00003DFF
_WRT_HALF                         000039FF
_WRT_OFF                          00003FFF
_XT_OSC                           00003FF9
__16F887                          00000001
cargar_contexto                   00000143
cargar_contexto_case              00000148
case_letras                       0000005A
configuracion_inicial             00000017
enviar_conversion_usart           0000008F
enviar_w                          000000AA
guardar_contexto                  0000013B
guardar_contexto_case             0000013F
guardar_memoria                   0000010A
guardar_memoria_VALOR_CONVERSION  000000D8
inicializar_eeprom                000000C5
interrupt                         00000008
interrupt_eeprom                  00000125
interrupt_tmr1                    0000011D
interrupt_usart                   00000055
leer_memoria                      000000FF
main                              00000005
mainloop                          00000006
mapear                            000000B2
mapear_enviar                     000000A7
obtener_siguiente_puntero         000000E7
re_iniciar_contador1              00000118
re_iniciar_timer1                 00000129
realizar_conversion               00000131
rutina_letra_A                    00000061
rutina_letra_H                    00000068
sumar_30                          000000BB
sumar_37                          000000C0

Errors   :     0
Warnings :    10 reported,     0 suppressed
Messages :    32 reported,     0 suppressed

