MPASM 5.84  OBLIGATORIO - PARTE 5 - INVESTIG   11-22-2019  18:57:20         PAGE  1


LOC  OBJECT CODE     LINE SOURCE TEXT
  VALUE

                      00001 ; PIC16F887 Configuration Bit Settings
                      00002 ; Assembly source line config statements
                      00003 #include "p16f887.inc"
                      00001         LIST
                      00002 
                      00003 ;==========================================================================
                      00004 ; Build date : Mar 17 2019
                      00005 ;  MPASM PIC16F887 processor include
                      00006 ; 
                      00007 ;  (c) Copyright 1999-2019 Microchip Technology, All rights reserved
                      00008 ;==========================================================================
                      00009 
                      00810         LIST
                      00004     
                      00005 ; Bits de configuracion
                      00006 
                      00007 ; CONFIG1
                      00008 ; __config 0xE0C2
2007   20C2           00009  __CONFIG _CONFIG1, _FOSC_HS & _WDTE_OFF & _PWRTE_ON & _MCLRE_OFF & _CP_OFF & _CPD_OFF & _BOREN_OFF & _I
                            ESO_OFF & _FCMEN_OFF & _LVP_OFF
                      00010 ; CONFIG2
                      00011 ; __config 0xFEFF
2008   3EFF           00012  __CONFIG _CONFIG2, _BOR4V_BOR21V & _WRT_OFF
                      00013 
                      00014 ; Organizacion de la memoria EEPROM.
                      00015 ; 0x30 -> Flag que indica si está¡ usado el buffer o no.
                      00016 ; 0x31 -> Puntero actual del buffer.
                      00017 ; 0x40 - 0x49 -> Buffer.
                      00018     
                      00019 ; Organizacion de la memoria de datos 
Warning[205]: Found directive in column 1. (cblock)
                      00020 cblock 0x20     ; Comienzo a escribir la memoria de datos en la direccion 0x20
                      00021 ; Definicion de variables
                      00022     
  00000020            00023     W_TEMP ; 0X20
  00000021            00024     STATUS_TEMP ; 0X21
  00000022            00025     CONTADOR_1 ; 0x22
  00000023            00026     CONTADOR_2 ; 0x23
  00000024            00027     CONTADOR_3 ;0x24
  00000025            00028     VALOR_CONVERSION_TEMP ; 0x25
  00000026            00029     VALOR_CONVERSION ; 0x26
  00000027            00030     VALOR_CONVERSIONH ; 0x27
  00000028            00031     VALOR_CONVERSIONL ; 0x28
  00000029            00032     VALOR_CONVERSION_MEMORIA ; 0x29
  0000002A            00033     CONTADOR_TIMER1 ; 0x2A
  0000002B            00034     SIGUIENTE_PUNTERO ; 0X2B
  0000002C            00035     PUNTERO_ACTUAL ; 0x2C
  0000002D            00036     TEMP_W ; 0x2D
  0000002E            00037     STATUS_TEMP_CASE ; 0x2E
  0000002F            00038     W_TEMP_CASE ; 0x2F
  00000030            00039     ITERADOR ; 0x30
  00000031            00040     DELAY_CONTADOR ; 0x31
  00000032            00041     DELAY_1MS_CONTADOR_1 ; 0x32
MPASM 5.84  OBLIGATORIO - PARTE 5 - INVESTIG   11-22-2019  18:57:20         PAGE  2


LOC  OBJECT CODE     LINE SOURCE TEXT
  VALUE

  00000033            00042     DELAY_1MS_CONTADOR_2 ; 0x33
  00000034            00043     MULTIPLICANDO_REGLA ; 0x34
  00000035            00044     DIVISOR_REGLA ; 0x35
  00000036            00045     REGLAE ; 0x36
  00000037            00046     REGLAF ; 0x37
  00000038            00047     VALOR_CONVERSION_REGLA ; 0x38
  00000039            00048     MULTIPLICANDO ; 0x39
  0000003A            00049     PRODH ; 0x3A
  0000003B            00050     PRODL ; 0x3B
  0000003C            00051     COCIENTE ; 0x3C
  0000003D            00052     RESTO ; 0x3D
  0000003E            00053     MULT ; 0x3E
  0000003F            00054     DIVIDENDO ; 0x3F
  00000040            00055     ASCII1 ; 0x40
  00000041            00056     ASCII2 ; 0x41
  00000042            00057     ASCII3 ; 0x42
  00000043            00058     ASCII_TEMP ; 0x43
  00000044            00059     ASCII_CONVERSION ; 0x44
                      00060     
  00000045            00061     ROJO
  00000046            00062     AZUL
  00000047            00063     VERDE
  00000048            00064     AMARILLO
  00000049            00065     VALOR_RGB
  0000004A            00066     CONTADOR_RGB
  0000004B            00067     RGB_W_TEMP
                      00068     
Warning[205]: Found directive in column 1. (ENDC)
                      00069 endc
                      00070    
                      00071 ;Organizacion de la memoria de programacion
Warning[205]: Found directive in column 1. (org)
                      00072 org 0x0000
Warning[203]: Found opcode in column 1. (goto)
0000   2???           00073 goto main
                      00074 
Warning[205]: Found directive in column 1. (org)
                      00075 org 0x0004
Warning[203]: Found opcode in column 1. (goto)
0004   2???           00076 goto interrupt
                      00077 
                      00078 ;;;;;;;;;;;;;;;;;;;;;;;;;;;;; PROGRAMA PRINCIPAL ;;;;;;;;;;;;;;;;;;;;;;;;;;;;;;
                      00079         
0005                  00080 main
0005   2???           00081     call configuracion_inicial
                      00082     
0006                  00083 mainloop
0006   2???           00084     call realizar_conversion
                      00085 ;    call encender_rgb_1
                      00086 ;    call encender_rgb_2
0007   2???           00087     call encender_rgb_3
0008   2???           00088     goto mainloop
                      00089         
MPASM 5.84  OBLIGATORIO - PARTE 5 - INVESTIG   11-22-2019  18:57:20         PAGE  3


LOC  OBJECT CODE     LINE SOURCE TEXT
  VALUE

                      00090 ;;;;;;;;;;;;;;;;;;;;;;;;;;;;; RUTINA DE INTERRUPCION ;;;;;;;;;;;;;;;;;;;;;;;;;;
                      00091 
0009                  00092 interrupt
0009   2???           00093     call guardar_contexto
                      00094     
000A   2???           00095     call cargar_contexto
000B   0009           00096     retfie ; interrupt
                      00097         
                      00098 ;;;;;;;;;;;;;;;;;;;;;;;;;;;;; CONFIGURACION INICIAL ;;;;;;;;;;;;;;;;;;;;;;;;;;;
                      00099 
000C                  00100 configuracion_inicial
                      00101     ; Configuro las luces RGB.
000C   1683 1303      00102     banksel TRISC
Message[302]: Register in operand not in bank 0.  Ensure that bank bits are correct.
000E   0187           00103     clrf TRISC
000F   1283 1303      00104     banksel PORTC
0011   0187           00105     clrf PORTC    
                      00106     
                      00107     ; Configuro las entradas de voltaje analogicas (PUERTOA).
0012   1683 1303      00108     banksel TRISA
Message[302]: Register in operand not in bank 0.  Ensure that bank bits are correct.
0014   1405           00109     bsf TRISA, 0 ; Seteo RA0 como entrada (perilla analogica)
Message[302]: Register in operand not in bank 0.  Ensure that bank bits are correct.
0015   1485           00110     bsf TRISA, 1 ; Seteo RA1 como entrada (perilla analógica)
0016   1683 1703      00111     banksel ANSEL
Message[302]: Register in operand not in bank 0.  Ensure that bank bits are correct.
0018   1408           00112     bsf ANSEL, 0 ; Seto el puerto RA0 como analogico.
Message[302]: Register in operand not in bank 0.  Ensure that bank bits are correct.
0019   1488           00113     bsf ANSEL, 1 ; Seto el puerto RA1 como analogico.
                      00114 
                      00115     ; Configuracion de la conversión analógica.
001A   1283 1303      00116     banksel ADRESH
001C   019E           00117     clrf ADRESH
001D   1683 1303      00118     banksel ADRESL
Message[302]: Register in operand not in bank 0.  Ensure that bank bits are correct.
001F   019E           00119     clrf ADRESL
0020   1683 1303      00120     banksel ADCON1
Message[302]: Register in operand not in bank 0.  Ensure that bank bits are correct.
0022   019F           00121     clrf ADCON1 ; ADFM = Left justified | VCFG1 = Vss | VCFG0 = Vdd     
                      00122     ; Configuración del reloj y encendido del conversor analogico.
0023   1283 1303      00123     banksel ADCON0 
0025   3081           00124     movlw b'10000001'
0026   009F           00125     movwf ADCON0 ; ADCS = Fosc/32 (TAD: 1.6(x10^-6)s) | ADON = ADC is enabled.
                      00126 
                      00127     ; Configuro las interrupciones.
0027   178B           00128     bsf INTCON, GIE ; Global interrupt enable bit.
0028   170B           00129     bsf INTCON, PEIE ; Pheripheral interrupt enable bit.
                      00130 
0029   0008           00131     return ; configurar_puertos
                      00132 
                      00133 ;;;;;;;;;;;;;;;;;;;;;;;;;;;;; RUTINAS PROGRAMA PRINCIPAL ;;;;;;;;;;;;;;;;;;;;;;
                      00134 
002A                  00135 encender_rgb_1
MPASM 5.84  OBLIGATORIO - PARTE 5 - INVESTIG   11-22-2019  18:57:20         PAGE  4


LOC  OBJECT CODE     LINE SOURCE TEXT
  VALUE

002A   1283 1303      00136     banksel VALOR_CONVERSION
002C   0826           00137     movf VALOR_CONVERSION, w
002D   00C9           00138     movwf VALOR_RGB
002E   3055           00139     movlw d'85'
002F   02C9           00140     subwf VALOR_RGB, f
                      00141     ; INICIO IF
0030   1803           00142         btfsc STATUS, C
                      00143         ; THEN (85 < VALOR_RGB)
0031   2???           00144         goto $+2
                      00145         ; ELSE (85 > VALOR_RGB)
0032   2???           00146         goto encender_unicamente_verde
0033   3055           00147         movlw d'85'
0034   02C9           00148         subwf VALOR_RGB, f
                      00149         ; INICIO IF
0035   1803           00150             btfsc STATUS, C
                      00151             ; THEN (170 > VALOR_RGB)
0036   2???           00152             goto encender_unicamente_rojo
                      00153             ; ELSE (170 < VALOR_RGB)
0037   2???           00154             goto encender_unicamente_azul           
                      00155         ; FIN IF
                      00156     ; FIN IF
                      00157 
0038   0008           00158     return ; encender_rgb
                      00159     
0039                  00160 encender_rgb_2
0039   1283 1303      00161     banksel VALOR_CONVERSION
003B   0826           00162     movf VALOR_CONVERSION, w
003C   00C9           00163     movwf VALOR_RGB
003D   3055           00164     movlw d'85'
003E   02C9           00165     subwf VALOR_RGB, f
                      00166     ; INICIO IF
003F   1803           00167         btfsc STATUS, C
                      00168         ; THEN (85 < VALOR_RGB)
0040   2???           00169         goto $+2
                      00170         ; ELSE (85 > VALOR_RGB)
0041   2???           00171         goto encender_unicamente_verde
0042   3055           00172         movlw d'85'
0043   02C9           00173         subwf VALOR_RGB, f
                      00174         ; INICIO IF
0044   1803           00175             btfsc STATUS, C
                      00176             ; THEN (170 > VALOR_RGB)
0045   2???           00177             goto encender_unicamente_rojo
                      00178             ; ELSE (170 < VALOR_RGB)
0046   2???           00179             goto encender_unicamente_amarillo       
                      00180         ; FIN IF
                      00181     ; FIN IF
                      00182 
0047   0008           00183     return ; encender_rgb
                      00184     
0048                  00185 encender_rgb_3
                      00186     ; Calculo los valores de ROJO, VERDE y AZUL.
0048   2???           00187     call obtener_rgb    
0049   2???           00188     call parpadear_luces_rgb
MPASM 5.84  OBLIGATORIO - PARTE 5 - INVESTIG   11-22-2019  18:57:20         PAGE  5


LOC  OBJECT CODE     LINE SOURCE TEXT
  VALUE

004A   0008           00189     return ; encender_rgb_3
                      00190 
004B                  00191 obtener_rgb
                      00192 ;    w*MULTIPLICANDO_REGLA/DIVISOR_REGLA;
004B   1283 1303      00193     banksel MULTIPLICANDO_REGLA
004D   3064           00194     movlw d'100'
004E   00B4           00195     movwf MULTIPLICANDO_REGLA
004F   3080           00196     movlw d'128'
0050   00B5           00197     movwf DIVISOR_REGLA
                      00198     
0051   1283 1303      00199     banksel VALOR_RGB
0053   0826           00200     movf VALOR_CONVERSION, w
0054   00C9           00201     movwf VALOR_RGB
                      00202     
                      00203     ; Obtengo el valor del verde:
0055   3C80           00204     sublw d'128'
0056   1C03           00205     btfss STATUS, C
0057   2???           00206     goto $+10
0058   0849           00207     movf VALOR_RGB, w
0059   2???           00208     call regla_de_tres
005A   00C7           00209     movwf VERDE 
005B   3064           00210     movlw d'100'
005C   00CB           00211     movwf RGB_W_TEMP
005D   0847           00212     movf VERDE, w
005E   024B           00213     subwf RGB_W_TEMP, w
005F   00C7           00214     movwf VERDE
0060   2???           00215     goto $+2
0061   01C7           00216     clrf VERDE
                      00217     
                      00218     ; Obtengo el valor del azul.
0062   1283 1303      00219     banksel AZUL
0064   0849           00220     movf VALOR_RGB, w
0065   2???           00221     call regla_de_tres
0066   00C6           00222     movwf AZUL
0067   3C64           00223     sublw d'100'
0068   1803           00224     btfsc STATUS, C
0069   2???           00225     goto $+6   
006A   30C8           00226     movlw d'200'
006B   00CB           00227     movwf RGB_W_TEMP
006C   0846           00228     movf AZUL, w
006D   024B           00229     subwf RGB_W_TEMP, w
006E   00C6           00230     movwf AZUL
                      00231     
                      00232     ; Obtengo el valor del rojo.
006F   0849           00233     movf VALOR_RGB, w
0070   3C80           00234     sublw d'128'
0071   1803           00235     btfsc STATUS, C
0072   2???           00236     goto $+13
0073   30FF           00237     movlw d'255'
0074   00CB           00238     movwf RGB_W_TEMP
0075   0849           00239     movf VALOR_RGB, w
0076   024B           00240     subwf RGB_W_TEMP, w
0077   2???           00241     call regla_de_tres
MPASM 5.84  OBLIGATORIO - PARTE 5 - INVESTIG   11-22-2019  18:57:20         PAGE  6


LOC  OBJECT CODE     LINE SOURCE TEXT
  VALUE

0078   00C5           00242     movwf ROJO
0079   3064           00243     movlw d'100'
007A   00CB           00244     movwf RGB_W_TEMP
007B   0845           00245     movf ROJO, w
007C   024B           00246     subwf RGB_W_TEMP, w
007D   00C5           00247     movwf ROJO
007E   2???           00248     goto $+2
007F   01C5           00249     clrf ROJO
                      00250 
0080   0008           00251     return ; obtener_rgb
                      00252     
0081                  00253 parpadear_luces_rgb
0081   1283 1303      00254     banksel ROJO
0083   0845           00255     movf ROJO, w
0084   1903           00256     btfsc STATUS, Z
0085   2???           00257     goto $+3
0086   2???           00258     call encender_unicamente_rojo
0087   2???           00259     call esperar
                      00260     
0088   1283 1303      00261     banksel VERDE
008A   0847           00262     movf VERDE, w
008B   1903           00263     btfsc STATUS, Z
008C   2???           00264     goto $+3
008D   2???           00265     call encender_unicamente_verde
008E   2???           00266     call esperar
                      00267     
008F   1283 1303      00268     banksel AZUL
0091   0846           00269     movf AZUL, w
0092   1903           00270     btfsc STATUS, Z
0093   2???           00271     goto $+3
0094   2???           00272     call encender_unicamente_azul
0095   2???           00273     call esperar
                      00274     
0096   0008           00275     return ; parpadear_luces_rgb
                      00276     
0097                  00277 esperar
0097   1283 1303      00278     banksel CONTADOR_RGB
0099   00CA           00279     movwf CONTADOR_RGB
009A   0BCA           00280     decfsz CONTADOR_RGB, f
009B   2???           00281     goto $-1
009C   0008           00282     return ; esperar
                      00283     
009D                  00284 encender_unicamente_verde
009D   1587           00285     bsf PORTC, 3 ; Verde
009E   1107           00286     bcf PORTC, 2 ; Rojo
009F   1087           00287     bcf PORTC, 1 ; Azul
00A0   0008           00288     return ; encender_unicamente_verde
                      00289     
00A1                  00290 encender_unicamente_rojo
00A1   1187           00291     bcf PORTC, 3 ; Verde
00A2   1507           00292     bsf PORTC, 2 ; Rojo
00A3   1087           00293     bcf PORTC, 1 ; Azul
00A4   0008           00294     return ; encender_unicamente_rojo
MPASM 5.84  OBLIGATORIO - PARTE 5 - INVESTIG   11-22-2019  18:57:20         PAGE  7


LOC  OBJECT CODE     LINE SOURCE TEXT
  VALUE

                      00295     
00A5                  00296 encender_unicamente_azul
00A5   1187           00297     bcf PORTC, 3 ; Verde
00A6   1107           00298     bcf PORTC, 2 ; Rojo
00A7   1487           00299     bsf PORTC, 1 ; Azul
00A8   0008           00300     return ; encender_unicamente_azul
                      00301     
00A9                  00302 encender_unicamente_amarillo
00A9   1283 1303      00303     banksel ROJO
00AB   3096           00304     movlw d'150'
00AC   00C5           00305     movwf ROJO
00AD   3001           00306     movlw d'1'
00AE   00C7           00307     movwf VERDE
00AF   3000           00308     movlw d'0'
00B0   00C6           00309     movwf AZUL
                      00310     
00B1   2???           00311     call parpadear_luces_rgb
00B2   0008           00312     return ; encender_unicamente_amarillo
                      00313     
                      00314 ; Realiza una regla de tres.
                      00315 ; w = w*MULTIPLICANDO_REGLA/DIVISOR_REGLA
00B3                  00316 regla_de_tres
00B3   1283 1303      00317     banksel VALOR_CONVERSION_REGLA
00B5   00B8           00318     movwf VALOR_CONVERSION_REGLA
00B6   0834           00319     movf MULTIPLICANDO_REGLA, w
00B7   00B9           00320     movwf MULTIPLICANDO
00B8   0838           00321     movf VALOR_CONVERSION_REGLA, w
00B9   2???           00322     call multiplicar
                      00323     
                      00324     ; Si la multiplicación dio 0, devuelvo 0.
00BA   1283 1303      00325     banksel PRODH
00BC   08BA           00326     movf PRODH, f
                      00327     ; INICIO IF
00BD   1D03           00328         btfss STATUS, Z
                      00329         ; THEN (PRODH <> 0)
00BE   2???           00330         goto $+7
                      00331         ; ELSE (PRODH = 0)
00BF   1283 1303      00332         banksel PRODL
00C1   08BB           00333         movf PRODL, f
                      00334         ; INICIO IF
00C2   1D03           00335             btfss STATUS, Z
                      00336             ; THEN (PRODL <> 0)
00C3   2???           00337             goto $+2
                      00338             ; ELSE (PRODL = 0)
00C4   3400           00339             retlw 0 ; Si es 0 el producto, devuelvo 0 porque no puedo dividir.
                      00340         ; FIN IF
                      00341     ; FIN IF
                      00342     
                      00343     ; LOS PARAMETROS DE dividir YA ESTAN CARGADOS, CARGO SOLO w.
00C5   1283 1303      00344     banksel DIVISOR_REGLA
00C7   0835           00345     movf DIVISOR_REGLA, w
00C8   2???           00346     call dividir
                      00347     
MPASM 5.84  OBLIGATORIO - PARTE 5 - INVESTIG   11-22-2019  18:57:20         PAGE  8


LOC  OBJECT CODE     LINE SOURCE TEXT
  VALUE

00C9   1283 1303      00348     banksel COCIENTE
00CB   083C           00349     movf COCIENTE, w
00CC   00B6           00350     movwf REGLAE
00CD   083D           00351     movf RESTO, w
00CE   00B7           00352     movwf REGLAF    
                      00353     
00CF   0008           00354     return ; regla_de_tres
                      00355 
                      00356 ; Multiplica dos numeros.
                      00357 ; MULTIPLICANDO * w = PRODH:PRODL
00D0                  00358 multiplicar
00D0   1283 1303      00359     banksel MULT
00D2   00BE           00360     movwf MULT
                      00361     
                      00362     ; Limpio los resultados.
00D3   1283 1303      00363     banksel PRODL
00D5   01BB           00364     clrf PRODL
00D6   01BA           00365     clrf PRODH
                      00366     
00D7   1283 1303      00367     banksel MULTIPLICANDO
00D9   08B9           00368     movf MULTIPLICANDO, f
                      00369     ; INICIO IF
00DA   1903           00370         btfsc STATUS, Z
                      00371         ; THEN (MULTIPLICANDO = 0)
00DB   0008           00372         return
                      00373         ; ELSE (MULTIPLICANDO <> 0)
Warning[207]: Found label after column 1. (multiplicar_loop)
00DC                  00374         multiplicar_loop
00DC   1283 1303      00375             banksel MULT
00DE   083E           00376             movf MULT, w
00DF   1283 1303      00377             banksel PRODL
00E1   07BB           00378             addwf PRODL, f
00E2   1803           00379             btfsc STATUS, C
00E3   0ABA           00380             incf PRODH, f
00E4   0BB9           00381             decfsz MULTIPLICANDO, f
00E5   2???           00382             goto multiplicar_loop           
                      00383     ; FIN IF
00E6   0008           00384     return ; multiplicar
                      00385 
                      00386 ; Divide dos numeros.
                      00387 ; PRODH:PRODL/w = w*COCIENTE + RESTO
00E7                  00388 dividir
00E7   1283 1303      00389     banksel COCIENTE
00E9   01BC           00390     clrf COCIENTE
00EA   01BD           00391     clrf RESTO
00EB   00BF           00392     movwf DIVIDENDO
                      00393     
Warning[207]: Found label after column 1. (loop_dividir)
00EC                  00394     loop_dividir
00EC   1283 1303      00395         banksel PRODH
00EE   08BA           00396         movf PRODH, f
                      00397         ; INICIO IF
00EF   1D03           00398             btfss STATUS, Z
MPASM 5.84  OBLIGATORIO - PARTE 5 - INVESTIG   11-22-2019  18:57:20         PAGE  9


LOC  OBJECT CODE     LINE SOURCE TEXT
  VALUE

                      00399             ; THEN (PRODH <> 0)
00F0   2???           00400             goto restar_dividir
                      00401             ; ELSE (PRODH = 0)
00F1   083F           00402             movf DIVIDENDO, w
00F2   023B           00403             subwf PRODL, w
                      00404             ; INICIO IF
00F3   1803           00405                 btfsc STATUS, C
                      00406                 ; THEN (PRODL >= DIVIDENDO)
00F4   2???           00407                 goto restar_dividir
                      00408                 ; ELSE (PRODL < DIVIDENDO)
00F5   083B           00409                 movf PRODL, w
00F6   00BD           00410                 movwf RESTO
00F7   0008           00411                 return ; dividir
                      00412             ; FIN IF
                      00413         ; FIN IF
                      00414         
Warning[207]: Found label after column 1. (restar_dividir)
00F8                  00415         restar_dividir
00F8   1283 1303      00416             banksel COCIENTE
00FA   0ABC           00417             incf COCIENTE, f
                      00418             
00FB   083F           00419             movf DIVIDENDO, w
00FC   02BB           00420             subwf PRODL, f
                      00421             ; INICIO IF
00FD   1803           00422                 btfsc STATUS, C
                      00423                 ; THEN (PRODL < DIVIDENDO)
00FE   2???           00424                 goto $+2
                      00425                 ; ELSE (PRODL >= DIVIDENDO)
00FF   03BA           00426                 decf PRODH, f
0100   2???           00427             goto loop_dividir
                      00428     
                      00429 ; Realiza la conversion y almacena los valores en variables.
0101                  00430 realizar_conversion
0101   149F           00431     bsf ADCON0, GO ; Start conversion
0102   189F           00432     btfsc ADCON0, GO ; Is conversion done?
0103   2???           00433     goto $-1 ; No, test again
                      00434         
                      00435     ; Obtener el valor de la conversión.
0104   1283 1303      00436     banksel ADRESH
0106   081E           00437     movf ADRESH, w
0107   1283 1303      00438     banksel VALOR_CONVERSION
0109   00A6           00439     movwf VALOR_CONVERSION
                      00440         
010A   0008           00441     return ; realizar_conversion
                      00442 
                      00443 ; Rutinas de contexto.
010B                  00444 guardar_contexto
010B   1283 1303      00445     banksel W_TEMP
010D   00A0           00446     movwf W_TEMP  ; Guardo w.
010E   0E03           00447     swapf STATUS, w ; Swap status en w.
010F   00A1           00448     movwf STATUS_TEMP ; Guardo STATUS.
0110   0008           00449     return ; guardar_contexto
                      00450         
MPASM 5.84  OBLIGATORIO - PARTE 5 - INVESTIG   11-22-2019  18:57:20         PAGE 10


LOC  OBJECT CODE     LINE SOURCE TEXT
  VALUE

0111                  00451 cargar_contexto
0111   1283 1303      00452     banksel STATUS_TEMP
0113   0E21           00453     swapf STATUS_TEMP, w
0114   0083           00454     movwf STATUS
0115   0EA0           00455     swapf W_TEMP, f
0116   0E20           00456     swapf W_TEMP, w
0117   0008           00457     return ; cargar_contexto
                      00458         
Warning[205]: Found directive in column 1. (end)
20C2 3EFF             00459 end
MPASM 5.84  OBLIGATORIO - PARTE 5 - INVESTIG   11-22-2019  18:57:20         PAGE 11


SYMBOL TABLE
  LABEL                             VALUE 

ABDEN                             00000000
ABDOVF                            00000007
ACKDT                             00000005
ACKEN                             00000004
ACKSTAT                           00000006
ADCON0                            0000001F
ADCON1                            0000009F
ADCS0                             00000006
ADCS1                             00000007
ADDEN                             00000003
ADFM                              00000007
ADIE                              00000006
ADIF                              00000006
ADON                              00000000
ADRESH                            0000001E
ADRESL                            0000009E
AMARILLO                          00000048
ANS0                              00000000
ANS1                              00000001
ANS10                             00000002
ANS11                             00000003
ANS12                             00000004
ANS13                             00000005
ANS2                              00000002
ANS3                              00000003
ANS4                              00000004
ANS5                              00000005
ANS6                              00000006
ANS7                              00000007
ANS8                              00000000
ANS9                              00000001
ANSEL                             00000188
ANSELH                            00000189
ASCII1                            00000040
ASCII2                            00000041
ASCII3                            00000042
ASCII_CONVERSION                  00000044
ASCII_TEMP                        00000043
AZUL                              00000046
BAUDCTL                           00000187
BCLIE                             00000003
BCLIF                             00000003
BF                                00000000
BRG0                              00000000
BRG1                              00000001
BRG10                             00000002
BRG11                             00000003
BRG12                             00000004
BRG13                             00000005
BRG14                             00000006
BRG15                             00000007
BRG16                             00000003
BRG2                              00000002
MPASM 5.84  OBLIGATORIO - PARTE 5 - INVESTIG   11-22-2019  18:57:20         PAGE 12


SYMBOL TABLE
  LABEL                             VALUE 

BRG3                              00000003
BRG4                              00000004
BRG5                              00000005
BRG6                              00000006
BRG7                              00000007
BRG8                              00000000
BRG9                              00000001
BRGH                              00000002
C                                 00000000
C1CH0                             00000000
C1CH1                             00000001
C1IE                              00000005
C1IF                              00000005
C1OE                              00000005
C1ON                              00000007
C1OUT                             00000006
C1POL                             00000004
C1R                               00000002
C1RSEL                            00000005
C1SEN                             00000005
C2CH0                             00000000
C2CH1                             00000001
C2IE                              00000006
C2IF                              00000006
C2OE                              00000005
C2ON                              00000007
C2OUT                             00000006
C2POL                             00000004
C2R                               00000002
C2REN                             00000004
C2RSEL                            00000004
C2SYNC                            00000000
CCP1CON                           00000017
CCP1IE                            00000002
CCP1IF                            00000002
CCP1M0                            00000000
CCP1M1                            00000001
CCP1M2                            00000002
CCP1M3                            00000003
CCP1X                             00000005
CCP1Y                             00000004
CCP2CON                           0000001D
CCP2IE                            00000000
CCP2IF                            00000000
CCP2M0                            00000000
CCP2M1                            00000001
CCP2M2                            00000002
CCP2M3                            00000003
CCP2X                             00000005
CCP2Y                             00000004
CCPR1                             00000015
CCPR1H                            00000016
CCPR1L                            00000015
MPASM 5.84  OBLIGATORIO - PARTE 5 - INVESTIG   11-22-2019  18:57:20         PAGE 13


SYMBOL TABLE
  LABEL                             VALUE 

CCPR2                             0000001B
CCPR2H                            0000001C
CCPR2L                            0000001B
CHS0                              00000002
CHS1                              00000003
CHS2                              00000004
CHS3                              00000005
CKE                               00000006
CKP                               00000004
CM1CON0                           00000107
CM2CON0                           00000108
CM2CON1                           00000109
COCIENTE                          0000003C
CONTADOR_1                        00000022
CONTADOR_2                        00000023
CONTADOR_3                        00000024
CONTADOR_RGB                      0000004A
CONTADOR_TIMER1                   0000002A
CREN                              00000004
CSRC                              00000007
D                                 00000005
DATA_ADDRESS                      00000005
DC                                00000001
DC1B0                             00000004
DC1B1                             00000005
DC2B0                             00000004
DC2B1                             00000005
DELAY_1MS_CONTADOR_1              00000032
DELAY_1MS_CONTADOR_2              00000033
DELAY_CONTADOR                    00000031
DIVIDENDO                         0000003F
DIVISOR_REGLA                     00000035
D_A                               00000005
D_NOT_A                           00000005
ECCPAS                            0000009C
ECCPAS0                           00000004
ECCPAS1                           00000005
ECCPAS2                           00000006
ECCPASE                           00000007
EEADR                             0000010D
EEADRH                            0000010F
EECON1                            0000018C
EECON2                            0000018D
EEDAT                             0000010C
EEDATA                            0000010C
EEDATH                            0000010E
EEIE                              00000004
EEIF                              00000004
EEPGD                             00000007
F                                 00000001
FERR                              00000002
FSR                               00000004
FVREN                             00000000
MPASM 5.84  OBLIGATORIO - PARTE 5 - INVESTIG   11-22-2019  18:57:20         PAGE 14


SYMBOL TABLE
  LABEL                             VALUE 

GCEN                              00000007
GIE                               00000007
GO                                00000001
GO_DONE                           00000001
GO_NOT_DONE                       00000001
HTS                               00000002
I2C_DATA                          00000005
I2C_READ                          00000002
I2C_START                         00000003
I2C_STOP                          00000004
INDF                              00000000
INTCON                            0000000B
INTE                              00000004
INTEDG                            00000006
INTF                              00000001
IOCB                              00000096
IOCB0                             00000000
IOCB1                             00000001
IOCB2                             00000002
IOCB3                             00000003
IOCB4                             00000004
IOCB5                             00000005
IOCB6                             00000006
IOCB7                             00000007
IRCF0                             00000004
IRCF1                             00000005
IRCF2                             00000006
IRP                               00000007
ITERADOR                          00000030
LTS                               00000001
MC1OUT                            00000007
MC2OUT                            00000006
MSK                               00000093
MSK0                              00000000
MSK1                              00000001
MSK2                              00000002
MSK3                              00000003
MSK4                              00000004
MSK5                              00000005
MSK6                              00000006
MSK7                              00000007
MULT                              0000003E
MULTIPLICANDO                     00000039
MULTIPLICANDO_REGLA               00000034
NOT_A                             00000005
NOT_ADDRESS                       00000005
NOT_BO                            00000000
NOT_BOR                           00000000
NOT_DONE                          00000001
NOT_PD                            00000003
NOT_POR                           00000001
NOT_RBPU                          00000007
NOT_RC8                           00000006
MPASM 5.84  OBLIGATORIO - PARTE 5 - INVESTIG   11-22-2019  18:57:20         PAGE 15


SYMBOL TABLE
  LABEL                             VALUE 

NOT_T1SYNC                        00000002
NOT_TO                            00000004
NOT_TX8                           00000006
NOT_W                             00000002
NOT_WRITE                         00000002
OERR                              00000001
OPTION_REG                        00000081
OSCCON                            0000008F
OSCTUNE                           00000090
OSFIE                             00000007
OSFIF                             00000007
OSTS                              00000003
P                                 00000004
P1M0                              00000006
P1M1                              00000007
PCL                               00000002
PCLATH                            0000000A
PCON                              0000008E
PDC0                              00000000
PDC1                              00000001
PDC2                              00000002
PDC3                              00000003
PDC4                              00000004
PDC5                              00000005
PDC6                              00000006
PEIE                              00000006
PEN                               00000002
PIE1                              0000008C
PIE2                              0000008D
PIR1                              0000000C
PIR2                              0000000D
PORTA                             00000005
PORTB                             00000006
PORTC                             00000007
PORTD                             00000008
PORTE                             00000009
PR2                               00000092
PRODH                             0000003A
PRODL                             0000003B
PRSEN                             00000007
PS0                               00000000
PS1                               00000001
PS2                               00000002
PSA                               00000003
PSSAC0                            00000002
PSSAC1                            00000003
PSSBD0                            00000000
PSSBD1                            00000001
PSTRCON                           0000009D
PULSR                             00000002
PULSS                             00000003
PUNTERO_ACTUAL                    0000002C
PWM1CON                           0000009B
MPASM 5.84  OBLIGATORIO - PARTE 5 - INVESTIG   11-22-2019  18:57:20         PAGE 16


SYMBOL TABLE
  LABEL                             VALUE 

R                                 00000002
RA0                               00000000
RA1                               00000001
RA2                               00000002
RA3                               00000003
RA4                               00000004
RA5                               00000005
RA6                               00000006
RA7                               00000007
RB0                               00000000
RB1                               00000001
RB2                               00000002
RB3                               00000003
RB4                               00000004
RB5                               00000005
RB6                               00000006
RB7                               00000007
RBIE                              00000003
RBIF                              00000000
RC0                               00000000
RC1                               00000001
RC2                               00000002
RC3                               00000003
RC4                               00000004
RC5                               00000005
RC6                               00000006
RC7                               00000007
RC8_9                             00000006
RC9                               00000006
RCD8                              00000000
RCEN                              00000003
RCIDL                             00000006
RCIE                              00000005
RCIF                              00000005
RCREG                             0000001A
RCSTA                             00000018
RD                                00000000
RD0                               00000000
RD1                               00000001
RD2                               00000002
RD3                               00000003
RD4                               00000004
RD5                               00000005
RD6                               00000006
RD7                               00000007
RE0                               00000000
RE1                               00000001
RE2                               00000002
RE3                               00000003
READ_WRITE                        00000002
REGLAE                            00000036
REGLAF                            00000037
RESTO                             0000003D
MPASM 5.84  OBLIGATORIO - PARTE 5 - INVESTIG   11-22-2019  18:57:20         PAGE 17


SYMBOL TABLE
  LABEL                             VALUE 

RGB_W_TEMP                        0000004B
ROJO                              00000045
RP0                               00000005
RP1                               00000006
RSEN                              00000001
RX9                               00000006
RX9D                              00000000
R_NOT_W                           00000002
R_W                               00000002
S                                 00000003
SBOREN                            00000004
SCKP                              00000004
SCS                               00000000
SEN                               00000000
SENDB                             00000003
SIGUIENTE_PUNTERO                 0000002B
SMP                               00000007
SPBRG                             00000099
SPBRGH                            0000009A
SPEN                              00000007
SR0                               00000006
SR1                               00000007
SRCON                             00000185
SREN                              00000005
SSPADD                            00000093
SSPBUF                            00000013
SSPCON                            00000014
SSPCON2                           00000091
SSPEN                             00000005
SSPIE                             00000003
SSPIF                             00000003
SSPM0                             00000000
SSPM1                             00000001
SSPM2                             00000002
SSPM3                             00000003
SSPMSK                            00000093
SSPOV                             00000006
SSPSTAT                           00000094
STATUS                            00000003
STATUS_TEMP                       00000021
STATUS_TEMP_CASE                  0000002E
STRA                              00000000
STRB                              00000001
STRC                              00000002
STRD                              00000003
STRSYNC                           00000004
SWDTEN                            00000000
SYNC                              00000004
T0CS                              00000005
T0IE                              00000005
T0IF                              00000002
T0SE                              00000004
T1CKPS0                           00000004
MPASM 5.84  OBLIGATORIO - PARTE 5 - INVESTIG   11-22-2019  18:57:20         PAGE 18


SYMBOL TABLE
  LABEL                             VALUE 

T1CKPS1                           00000005
T1CON                             00000010
T1GINV                            00000007
T1GIV                             00000007
T1GSS                             00000001
T1INSYNC                          00000002
T1OSCEN                           00000003
T1SYNC                            00000002
T2CKPS0                           00000000
T2CKPS1                           00000001
T2CON                             00000012
TEMP_W                            0000002D
TMR0                              00000001
TMR0IE                            00000005
TMR0IF                            00000002
TMR1                              0000000E
TMR1CS                            00000001
TMR1GE                            00000006
TMR1H                             0000000F
TMR1IE                            00000000
TMR1IF                            00000000
TMR1L                             0000000E
TMR1ON                            00000000
TMR2                              00000011
TMR2IE                            00000001
TMR2IF                            00000001
TMR2ON                            00000002
TOUTPS0                           00000003
TOUTPS1                           00000004
TOUTPS2                           00000005
TOUTPS3                           00000006
TRISA                             00000085
TRISA0                            00000000
TRISA1                            00000001
TRISA2                            00000002
TRISA3                            00000003
TRISA4                            00000004
TRISA5                            00000005
TRISA6                            00000006
TRISA7                            00000007
TRISB                             00000086
TRISB0                            00000000
TRISB1                            00000001
TRISB2                            00000002
TRISB3                            00000003
TRISB4                            00000004
TRISB5                            00000005
TRISB6                            00000006
TRISB7                            00000007
TRISC                             00000087
TRISC0                            00000000
TRISC1                            00000001
TRISC2                            00000002
MPASM 5.84  OBLIGATORIO - PARTE 5 - INVESTIG   11-22-2019  18:57:20         PAGE 19


SYMBOL TABLE
  LABEL                             VALUE 

TRISC3                            00000003
TRISC4                            00000004
TRISC5                            00000005
TRISC6                            00000006
TRISC7                            00000007
TRISD                             00000088
TRISD0                            00000000
TRISD1                            00000001
TRISD2                            00000002
TRISD3                            00000003
TRISD4                            00000004
TRISD5                            00000005
TRISD6                            00000006
TRISD7                            00000007
TRISE                             00000089
TRISE0                            00000000
TRISE1                            00000001
TRISE2                            00000002
TRISE3                            00000003
TRMT                              00000001
TUN0                              00000000
TUN1                              00000001
TUN2                              00000002
TUN3                              00000003
TUN4                              00000004
TX8_9                             00000006
TX9                               00000006
TX9D                              00000000
TXD8                              00000000
TXEN                              00000005
TXIE                              00000004
TXIF                              00000004
TXREG                             00000019
TXSTA                             00000098
UA                                00000001
ULPWUE                            00000005
ULPWUIE                           00000002
ULPWUIF                           00000002
VALOR_CONVERSION                  00000026
VALOR_CONVERSIONH                 00000027
VALOR_CONVERSIONL                 00000028
VALOR_CONVERSION_MEMORIA          00000029
VALOR_CONVERSION_REGLA            00000038
VALOR_CONVERSION_TEMP             00000025
VALOR_RGB                         00000049
VCFG0                             00000004
VCFG1                             00000005
VERDE                             00000047
VR0                               00000000
VR1                               00000001
VR2                               00000002
VR3                               00000003
VRCON                             00000097
MPASM 5.84  OBLIGATORIO - PARTE 5 - INVESTIG   11-22-2019  18:57:20         PAGE 20


SYMBOL TABLE
  LABEL                             VALUE 

VREN                              00000007
VROE                              00000006
VRR                               00000005
VRSS                              00000004
W                                 00000000
WCOL                              00000007
WDTCON                            00000105
WDTPS0                            00000001
WDTPS1                            00000002
WDTPS2                            00000003
WDTPS3                            00000004
WPUB                              00000095
WPUB0                             00000000
WPUB1                             00000001
WPUB2                             00000002
WPUB3                             00000003
WPUB4                             00000004
WPUB5                             00000005
WPUB6                             00000006
WPUB7                             00000007
WR                                00000001
WREN                              00000002
WRERR                             00000003
WUE                               00000001
W_TEMP                            00000020
W_TEMP_CASE                       0000002F
Z                                 00000002
_.org_1_0031                      00000031
_.org_1_0040                      00000040
_.org_1_0057                      00000057
_.org_1_0060                      00000060
_.org_1_0069                      00000069
_.org_1_0072                      00000072
_.org_1_007E                      0000007E
_.org_1_0085                      00000085
_.org_1_008C                      0000008C
_.org_1_0093                      00000093
_.org_1_009B                      0000009B
_.org_1_00BE                      000000BE
_.org_1_00C3                      000000C3
_.org_1_00FE                      000000FE
_.org_1_0103                      00000103
_BOR21V                           00003EFF
_BOR40V                           00003FFF
_BOR4V_BOR21V                     00003EFF
_BOR4V_BOR40V                     00003FFF
_BOREN_NSLEEP                     00003EFF
_BOREN_OFF                        00003CFF
_BOREN_ON                         00003FFF
_BOREN_SBODEN                     00003DFF
_BOR_NSLEEP                       00003EFF
_BOR_OFF                          00003CFF
_BOR_ON                           00003FFF
MPASM 5.84  OBLIGATORIO - PARTE 5 - INVESTIG   11-22-2019  18:57:20         PAGE 21


SYMBOL TABLE
  LABEL                             VALUE 

_BOR_SBODEN                       00003DFF
_CONFIG1                          00002007
_CONFIG2                          00002008
_CPD_OFF                          00003FFF
_CPD_ON                           00003F7F
_CP_OFF                           00003FFF
_CP_ON                            00003FBF
_DEBUG_OFF                        00003FFF
_DEBUG_ON                         00001FFF
_DEVID1                           00002006
_EC_OSC                           00003FFB
_EXTRC                            00003FFF
_EXTRCIO                          00003FFE
_EXTRC_OSC_CLKOUT                 00003FFF
_EXTRC_OSC_NOCLKOUT               00003FFE
_FCMEN_OFF                        000037FF
_FCMEN_ON                         00003FFF
_FOSC_EC                          00003FFB
_FOSC_EXTRC_CLKOUT                00003FFF
_FOSC_EXTRC_NOCLKOUT              00003FFE
_FOSC_HS                          00003FFA
_FOSC_INTRC_CLKOUT                00003FFD
_FOSC_INTRC_NOCLKOUT              00003FFC
_FOSC_LP                          00003FF8
_FOSC_XT                          00003FF9
_HS_OSC                           00003FFA
_IDLOC0                           00002000
_IDLOC1                           00002001
_IDLOC2                           00002002
_IDLOC3                           00002003
_IESO_OFF                         00003BFF
_IESO_ON                          00003FFF
_INTOSC                           00003FFD
_INTOSCIO                         00003FFC
_INTRC_OSC_CLKOUT                 00003FFD
_INTRC_OSC_NOCLKOUT               00003FFC
_LP_OSC                           00003FF8
_LVP_OFF                          00002FFF
_LVP_ON                           00003FFF
_MCLRE_OFF                        00003FDF
_MCLRE_ON                         00003FFF
_PWRTE_OFF                        00003FFF
_PWRTE_ON                         00003FEF
_WDTE_OFF                         00003FF7
_WDTE_ON                          00003FFF
_WDT_OFF                          00003FF7
_WDT_ON                           00003FFF
_WRT_1FOURTH                      00003BFF
_WRT_256                          00003DFF
_WRT_HALF                         000039FF
_WRT_OFF                          00003FFF
_XT_OSC                           00003FF9
__16F887                          00000001
MPASM 5.84  OBLIGATORIO - PARTE 5 - INVESTIG   11-22-2019  18:57:20         PAGE 22


SYMBOL TABLE
  LABEL                             VALUE 

cargar_contexto                   00000111
configuracion_inicial             0000000C
dividir                           000000E7
encender_rgb_1                    0000002A
encender_rgb_2                    00000039
encender_rgb_3                    00000048
encender_unicamente_amarillo      000000A9
encender_unicamente_azul          000000A5
encender_unicamente_rojo          000000A1
encender_unicamente_verde         0000009D
esperar                           00000097
guardar_contexto                  0000010B
interrupt                         00000009
loop_dividir                      000000EC
main                              00000005
mainloop                          00000006
multiplicar                       000000D0
multiplicar_loop                  000000DC
obtener_rgb                       0000004B
parpadear_luces_rgb               00000081
realizar_conversion               00000101
regla_de_tres                     000000B3
restar_dividir                    000000F8

Errors   :     0
Warnings :    10 reported,     0 suppressed
Messages :     7 reported,     0 suppressed

